15:43:38: Creating resource group General
15:43:38: Creating resource group Internal
15:43:38: Creating resource group Autodetect
15:43:38: SceneManagerFactory for type 'DefaultSceneManager' registered.
15:43:38: Registering ResourceManager for type Material
15:43:38: Registering ResourceManager for type Mesh
15:43:38: Registering ResourceManager for type Skeleton
15:43:38: MovableObjectFactory for type 'ParticleSystem' registered.
15:43:38: OverlayElementFactory for type Panel registered.
15:43:38: OverlayElementFactory for type BorderPanel registered.
15:43:38: OverlayElementFactory for type TextArea registered.
15:43:38: Registering ResourceManager for type Font
15:43:38: ArchiveFactory for archive type FileSystem registered.
15:43:38: ArchiveFactory for archive type Zip registered.
15:43:38: DDS codec registering
15:43:38: FreeImage version: 3.14.1
15:43:38: This program uses FreeImage, a free, open source image library supporting all common bitmap formats. See http://freeimage.sourceforge.net for details
15:43:38: Supported formats: bmp,ico,jpg,jif,jpeg,jpe,jng,koa,iff,lbm,mng,pbm,pbm,pcd,pcx,pgm,pgm,png,ppm,ppm,ras,tga,targa,tif,tiff,wap,wbmp,wbm,psd,cut,xbm,xpm,gif,hdr,g3,sgi,exr,j2k,j2c,jp2,pfm,pct,pict,pic,bay,bmq,cr2,crw,cs1,dc2,dcr,dng,erf,fff,hdr,k25,kdc,mdc,mos,mrw,nef,orf,pef,pxn,raf,raw,rdc,sr2,srf,arw,3fr,cine,ia,kc2,mef,nrw,qtk,rw2,sti,drf,dsc,ptx,cap,iiq,rwz
15:43:38: Registering ResourceManager for type HighLevelGpuProgram
15:43:38: Registering ResourceManager for type Compositor
15:43:38: MovableObjectFactory for type 'Entity' registered.
15:43:38: MovableObjectFactory for type 'Light' registered.
15:43:38: MovableObjectFactory for type 'BillboardSet' registered.
15:43:38: MovableObjectFactory for type 'ManualObject' registered.
15:43:38: MovableObjectFactory for type 'BillboardChain' registered.
15:43:38: MovableObjectFactory for type 'RibbonTrail' registered.
15:43:38: Loading library /usr/lib/OGRE/RenderSystem_GL
15:43:38: Installing plugin: GL RenderSystem
15:43:38: OpenGL Rendering Subsystem created.
15:43:38: Plugin successfully installed
15:43:38: Loading library /usr/lib/OGRE/Plugin_OctreeSceneManager
15:43:38: Installing plugin: Octree & Terrain Scene Manager
15:43:38: Plugin successfully installed
15:43:38: Loading library /usr/lib/OGRE/Plugin_ParticleFX
15:43:38: Installing plugin: ParticleFX
15:43:38: Particle Emitter Type 'Point' registered
15:43:38: Particle Emitter Type 'Box' registered
15:43:38: Particle Emitter Type 'Ellipsoid' registered
15:43:38: Particle Emitter Type 'Cylinder' registered
15:43:38: Particle Emitter Type 'Ring' registered
15:43:38: Particle Emitter Type 'HollowEllipsoid' registered
15:43:38: Particle Affector Type 'LinearForce' registered
15:43:38: Particle Affector Type 'ColourFader' registered
15:43:38: Particle Affector Type 'ColourFader2' registered
15:43:38: Particle Affector Type 'ColourImage' registered
15:43:38: Particle Affector Type 'ColourInterpolator' registered
15:43:38: Particle Affector Type 'Scaler' registered
15:43:38: Particle Affector Type 'Rotator' registered
15:43:38: Particle Affector Type 'DirectionRandomiser' registered
15:43:38: Particle Affector Type 'DeflectorPlane' registered
15:43:38: Plugin successfully installed
15:43:38: Loading library /usr/lib/OGRE/Plugin_BSPSceneManager
15:43:38: Installing plugin: BSP Scene Manager
15:43:38: Plugin successfully installed
15:43:38: Loading library /usr/lib/OGRE/Plugin_CgProgramManager
15:43:38: Installing plugin: Cg Program Manager
15:43:38: Plugin successfully installed
15:43:38: *-*-* OGRE Initialising
15:43:38: *-*-* Version 1.7.2 (Cthugha)
15:43:38: Creating resource group Essential
15:43:38: Added resource location '/usr/share/OGRE/media/thumbnails' of type 'FileSystem' to resource group 'Essential'
15:43:38: Added resource location '/usr/share/OGRE/media/packs/SdkTrays.zip' of type 'Zip' to resource group 'Essential'
15:43:38: Added resource location '/usr/share/OGRE/media' of type 'FileSystem' to resource group 'General'
15:43:38: Creating resource group Popular
15:43:38: Added resource location '/usr/share/OGRE/media/materials/programs' of type 'FileSystem' to resource group 'Popular'
15:43:38: Added resource location '/usr/share/OGRE/media/materials/scripts' of type 'FileSystem' to resource group 'Popular'
15:43:38: Added resource location '/usr/share/OGRE/media/materials/textures' of type 'FileSystem' to resource group 'Popular'
15:43:38: Added resource location '/usr/share/OGRE/media/materials/textures/nvidia' of type 'FileSystem' to resource group 'Popular'
15:43:38: Added resource location '/usr/share/OGRE/media/models' of type 'FileSystem' to resource group 'Popular'
15:43:38: CPU Identifier & Features
15:43:38: -------------------------
15:43:38:  *   CPU ID: GenuineIntel: Intel(R) Core(TM) i7 CPU       M 620  @ 2.67GHz
15:43:38:  *      SSE: yes
15:43:38:  *     SSE2: yes
15:43:38:  *     SSE3: yes
15:43:38:  *      MMX: yes
15:43:38:  *   MMXEXT: yes
15:43:38:  *    3DNOW: no
15:43:38:  * 3DNOWEXT: no
15:43:38:  *     CMOV: yes
15:43:38:  *      TSC: yes
15:43:38:  *      FPU: yes
15:43:38:  *      PRO: yes
15:43:38:  *       HT: no
15:43:38: -------------------------
15:43:38: ******************************
*** Starting GLX Subsystem ***
******************************
15:43:38: GLRenderSystem::_createRenderWindow "OGRE Render Window", 640x480 windowed  miscParams: FSAA=0 displayFrequency=60 MHz gamma=No vsync=Yes 
15:43:38: GLXWindow::create used FBConfigID = 118
15:43:38: GL_VERSION = 2.1 Mesa 7.9-devel
15:43:38: GL_VENDOR = Tungsten Graphics, Inc
15:43:38: GL_RENDERER = Mesa DRI Intel(R) Ironlake Mobile GEM 20100330 DEVELOPMENT 
15:43:38: GL_EXTENSIONS = GL_ARB_copy_buffer GL_ARB_depth_clamp GL_ARB_depth_texture GL_ARB_draw_buffers GL_ARB_draw_elements_base_vertex GL_ARB_fragment_coord_conventions GL_ARB_fragment_program GL_ARB_fragment_program_shadow GL_ARB_fragment_shader GL_ARB_framebuffer_object GL_ARB_half_float_pixel GL_ARB_half_float_vertex GL_ARB_map_buffer_range GL_ARB_multisample GL_ARB_multitexture GL_ARB_occlusion_query GL_ARB_pixel_buffer_object GL_ARB_point_parameters GL_ARB_point_sprite GL_ARB_provoking_vertex GL_ARB_seamless_cube_map GL_ARB_shader_objects GL_ARB_shading_language_100 GL_ARB_shadow GL_ARB_sync GL_ARB_texture_border_clamp GL_ARB_texture_compression GL_ARB_texture_cube_map GL_ARB_texture_env_add GL_ARB_texture_env_combine GL_ARB_texture_env_crossbar GL_ARB_texture_env_dot3 GL_ARB_texture_mirrored_repeat GL_ARB_texture_non_power_of_two GL_ARB_texture_rectangle GL_ARB_texture_swizzle GL_ARB_transpose_matrix GL_ARB_vertex_array_bgra GL_ARB_vertex_array_object GL_ARB_vertex_buffer_object GL_ARB_vertex_program GL_ARB_vertex_shader GL_ARB_window_pos GL_EXT_abgr GL_EXT_bgra GL_EXT_blend_color GL_EXT_blend_equation_separate GL_EXT_blend_func_separate GL_EXT_blend_logic_op GL_EXT_blend_minmax GL_EXT_blend_subtract GL_EXT_cull_vertex GL_EXT_compiled_vertex_array GL_EXT_copy_texture GL_EXT_draw_buffers2 GL_EXT_draw_range_elements GL_EXT_framebuffer_blit GL_EXT_framebuffer_multisample GL_EXT_framebuffer_object GL_EXT_fog_coord GL_EXT_gpu_program_parameters GL_EXT_multi_draw_arrays GL_EXT_packed_depth_stencil GL_EXT_packed_pixels GL_EXT_pixel_buffer_object GL_EXT_point_parameters GL_EXT_polygon_offset GL_EXT_provoking_vertex GL_EXT_rescale_normal GL_EXT_secondary_color GL_EXT_separate_specular_color GL_EXT_shadow_funcs GL_EXT_stencil_two_side GL_EXT_stencil_wrap GL_EXT_subtexture GL_EXT_texture GL_EXT_texture3D GL_EXT_texture_compression_s3tc GL_EXT_texture_cube_map GL_EXT_texture_edge_clamp GL_EXT_texture_env_add GL_EXT_texture_env_combine GL_EXT_texture_env_dot3 GL_EXT_texture_filter_anisotropic GL_EXT_texture_lod_bias GL_EXT_texture_object GL_EXT_texture_rectangle GL_EXT_texture_sRGB GL_EXT_texture_swizzle GL_EXT_timer_query GL_EXT_vertex_array GL_EXT_vertex_array_bgra GL_3DFX_texture_compression_FXT1 GL_APPLE_client_storage GL_APPLE_packed_pixels GL_APPLE_vertex_array_object GL_APPLE_object_purgeable GL_ATI_blend_equation_separate GL_ATI_envmap_bumpmap GL_ATI_texture_env_combine3 GL_ATI_separate_stencil GL_IBM_multimode_draw_arrays GL_IBM_rasterpos_clip GL_IBM_texture_mirrored_repeat GL_INGR_blend_func_separate GL_MESA_pack_invert GL_MESA_texture_signed_rgba GL_MESA_ycbcr_texture GL_MESA_window_pos GL_NV_blend_square GL_NV_depth_clamp GL_NV_light_max_exponent GL_NV_packed_depth_stencil GL_NV_texgen_reflection GL_NV_texture_env_combine4 GL_NV_texture_rectangle GL_NV_vertex_program GL_NV_vertex_program1_1 GL_OES_read_format GL_SGIS_generate_mipmap GL_SGIS_texture_border_clamp GL_SGIS_texture_edge_clamp GL_SGIS_texture_lod GL_SUN_multi_draw_arrays GL_OES_EGL_image
15:43:38: Supported GLX extensions: GLX_ARB_get_proc_address GLX_ARB_multisample GLX_EXT_import_context GLX_EXT_visual_info GLX_EXT_visual_rating GLX_MESA_copy_sub_buffer GLX_MESA_swap_control GLX_OML_swap_method GLX_OML_sync_control GLX_SGI_make_current_read GLX_SGI_swap_control GLX_SGI_video_sync GLX_SGIS_multisample GLX_SGIX_fbconfig GLX_SGIX_pbuffer GLX_SGIX_visual_select_group GLX_EXT_texture_from_pixmap GLX_INTEL_swap_event 
15:43:38: ***************************
15:43:38: *** GL Renderer Started ***
15:43:38: ***************************
15:43:38: Registering ResourceManager for type GpuProgram
15:43:38: GLSL support detected
15:43:38: GL: Using framebuffer copy for rendering to textures (worst)
15:43:38: GL: Warning: RenderTexture size is restricted to size of framebuffer. If you are on Linux, consider using GLX instead of SDL.
15:43:38: RenderSystem capabilities
15:43:38: -------------------------
15:43:38: RenderSystem Name: OpenGL Rendering Subsystem
15:43:38: GPU Vendor: unknown
15:43:38: Device Name: Mesa DRI Intel(R) Ironlake Mobile GEM 20100330 DEVELOPMENT 
15:43:38: Driver Version: 2.1.0.0
15:43:38:  * Fixed function pipeline: yes
15:43:38:  * Hardware generation of mipmaps: yes
15:43:38:  * Texture blending: yes
15:43:38:  * Anisotropic texture filtering: yes
15:43:38:  * Dot product texture operation: yes
15:43:38:  * Cube mapping: yes
15:43:38:  * Hardware stencil buffer: yes
15:43:38:    - Stencil depth: 8
15:43:38:    - Two sided stencil support: yes
15:43:38:    - Wrap stencil values: yes
15:43:38:  * Hardware vertex / index buffers: yes
15:43:38:  * Vertex programs: yes
15:43:38:  * Number of floating-point constants for vertex programs: 1024
15:43:38:  * Number of integer constants for vertex programs: 0
15:43:38:  * Number of boolean constants for vertex programs: 0
15:43:38:  * Fragment programs: yes
15:43:38:  * Number of floating-point constants for fragment programs: 1024
15:43:38:  * Number of integer constants for fragment programs: 0
15:43:38:  * Number of boolean constants for fragment programs: 0
15:43:38:  * Geometry programs: no
15:43:38:  * Number of floating-point constants for geometry programs: 0
15:43:38:  * Number of integer constants for geometry programs: 0
15:43:38:  * Number of boolean constants for geometry programs: 0
15:43:38:  * Supported Shader Profiles: arbfp1 arbvp1 glsl
15:43:38:  * Texture Compression: yes
15:43:38:    - DXT: yes
15:43:38:    - VTC: no
15:43:38:    - PVRTC: no
15:43:38:  * Scissor Rectangle: yes
15:43:38:  * Hardware Occlusion Query: yes
15:43:38:  * User clip planes: yes
15:43:38:  * VET_UBYTE4 vertex element type: yes
15:43:38:  * Infinite far plane projection: yes
15:43:38:  * Hardware render-to-texture: yes
15:43:38:  * Floating point textures: no
15:43:38:  * Non-power-of-two textures: yes
15:43:38:  * Volume textures: yes
15:43:38:  * Multiple Render Targets: 1
15:43:38:    - With different bit depths: yes
15:43:38:  * Point Sprites: yes
15:43:38:  * Extended point parameters: yes
15:43:38:  * Max Point Size: 255
15:43:38:  * Vertex texture fetch: no
15:43:38:  * Number of world matrices: 0
15:43:38:  * Number of texture units: 16
15:43:38:  * Stencil buffer depth: 8
15:43:38:  * Number of vertex blend matrices: 0
15:43:38:  * Render to Vertex Buffer : no
15:43:38:  * GL 1.5 without VBO workaround: no
15:43:38:  * Frame Buffer objects: yes
15:43:38:  * Frame Buffer objects (ARB extension): no
15:43:38:  * Frame Buffer objects (ATI extension): no
15:43:38:  * PBuffer support: yes
15:43:38:  * GL 1.5 without HW-occlusion workaround: no
15:43:38: Registering ResourceManager for type Texture
15:43:38: DefaultWorkQueue('Root') initialising on thread 0xd0c7d0.
15:43:38: DefaultWorkQueue('Root')::WorkerFunc - thread 0xddbd90 starting.
15:43:38: DefaultWorkQueue('Root')::WorkerFunc - thread 0x11388d0 starting.
15:43:38: DefaultWorkQueue('Root')::WorkerFunc - thread 0x1138b40 starting.
15:43:38: DefaultWorkQueue('Root')::WorkerFunc - thread 0x1138430 starting.
15:43:38: Particle Renderer Type 'billboard' registered
15:43:38: SceneManagerFactory for type 'OctreeSceneManager' registered.
15:43:38: SceneManagerFactory for type 'TerrainSceneManager' registered.
15:43:38: SceneManagerFactory for type 'BspSceneManager' registered.
15:43:38: Registering ResourceManager for type BspLevel
15:43:38: Parsing scripts for resource group Autodetect
15:43:38: Finished parsing scripts for resource group Autodetect
15:43:38: Parsing scripts for resource group Essential
15:43:38: Parsing script SdkTrays.material
15:43:38: Parsing script SdkTrays.fontdef
15:43:38: Parsing script SdkTrays.overlay
15:43:38: Bad element attribute line: '# you can offset the image to change the cursor "hotspot"' for element SdkTrays/Cursor in overlay 
15:43:38: Texture: sdk_cursor.png: Loading 1 faces(PF_A8R8G8B8,32x32x1) with 5 hardware generated mipmaps from Image. Internal format is PF_A8R8G8B8,32x32x1.
15:43:38: Texture: sdk_tray.png: Loading 1 faces(PF_A8R8G8B8,64x64x1) with 5 hardware generated mipmaps from Image. Internal format is PF_A8R8G8B8,64x64x1.
15:43:38: Texture: sdk_button_up.png: Loading 1 faces(PF_A8R8G8B8,128x32x1) with 5 hardware generated mipmaps from Image. Internal format is PF_A8R8G8B8,128x32x1.
15:43:38: Texture: sdk_text_box.png: Loading 1 faces(PF_A8R8G8B8,32x32x1) with 5 hardware generated mipmaps from Image. Internal format is PF_A8R8G8B8,32x32x1.
15:43:38: Texture: sdk_mini_tray.png: Loading 1 faces(PF_A8R8G8B8,32x32x1) with 5 hardware generated mipmaps from Image. Internal format is PF_A8R8G8B8,32x32x1.
15:43:38: Texture: sdk_track.png: Loading 1 faces(PF_A8R8G8B8,16x32x1) with 5 hardware generated mipmaps from Image. Internal format is PF_A8R8G8B8,16x32x1.
15:43:38: Texture: sdk_handle.png: Loading 1 faces(PF_A8R8G8B8,16x16x1) with 4 hardware generated mipmaps from Image. Internal format is PF_A8R8G8B8,16x16x1.
15:43:38: Texture: sdk_mini_text_box.png: Loading 1 faces(PF_A8R8G8B8,32x32x1) with 5 hardware generated mipmaps from Image. Internal format is PF_A8R8G8B8,32x32x1.
15:43:38: Texture: sdk_label.png: Loading 1 faces(PF_A8R8G8B8,32x32x1) with 5 hardware generated mipmaps from Image. Internal format is PF_A8R8G8B8,32x32x1.
15:43:38: Texture: sdk_separator.png: Loading 1 faces(PF_A8R8G8B8,64x16x1) with 5 hardware generated mipmaps from Image. Internal format is PF_A8R8G8B8,64x16x1.
15:43:38: Texture: sdk_logo.png: Loading 1 faces(PF_A8R8G8B8,128x64x1) with 5 hardware generated mipmaps from Image. Internal format is PF_A8R8G8B8,128x64x1.
15:43:38: Texture: sdk_shade.png: Loading 1 faces(PF_A8R8G8B8,64x48x1) with 5 hardware generated mipmaps from Image. Internal format is PF_A8R8G8B8,64x48x1.
15:43:38: Texture: sdk_frame.png: Loading 1 faces(PF_A8R8G8B8,32x32x1) with 5 hardware generated mipmaps from Image. Internal format is PF_A8R8G8B8,32x32x1.
15:43:38: Texture: sdk_mini_text_box_over.png: Loading 1 faces(PF_A8R8G8B8,32x32x1) with 5 hardware generated mipmaps from Image. Internal format is PF_A8R8G8B8,32x32x1.
15:43:38: Texture: sdk_pulse.png: Loading 1 faces(PF_R8G8B8,8x1x1) with 3 hardware generated mipmaps from Image. Internal format is PF_X8R8G8B8,8x1x1.
15:43:38: Finished parsing scripts for resource group Essential
15:43:38: Parsing scripts for resource group General
15:43:38: Finished parsing scripts for resource group General
15:43:38: Parsing scripts for resource group Internal
15:43:38: Finished parsing scripts for resource group Internal
15:43:38: Parsing scripts for resource group Popular
15:43:38: Parsing script StdQuad_vp.program
15:43:38: Parsing script Examples.program
15:43:38: GLSL compiled : Ogre/BasicVertexPrograms/AmbientOneTextureGLSL
15:43:38: GLSL compiled : Ogre/HardwareSkinningTwoWeightsGLSL
15:43:38: OGRE EXCEPTION(2:InvalidParametersException): Parameter called ambient does not exist.  in GpuProgramParameters::_findNamedConstantDefinition at /build/buildd/ogre-1.7.2/OgreMain/src/OgreGpuProgramParams.cpp (line 1433)
15:43:38: Compiler error: invalid parameters in Examples.program(130): setting of constant failed
15:43:38: Parsing script ASMSwizzle.material
15:43:38: Compiler error: object unsupported by render system in ASMSwizzle.material(1)
15:43:38: Parsing script Invert.material
15:43:38: Parsing script OldTV.material
15:43:38: Parsing script MotionBlur.material
15:43:38: Parsing script Halftone.material
15:43:38: Parsing script SharpenEdges.material
15:43:38: Parsing script MRTtest.material
15:43:38: GLSL compiled : Ogre/MRTtest/scenefp/GLSL
15:43:38: GLSL compiled : Ogre/MRTtest/quadfp/GLSL
15:43:38: GLSL compiled : Ogre/Compositor/StdQuad_GLSL_vp
15:43:38: Parsing script IsoSurf.material
15:43:38: Parsing script GLSLSwizzle.material
15:43:38: Cannot compile GLSL high-level shader : Ogre/GPTest/Swizzle_GP_GLSL 0:2(12): warning: extension `GL_EXT_geometry_shader4' unsupported in geometry shader
0:25(27): error: `gl_VerticesIn' undeclared
0:25(27): error: Operands to relational operators must be scalar and numeric
0:25(27): error: loop condition must be scalar boolean
0:26(14): error: `gl_Position' undeclared
0:26(29): error: `gl_PositionIn' undeclared
0:27(16): error: `gl_FrontColor' undeclared
0:27(16): error: type mismatch
0:0(0): error: function `EmitVertex' undeclared
0:0(0): error: function `EndPrimitive' undeclared
0:32(27): error: `gl_VerticesIn' undeclared
0:32(27): error: Operands to relational operators must be scalar and numeric
0:32(27): error: loop condition must be scalar boolean
0:33(14): error: `gl_Position' undeclared
0:33(29): error: `gl_PositionIn' undeclared
0:34(13): error: `gl_Position' undeclared
0:34(17): error: type mismatch
0:34(30): error: `gl_Position' undeclared
0:34(33): error: type mismatch
0:35(16): error: `gl_FrontColor' undeclared
0:35(16): error: type mismatch
0:0(0): error: function `EmitVertex' undeclared
0:0(0): error: function `EndPrimitive' undeclared

15:43:38: OGRE EXCEPTION(7:InternalErrorException): Cannot compile GLSL high-level shader : Ogre/GPTest/Swizzle_GP_GLSL Cannot compile GLSL high-level shader : Ogre/GPTest/Swizzle_GP_GLSL 0:2(12): warning: extension `GL_EXT_geometry_shader4' unsupported in geometry shader
0:25(27): error: `gl_VerticesIn' undeclared
0:25(27): error: Operands to relational operators must be scalar and numeric
0:25(27): error: loop condition must be scalar boolean
0:26(14): error: `gl_Position' undeclared
0:26(29): error: `gl_PositionIn' undeclared
0:27(16): error: `gl_FrontColor' undeclared
0:27(16): error: type mismatch
0:0(0): error: function `EmitVertex' undeclared
0:0(0): error: function `EndPrimitive' undeclared
0:32(27): error: `gl_VerticesIn' undeclared
0:32(27): error: Operands to relational operators must be scalar and numeric
0:32(27): error: loop condition must be scalar boolean
0:33(14): error: `gl_Position' undeclared
0:33(29): error: `gl_PositionIn' undeclared
0:34(13): error: `gl_Position' undeclared
0:34(17): error: type mismatch
0:34(30): error: `gl_Position' undeclared
0:34(33): error: type mismatch
0:35(16): error: `gl_FrontColor' undeclared
0:35(16): error: type mismatch
0:0(0): error: function `EmitVertex' undeclared
0:0(0): error: function `EndPrimitive' undeclared
 in GLSLProgram::compile at /build/buildd/ogre-1.7.2/RenderSystems/GL/src/GLSL/src/OgreGLSLExtSupport.cpp (line 65)
15:43:38: High-level program Ogre/GPTest/Swizzle_GP_GLSL encountered an error during loading and is thus not supported.
OGRE EXCEPTION(7:InternalErrorException): Cannot compile GLSL high-level shader : Ogre/GPTest/Swizzle_GP_GLSL Cannot compile GLSL high-level shader : Ogre/GPTest/Swizzle_GP_GLSL 0:2(12): warning: extension `GL_EXT_geometry_shader4' unsupported in geometry shader
0:25(27): error: `gl_VerticesIn' undeclared
0:25(27): error: Operands to relational operators must be scalar and numeric
0:25(27): error: loop condition must be scalar boolean
0:26(14): error: `gl_Position' undeclared
0:26(29): error: `gl_PositionIn' undeclared
0:27(16): error: `gl_FrontColor' undeclared
0:27(16): error: type mismatch
0:0(0): error: function `EmitVertex' undeclared
0:0(0): error: function `EndPrimitive' undeclared
0:32(27): error: `gl_VerticesIn' undeclared
0:32(27): error: Operands to relational operators must be scalar and numeric
0:32(27): error: loop condition must be scalar boolean
0:33(14): error: `gl_Position' undeclared
0:33(29): error: `gl_PositionIn' undeclared
0:34(13): error: `gl_Position' undeclared
0:34(17): error: type mismatch
0:34(30): error: `gl_Position' undeclared
0:34(33): error: type mismatch
0:35(16): error: `gl_FrontColor' undeclared
0:35(16): error: type mismatch
0:0(0): error: function `EmitVertex' undeclared
0:0(0): error: function `EndPrimitive' undeclared
 in GLSLProgram::compile at /build/buildd/ogre-1.7.2/RenderSystems/GL/src/GLSL/src/OgreGLSLExtSupport.cpp (line 65)
15:43:38: OGRE EXCEPTION(2:InvalidParametersException): Named constants have not been initialised, perhaps a compile error. in GpuProgramParameters::_findNamedConstantDefinition at /build/buildd/ogre-1.7.2/OgreMain/src/OgreGpuProgramParams.cpp (line 1423)
15:43:38: Compiler error: invalid parameters in GLSLSwizzle.material(15): setting of constant failed
15:43:38: OGRE EXCEPTION(2:InvalidParametersException): Named constants have not been initialised, perhaps a compile error. in GpuProgramParameters::_findNamedConstantDefinition at /build/buildd/ogre-1.7.2/OgreMain/src/OgreGpuProgramParams.cpp (line 1423)
15:43:38: Compiler error: invalid parameters in GLSLSwizzle.material(16): setting of constant failed
15:43:38: GLSL compiled : Ogre/GPTest/Passthrough_VP_GLSL
15:43:38: Parsing script sibenik.material
15:43:38: Parsing script Hurt.material
15:43:38: Parsing script OldMovie.material
15:43:38: Parsing script Tiling.material
15:43:38: Parsing script CompositorDemo.material
15:43:38: Parsing script Penguin.material
15:43:38: Parsing script Ocean.material
15:43:38: GLSL compiled : GLSL/OceanVS
15:43:38: GLSL compiled : GLSL/OceanFS
15:43:38: GLSL compiled : GLSL/Ocean2VS
15:43:39: GLSL compiled : GLSL/Ocean2FS
15:43:39: Parsing script ASCII.material
15:43:39: Parsing script BlackAndWhite.material
15:43:39: Parsing script ParticleGS.material
15:43:39: Parsing script hdr.material
15:43:39: GLSL compiled : Ogre/Compositor/HDR/downscale2x2LuminenceGLSL_fp
15:43:39: GLSL compiled : Ogre/Compositor/HDR/downscale3x3GLSL_fp
15:43:39: GLSL compiled : Ogre/Compositor/HDR/utils_fp
15:43:39: GLSL compiled : Ogre/Compositor/HDR/downscale3x3brightpassGLSL_fp
15:43:39: GLSL compiled : Ogre/Compositor/HDR/bloomGLSL_fp
15:43:39: GLSL compiled : Ogre/Compositor/HDR/utils_fp
15:43:39: GLSL compiled : Ogre/Compositor/HDR/finaltonemappingGLSL_fp
15:43:39: Parsing script Glass.material
15:43:39: Parsing script Embossed.material
15:43:39: Parsing script HeatVision.material
15:43:39: Parsing script pssm.material
15:43:39: Parsing script Ogre.material
15:43:39: Parsing script ShaderSystem.material
15:43:39: Parsing script Examples.material
15:43:39: OGRE EXCEPTION(2:InvalidParametersException): Parameter called camObjPos does not exist.  in GpuProgramParameters::_findNamedConstantDefinition at /build/buildd/ogre-1.7.2/OgreMain/src/OgreGpuProgramParams.cpp (line 1433)
15:43:39: Compiler error: invalid parameters in Examples.material(837): setting of constant failed
15:43:39: GLSL compiled : Ogre/HardwareSkinningTwoWeightsShadowCasterGLSL
15:43:39: Parsing script Examples-Water.material
15:43:39: Parsing script instancing.material
15:43:39: GLSL compiled : InstancingGLSL
15:43:39: GLSL compiled : InstancingShadowCasterGLSL
15:43:39: GLSL compiled : CrowdGLSL
15:43:39: GLSL compiled : CrowdShadowCasterGLSL
15:43:39: Parsing script Example-Water.material
15:43:39: Parsing script RadialBlur.material
15:43:39: Parsing script Bloom2.material
15:43:39: GLSL compiled : Bloom2_ps20_glsl
15:43:39: Parsing script CGSwizzle.material
15:43:39: Parsing script DOF.material
15:43:39: Parsing script RZR-002.material
15:43:39: Parsing script Examples-Advanced.material
15:43:39: Compiler error: object unsupported by render system in Examples-Advanced.material(383)
15:43:39: Parsing script smoke.material
15:43:39: Parsing script DepthShadowmap.material
15:43:39: GLSL compiled : Ogre/DepthShadowmap/CasterVP_GLSL
15:43:39: GLSL compiled : Ogre/DepthShadowmap/CasterFP_GLSL
15:43:39: GLSL compiled : Ogre/DepthShadowmap/ReceiverVP_GLSL
15:43:39: GLSL compiled : Ogre/DepthShadowmap/ReceiverFP_GLSL
15:43:39: GLSL compiled : Ogre/DepthShadowmap/ReceiverFPPCF_GLSL
15:43:39: GLSL compiled : Ogre/DepthShadowmap/NormalMapReceiverVP_GLSL
15:43:39: GLSL compiled : Ogre/DepthShadowmap/NormalMapReceiverFP_GLSL
15:43:39: GLSL compiled : Ogre/DepthShadowmap/NormalMapReceiverFPPCF_GLSL
15:43:39: Parsing script Dither.material
15:43:39: Parsing script Examples-DynTex.material
15:43:39: Parsing script Bloom.material
15:43:39: GLSL compiled : Blur_ps_glsl
15:43:39: GLSL compiled : Blur0_vs_glsl
15:43:39: GLSL compiled : Blur1_vs_glsl
15:43:39: Parsing script NightVision.material
15:43:39: Parsing script VarianceShadowmap.material
15:43:39: Parsing script OffsetMapping.material
15:43:39: Compiler error: object unsupported by render system in OffsetMapping.material(18)
15:43:39: GLSL compiled : Examples/OffsetMappingIntegratedShadowsFPglsl
15:43:39: GLSL compiled : Examples/OffsetMappingIntegratedShadowsVPglsl
15:43:39: Parsing script facial.material
15:43:39: Parsing script Posterize.material
15:43:39: Parsing script Laplace.material
15:43:39: Parsing script shadows.material
15:43:39: Parsing script Examples.compositor
15:43:39: Finished parsing scripts for resource group Popular
15:43:39: Mesh: Loading cube.mesh.
15:43:39: Texture: egyptrockyfull.jpg: Loading 1 faces(PF_R8G8B8,512x512x1) with 5 hardware generated mipmaps from Image. Internal format is PF_X8R8G8B8,512x512x1.
15:43:39: Mesh: Loading penguin.mesh.
15:43:39: Skeleton: Loading penguin.skeleton
15:43:39: WARNING: penguin.mesh is an older format ([MeshSerializer_v1.40]); you should upgrade it as soon as possible using the OgreMeshUpgrade tool.
15:43:39: Texture: penguin.jpg: Loading 1 faces(PF_R8G8B8,512x512x1) with 5 hardware generated mipmaps from Image. Internal format is PF_X8R8G8B8,512x512x1.
15:43:39: Texture: rockwall.tga: Loading 1 faces(PF_R8G8B8,256x256x1) with 5 hardware generated mipmaps from Image. Internal format is PF_X8R8G8B8,256x256x1.
15:43:39: Mesh: Loading sphere.mesh.
15:43:39: Texture: RustySteel.jpg: Loading 1 faces(PF_R8G8B8,256x256x1) with 5 hardware generated mipmaps from Image. Internal format is PF_X8R8G8B8,256x256x1.
15:43:39: Texture: spheremap.png: Loading 1 faces(PF_R8G8B8,256x256x1) with 5 hardware generated mipmaps from Image. Internal format is PF_X8R8G8B8,256x256x1.
15:43:39: Mesh: Loading fish.mesh.
15:43:39: Skeleton: Loading fish.skeleton
15:43:39: Texture: steelhead.png: Loading 1 faces(PF_R8G8B8,256x256x1) with 5 hardware generated mipmaps from Image. Internal format is PF_X8R8G8B8,256x256x1.
15:43:39: WARNING: the mesh 'fish.mesh' includes vertices without bone assignments. Those vertices will transform to wrong position when skeletal animation enabled. To eliminate this, assign at least one bone assignment per vertex on your mesh.
15:43:39: *** Initializing OIS ***
15:43:39: Texture: spot_shadow_fade.png: Loading 1 faces(PF_R8G8B8,128x128x1) with 5 hardware generated mipmaps from Image. Internal format is PF_X8R8G8B8,128x128x1.
15:43:39: OGRE EXCEPTION(5:ItemIdentityException): OverlayElement with name Core/AverageFps not found. in OverlayManager::getOverlayElementImpl at /build/buildd/ogre-1.7.2/OgreMain/src/OgreOverlayManager.cpp (line 621)
15:43:39: OGRE EXCEPTION(5:ItemIdentityException): OverlayElement with name Core/AverageFps not found. in OverlayManager::getOverlayElementImpl at /build/buildd/ogre-1.7.2/OgreMain/src/OgreOverlayManager.cpp (line 621)
15:43:39: OGRE EXCEPTION(5:ItemIdentityException): OverlayElement with name Core/AverageFps not found. in OverlayManager::getOverlayElementImpl at /build/buildd/ogre-1.7.2/OgreMain/src/OgreOverlayManager.cpp (line 621)
15:43:39: OGRE EXCEPTION(5:ItemIdentityException): OverlayElement with name Core/AverageFps not found. in OverlayManager::getOverlayElementImpl at /build/buildd/ogre-1.7.2/OgreMain/src/OgreOverlayManager.cpp (line 621)
15:43:39: OGRE EXCEPTION(5:ItemIdentityException): OverlayElement with name Core/AverageFps not found. in OverlayManager::getOverlayElementImpl at /build/buildd/ogre-1.7.2/OgreMain/src/OgreOverlayManager.cpp (line 621)
15:43:39: OGRE EXCEPTION(5:ItemIdentityException): OverlayElement with name Core/AverageFps not found. in OverlayManager::getOverlayElementImpl at /build/buildd/ogre-1.7.2/OgreMain/src/OgreOverlayManager.cpp (line 621)
15:43:39: OGRE EXCEPTION(5:ItemIdentityException): OverlayElement with name Core/AverageFps not found. in OverlayManager::getOverlayElementImpl at /build/buildd/ogre-1.7.2/OgreMain/src/OgreOverlayManager.cpp (line 621)
15:43:39: OGRE EXCEPTION(5:ItemIdentityException): OverlayElement with name Core/AverageFps not found. in OverlayManager::getOverlayElementImpl at /build/buildd/ogre-1.7.2/OgreMain/src/OgreOverlayManager.cpp (line 621)
15:43:39: OGRE EXCEPTION(5:ItemIdentityException): OverlayElement with name Core/AverageFps not found. in OverlayManager::getOverlayElementImpl at /build/buildd/ogre-1.7.2/OgreMain/src/OgreOverlayManager.cpp (line 621)
15:43:39: OGRE EXCEPTION(5:ItemIdentityException): OverlayElement with name Core/AverageFps not found. in OverlayManager::getOverlayElementImpl at /build/buildd/ogre-1.7.2/OgreMain/src/OgreOverlayManager.cpp (line 621)
15:43:39: OGRE EXCEPTION(5:ItemIdentityException): OverlayElement with name Core/AverageFps not found. in OverlayManager::getOverlayElementImpl at /build/buildd/ogre-1.7.2/OgreMain/src/OgreOverlayManager.cpp (line 621)
15:43:39: OGRE EXCEPTION(5:ItemIdentityException): OverlayElement with name Core/AverageFps not found. in OverlayManager::getOverlayElementImpl at /build/buildd/ogre-1.7.2/OgreMain/src/OgreOverlayManager.cpp (line 621)
15:43:39: OGRE EXCEPTION(5:ItemIdentityException): OverlayElement with name Core/AverageFps not found. in OverlayManager::getOverlayElementImpl at /build/buildd/ogre-1.7.2/OgreMain/src/OgreOverlayManager.cpp (line 621)
15:43:39: OGRE EXCEPTION(5:ItemIdentityException): OverlayElement with name Core/AverageFps not found. in OverlayManager::getOverlayElementImpl at /build/buildd/ogre-1.7.2/OgreMain/src/OgreOverlayManager.cpp (line 621)
15:43:39: OGRE EXCEPTION(5:ItemIdentityException): OverlayElement with name Core/AverageFps not found. in OverlayManager::getOverlayElementImpl at /build/buildd/ogre-1.7.2/OgreMain/src/OgreOverlayManager.cpp (line 621)
15:43:39: OGRE EXCEPTION(5:ItemIdentityException): OverlayElement with name Core/AverageFps not found. in OverlayManager::getOverlayElementImpl at /build/buildd/ogre-1.7.2/OgreMain/src/OgreOverlayManager.cpp (line 621)
15:43:39: OGRE EXCEPTION(5:ItemIdentityException): OverlayElement with name Core/AverageFps not found. in OverlayManager::getOverlayElementImpl at /build/buildd/ogre-1.7.2/OgreMain/src/OgreOverlayManager.cpp (line 621)
15:43:39: OGRE EXCEPTION(5:ItemIdentityException): OverlayElement with name Core/AverageFps not found. in OverlayManager::getOverlayElementImpl at /build/buildd/ogre-1.7.2/OgreMain/src/OgreOverlayManager.cpp (line 621)
15:43:39: OGRE EXCEPTION(5:ItemIdentityException): OverlayElement with name Core/AverageFps not found. in OverlayManager::getOverlayElementImpl at /build/buildd/ogre-1.7.2/OgreMain/src/OgreOverlayManager.cpp (line 621)
15:43:40: OGRE EXCEPTION(5:ItemIdentityException): OverlayElement with name Core/AverageFps not found. in OverlayManager::getOverlayElementImpl at /build/buildd/ogre-1.7.2/OgreMain/src/OgreOverlayManager.cpp (line 621)
15:43:40: OGRE EXCEPTION(5:ItemIdentityException): OverlayElement with name Core/AverageFps not found. in OverlayManager::getOverlayElementImpl at /build/buildd/ogre-1.7.2/OgreMain/src/OgreOverlayManager.cpp (line 621)
15:43:40: OGRE EXCEPTION(5:ItemIdentityException): OverlayElement with name Core/AverageFps not found. in OverlayManager::getOverlayElementImpl at /build/buildd/ogre-1.7.2/OgreMain/src/OgreOverlayManager.cpp (line 621)
15:43:40: OGRE EXCEPTION(5:ItemIdentityException): OverlayElement with name Core/AverageFps not found. in OverlayManager::getOverlayElementImpl at /build/buildd/ogre-1.7.2/OgreMain/src/OgreOverlayManager.cpp (line 621)
15:43:40: OGRE EXCEPTION(5:ItemIdentityException): OverlayElement with name Core/AverageFps not found. in OverlayManager::getOverlayElementImpl at /build/buildd/ogre-1.7.2/OgreMain/src/OgreOverlayManager.cpp (line 621)
15:43:40: OGRE EXCEPTION(5:ItemIdentityException): OverlayElement with name Core/AverageFps not found. in OverlayManager::getOverlayElementImpl at /build/buildd/ogre-1.7.2/OgreMain/src/OgreOverlayManager.cpp (line 621)
15:43:40: OGRE EXCEPTION(5:ItemIdentityException): OverlayElement with name Core/AverageFps not found. in OverlayManager::getOverlayElementImpl at /build/buildd/ogre-1.7.2/OgreMain/src/OgreOverlayManager.cpp (line 621)
15:43:40: OGRE EXCEPTION(5:ItemIdentityException): OverlayElement with name Core/AverageFps not found. in OverlayManager::getOverlayElementImpl at /build/buildd/ogre-1.7.2/OgreMain/src/OgreOverlayManager.cpp (line 621)
15:43:40: OGRE EXCEPTION(5:ItemIdentityException): OverlayElement with name Core/AverageFps not found. in OverlayManager::getOverlayElementImpl at /build/buildd/ogre-1.7.2/OgreMain/src/OgreOverlayManager.cpp (line 621)
15:43:40: OGRE EXCEPTION(5:ItemIdentityException): OverlayElement with name Core/AverageFps not found. in OverlayManager::getOverlayElementImpl at /build/buildd/ogre-1.7.2/OgreMain/src/OgreOverlayManager.cpp (line 621)
15:43:40: OGRE EXCEPTION(5:ItemIdentityException): OverlayElement with name Core/AverageFps not found. in OverlayManager::getOverlayElementImpl at /build/buildd/ogre-1.7.2/OgreMain/src/OgreOverlayManager.cpp (line 621)
15:43:40: OGRE EXCEPTION(5:ItemIdentityException): OverlayElement with name Core/AverageFps not found. in OverlayManager::getOverlayElementImpl at /build/buildd/ogre-1.7.2/OgreMain/src/OgreOverlayManager.cpp (line 621)
15:43:40: OGRE EXCEPTION(5:ItemIdentityException): OverlayElement with name Core/AverageFps not found. in OverlayManager::getOverlayElementImpl at /build/buildd/ogre-1.7.2/OgreMain/src/OgreOverlayManager.cpp (line 621)
15:43:40: OGRE EXCEPTION(5:ItemIdentityException): OverlayElement with name Core/AverageFps not found. in OverlayManager::getOverlayElementImpl at /build/buildd/ogre-1.7.2/OgreMain/src/OgreOverlayManager.cpp (line 621)
15:43:40: OGRE EXCEPTION(5:ItemIdentityException): OverlayElement with name Core/AverageFps not found. in OverlayManager::getOverlayElementImpl at /build/buildd/ogre-1.7.2/OgreMain/src/OgreOverlayManager.cpp (line 621)
15:43:40: OGRE EXCEPTION(5:ItemIdentityException): OverlayElement with name Core/AverageFps not found. in OverlayManager::getOverlayElementImpl at /build/buildd/ogre-1.7.2/OgreMain/src/OgreOverlayManager.cpp (line 621)
15:43:40: OGRE EXCEPTION(5:ItemIdentityException): OverlayElement with name Core/AverageFps not found. in OverlayManager::getOverlayElementImpl at /build/buildd/ogre-1.7.2/OgreMain/src/OgreOverlayManager.cpp (line 621)
15:43:40: OGRE EXCEPTION(5:ItemIdentityException): OverlayElement with name Core/AverageFps not found. in OverlayManager::getOverlayElementImpl at /build/buildd/ogre-1.7.2/OgreMain/src/OgreOverlayManager.cpp (line 621)
15:43:40: OGRE EXCEPTION(5:ItemIdentityException): OverlayElement with name Core/AverageFps not found. in OverlayManager::getOverlayElementImpl at /build/buildd/ogre-1.7.2/OgreMain/src/OgreOverlayManager.cpp (line 621)
15:43:40: OGRE EXCEPTION(5:ItemIdentityException): OverlayElement with name Core/AverageFps not found. in OverlayManager::getOverlayElementImpl at /build/buildd/ogre-1.7.2/OgreMain/src/OgreOverlayManager.cpp (line 621)
15:43:40: OGRE EXCEPTION(5:ItemIdentityException): OverlayElement with name Core/AverageFps not found. in OverlayManager::getOverlayElementImpl at /build/buildd/ogre-1.7.2/OgreMain/src/OgreOverlayManager.cpp (line 621)
15:43:40: OGRE EXCEPTION(5:ItemIdentityException): OverlayElement with name Core/AverageFps not found. in OverlayManager::getOverlayElementImpl at /build/buildd/ogre-1.7.2/OgreMain/src/OgreOverlayManager.cpp (line 621)
15:43:40: OGRE EXCEPTION(5:ItemIdentityException): OverlayElement with name Core/AverageFps not found. in OverlayManager::getOverlayElementImpl at /build/buildd/ogre-1.7.2/OgreMain/src/OgreOverlayManager.cpp (line 621)
15:43:40: OGRE EXCEPTION(5:ItemIdentityException): OverlayElement with name Core/AverageFps not found. in OverlayManager::getOverlayElementImpl at /build/buildd/ogre-1.7.2/OgreMain/src/OgreOverlayManager.cpp (line 621)
15:43:40: OGRE EXCEPTION(5:ItemIdentityException): OverlayElement with name Core/AverageFps not found. in OverlayManager::getOverlayElementImpl at /build/buildd/ogre-1.7.2/OgreMain/src/OgreOverlayManager.cpp (line 621)
15:43:40: OGRE EXCEPTION(5:ItemIdentityException): OverlayElement with name Core/AverageFps not found. in OverlayManager::getOverlayElementImpl at /build/buildd/ogre-1.7.2/OgreMain/src/OgreOverlayManager.cpp (line 621)
15:43:40: OGRE EXCEPTION(5:ItemIdentityException): OverlayElement with name Core/AverageFps not found. in OverlayManager::getOverlayElementImpl at /build/buildd/ogre-1.7.2/OgreMain/src/OgreOverlayManager.cpp (line 621)
15:43:40: OGRE EXCEPTION(5:ItemIdentityException): OverlayElement with name Core/AverageFps not found. in OverlayManager::getOverlayElementImpl at /build/buildd/ogre-1.7.2/OgreMain/src/OgreOverlayManager.cpp (line 621)
15:43:40: OGRE EXCEPTION(5:ItemIdentityException): OverlayElement with name Core/AverageFps not found. in OverlayManager::getOverlayElementImpl at /build/buildd/ogre-1.7.2/OgreMain/src/OgreOverlayManager.cpp (line 621)
15:43:40: OGRE EXCEPTION(5:ItemIdentityException): OverlayElement with name Core/AverageFps not found. in OverlayManager::getOverlayElementImpl at /build/buildd/ogre-1.7.2/OgreMain/src/OgreOverlayManager.cpp (line 621)
15:43:40: OGRE EXCEPTION(5:ItemIdentityException): OverlayElement with name Core/AverageFps not found. in OverlayManager::getOverlayElementImpl at /build/buildd/ogre-1.7.2/OgreMain/src/OgreOverlayManager.cpp (line 621)
15:43:40: OGRE EXCEPTION(5:ItemIdentityException): OverlayElement with name Core/AverageFps not found. in OverlayManager::getOverlayElementImpl at /build/buildd/ogre-1.7.2/OgreMain/src/OgreOverlayManager.cpp (line 621)
15:43:40: OGRE EXCEPTION(5:ItemIdentityException): OverlayElement with name Core/AverageFps not found. in OverlayManager::getOverlayElementImpl at /build/buildd/ogre-1.7.2/OgreMain/src/OgreOverlayManager.cpp (line 621)
15:43:40: OGRE EXCEPTION(5:ItemIdentityException): OverlayElement with name Core/AverageFps not found. in OverlayManager::getOverlayElementImpl at /build/buildd/ogre-1.7.2/OgreMain/src/OgreOverlayManager.cpp (line 621)
15:43:40: OGRE EXCEPTION(5:ItemIdentityException): OverlayElement with name Core/AverageFps not found. in OverlayManager::getOverlayElementImpl at /build/buildd/ogre-1.7.2/OgreMain/src/OgreOverlayManager.cpp (line 621)
15:43:40: OGRE EXCEPTION(5:ItemIdentityException): OverlayElement with name Core/AverageFps not found. in OverlayManager::getOverlayElementImpl at /build/buildd/ogre-1.7.2/OgreMain/src/OgreOverlayManager.cpp (line 621)
15:43:40: OGRE EXCEPTION(5:ItemIdentityException): OverlayElement with name Core/AverageFps not found. in OverlayManager::getOverlayElementImpl at /build/buildd/ogre-1.7.2/OgreMain/src/OgreOverlayManager.cpp (line 621)
15:43:40: OGRE EXCEPTION(5:ItemIdentityException): OverlayElement with name Core/AverageFps not found. in OverlayManager::getOverlayElementImpl at /build/buildd/ogre-1.7.2/OgreMain/src/OgreOverlayManager.cpp (line 621)
15:43:40: OGRE EXCEPTION(5:ItemIdentityException): OverlayElement with name Core/AverageFps not found. in OverlayManager::getOverlayElementImpl at /build/buildd/ogre-1.7.2/OgreMain/src/OgreOverlayManager.cpp (line 621)
15:43:40: OGRE EXCEPTION(5:ItemIdentityException): OverlayElement with name Core/AverageFps not found. in OverlayManager::getOverlayElementImpl at /build/buildd/ogre-1.7.2/OgreMain/src/OgreOverlayManager.cpp (line 621)
15:43:40: OGRE EXCEPTION(5:ItemIdentityException): OverlayElement with name Core/AverageFps not found. in OverlayManager::getOverlayElementImpl at /build/buildd/ogre-1.7.2/OgreMain/src/OgreOverlayManager.cpp (line 621)
15:43:40: OGRE EXCEPTION(5:ItemIdentityException): OverlayElement with name Core/AverageFps not found. in OverlayManager::getOverlayElementImpl at /build/buildd/ogre-1.7.2/OgreMain/src/OgreOverlayManager.cpp (line 621)
15:43:41: OGRE EXCEPTION(5:ItemIdentityException): OverlayElement with name Core/AverageFps not found. in OverlayManager::getOverlayElementImpl at /build/buildd/ogre-1.7.2/OgreMain/src/OgreOverlayManager.cpp (line 621)
15:43:41: OGRE EXCEPTION(5:ItemIdentityException): OverlayElement with name Core/AverageFps not found. in OverlayManager::getOverlayElementImpl at /build/buildd/ogre-1.7.2/OgreMain/src/OgreOverlayManager.cpp (line 621)
15:43:41: OGRE EXCEPTION(5:ItemIdentityException): OverlayElement with name Core/AverageFps not found. in OverlayManager::getOverlayElementImpl at /build/buildd/ogre-1.7.2/OgreMain/src/OgreOverlayManager.cpp (line 621)
15:43:41: OGRE EXCEPTION(5:ItemIdentityException): OverlayElement with name Core/AverageFps not found. in OverlayManager::getOverlayElementImpl at /build/buildd/ogre-1.7.2/OgreMain/src/OgreOverlayManager.cpp (line 621)
15:43:41: OGRE EXCEPTION(5:ItemIdentityException): OverlayElement with name Core/AverageFps not found. in OverlayManager::getOverlayElementImpl at /build/buildd/ogre-1.7.2/OgreMain/src/OgreOverlayManager.cpp (line 621)
15:43:41: OGRE EXCEPTION(5:ItemIdentityException): OverlayElement with name Core/AverageFps not found. in OverlayManager::getOverlayElementImpl at /build/buildd/ogre-1.7.2/OgreMain/src/OgreOverlayManager.cpp (line 621)
15:43:41: OGRE EXCEPTION(5:ItemIdentityException): OverlayElement with name Core/AverageFps not found. in OverlayManager::getOverlayElementImpl at /build/buildd/ogre-1.7.2/OgreMain/src/OgreOverlayManager.cpp (line 621)
15:43:41: OGRE EXCEPTION(5:ItemIdentityException): OverlayElement with name Core/AverageFps not found. in OverlayManager::getOverlayElementImpl at /build/buildd/ogre-1.7.2/OgreMain/src/OgreOverlayManager.cpp (line 621)
15:43:41: OGRE EXCEPTION(5:ItemIdentityException): OverlayElement with name Core/AverageFps not found. in OverlayManager::getOverlayElementImpl at /build/buildd/ogre-1.7.2/OgreMain/src/OgreOverlayManager.cpp (line 621)
15:43:41: OGRE EXCEPTION(5:ItemIdentityException): OverlayElement with name Core/AverageFps not found. in OverlayManager::getOverlayElementImpl at /build/buildd/ogre-1.7.2/OgreMain/src/OgreOverlayManager.cpp (line 621)
15:43:41: OGRE EXCEPTION(5:ItemIdentityException): OverlayElement with name Core/AverageFps not found. in OverlayManager::getOverlayElementImpl at /build/buildd/ogre-1.7.2/OgreMain/src/OgreOverlayManager.cpp (line 621)
15:43:41: OGRE EXCEPTION(5:ItemIdentityException): OverlayElement with name Core/AverageFps not found. in OverlayManager::getOverlayElementImpl at /build/buildd/ogre-1.7.2/OgreMain/src/OgreOverlayManager.cpp (line 621)
15:43:41: OGRE EXCEPTION(5:ItemIdentityException): OverlayElement with name Core/AverageFps not found. in OverlayManager::getOverlayElementImpl at /build/buildd/ogre-1.7.2/OgreMain/src/OgreOverlayManager.cpp (line 621)
15:43:41: OGRE EXCEPTION(5:ItemIdentityException): OverlayElement with name Core/AverageFps not found. in OverlayManager::getOverlayElementImpl at /build/buildd/ogre-1.7.2/OgreMain/src/OgreOverlayManager.cpp (line 621)
15:43:41: OGRE EXCEPTION(5:ItemIdentityException): OverlayElement with name Core/AverageFps not found. in OverlayManager::getOverlayElementImpl at /build/buildd/ogre-1.7.2/OgreMain/src/OgreOverlayManager.cpp (line 621)
15:43:41: OGRE EXCEPTION(5:ItemIdentityException): OverlayElement with name Core/AverageFps not found. in OverlayManager::getOverlayElementImpl at /build/buildd/ogre-1.7.2/OgreMain/src/OgreOverlayManager.cpp (line 621)
15:43:41: OGRE EXCEPTION(5:ItemIdentityException): OverlayElement with name Core/AverageFps not found. in OverlayManager::getOverlayElementImpl at /build/buildd/ogre-1.7.2/OgreMain/src/OgreOverlayManager.cpp (line 621)
15:43:41: OGRE EXCEPTION(5:ItemIdentityException): OverlayElement with name Core/AverageFps not found. in OverlayManager::getOverlayElementImpl at /build/buildd/ogre-1.7.2/OgreMain/src/OgreOverlayManager.cpp (line 621)
15:43:41: OGRE EXCEPTION(5:ItemIdentityException): OverlayElement with name Core/AverageFps not found. in OverlayManager::getOverlayElementImpl at /build/buildd/ogre-1.7.2/OgreMain/src/OgreOverlayManager.cpp (line 621)
15:43:41: OGRE EXCEPTION(5:ItemIdentityException): OverlayElement with name Core/AverageFps not found. in OverlayManager::getOverlayElementImpl at /build/buildd/ogre-1.7.2/OgreMain/src/OgreOverlayManager.cpp (line 621)
15:43:41: OGRE EXCEPTION(5:ItemIdentityException): OverlayElement with name Core/AverageFps not found. in OverlayManager::getOverlayElementImpl at /build/buildd/ogre-1.7.2/OgreMain/src/OgreOverlayManager.cpp (line 621)
15:43:41: OGRE EXCEPTION(5:ItemIdentityException): OverlayElement with name Core/AverageFps not found. in OverlayManager::getOverlayElementImpl at /build/buildd/ogre-1.7.2/OgreMain/src/OgreOverlayManager.cpp (line 621)
15:43:41: OGRE EXCEPTION(5:ItemIdentityException): OverlayElement with name Core/AverageFps not found. in OverlayManager::getOverlayElementImpl at /build/buildd/ogre-1.7.2/OgreMain/src/OgreOverlayManager.cpp (line 621)
15:43:41: OGRE EXCEPTION(5:ItemIdentityException): OverlayElement with name Core/AverageFps not found. in OverlayManager::getOverlayElementImpl at /build/buildd/ogre-1.7.2/OgreMain/src/OgreOverlayManager.cpp (line 621)
15:43:41: OGRE EXCEPTION(5:ItemIdentityException): OverlayElement with name Core/AverageFps not found. in OverlayManager::getOverlayElementImpl at /build/buildd/ogre-1.7.2/OgreMain/src/OgreOverlayManager.cpp (line 621)
15:43:41: OGRE EXCEPTION(5:ItemIdentityException): OverlayElement with name Core/AverageFps not found. in OverlayManager::getOverlayElementImpl at /build/buildd/ogre-1.7.2/OgreMain/src/OgreOverlayManager.cpp (line 621)
15:43:41: OGRE EXCEPTION(5:ItemIdentityException): OverlayElement with name Core/AverageFps not found. in OverlayManager::getOverlayElementImpl at /build/buildd/ogre-1.7.2/OgreMain/src/OgreOverlayManager.cpp (line 621)
15:43:41: OGRE EXCEPTION(5:ItemIdentityException): OverlayElement with name Core/AverageFps not found. in OverlayManager::getOverlayElementImpl at /build/buildd/ogre-1.7.2/OgreMain/src/OgreOverlayManager.cpp (line 621)
15:43:41: OGRE EXCEPTION(5:ItemIdentityException): OverlayElement with name Core/AverageFps not found. in OverlayManager::getOverlayElementImpl at /build/buildd/ogre-1.7.2/OgreMain/src/OgreOverlayManager.cpp (line 621)
15:43:41: OGRE EXCEPTION(5:ItemIdentityException): OverlayElement with name Core/AverageFps not found. in OverlayManager::getOverlayElementImpl at /build/buildd/ogre-1.7.2/OgreMain/src/OgreOverlayManager.cpp (line 621)
15:43:41: OGRE EXCEPTION(5:ItemIdentityException): OverlayElement with name Core/AverageFps not found. in OverlayManager::getOverlayElementImpl at /build/buildd/ogre-1.7.2/OgreMain/src/OgreOverlayManager.cpp (line 621)
15:43:41: OGRE EXCEPTION(5:ItemIdentityException): OverlayElement with name Core/AverageFps not found. in OverlayManager::getOverlayElementImpl at /build/buildd/ogre-1.7.2/OgreMain/src/OgreOverlayManager.cpp (line 621)
15:43:41: OGRE EXCEPTION(5:ItemIdentityException): OverlayElement with name Core/AverageFps not found. in OverlayManager::getOverlayElementImpl at /build/buildd/ogre-1.7.2/OgreMain/src/OgreOverlayManager.cpp (line 621)
15:43:41: OGRE EXCEPTION(5:ItemIdentityException): OverlayElement with name Core/AverageFps not found. in OverlayManager::getOverlayElementImpl at /build/buildd/ogre-1.7.2/OgreMain/src/OgreOverlayManager.cpp (line 621)
15:43:41: OGRE EXCEPTION(5:ItemIdentityException): OverlayElement with name Core/AverageFps not found. in OverlayManager::getOverlayElementImpl at /build/buildd/ogre-1.7.2/OgreMain/src/OgreOverlayManager.cpp (line 621)
15:43:41: OGRE EXCEPTION(5:ItemIdentityException): OverlayElement with name Core/AverageFps not found. in OverlayManager::getOverlayElementImpl at /build/buildd/ogre-1.7.2/OgreMain/src/OgreOverlayManager.cpp (line 621)
15:43:41: OGRE EXCEPTION(5:ItemIdentityException): OverlayElement with name Core/AverageFps not found. in OverlayManager::getOverlayElementImpl at /build/buildd/ogre-1.7.2/OgreMain/src/OgreOverlayManager.cpp (line 621)
15:43:41: OGRE EXCEPTION(5:ItemIdentityException): OverlayElement with name Core/AverageFps not found. in OverlayManager::getOverlayElementImpl at /build/buildd/ogre-1.7.2/OgreMain/src/OgreOverlayManager.cpp (line 621)
15:43:41: OGRE EXCEPTION(5:ItemIdentityException): OverlayElement with name Core/AverageFps not found. in OverlayManager::getOverlayElementImpl at /build/buildd/ogre-1.7.2/OgreMain/src/OgreOverlayManager.cpp (line 621)
15:43:42: OGRE EXCEPTION(5:ItemIdentityException): OverlayElement with name Core/AverageFps not found. in OverlayManager::getOverlayElementImpl at /build/buildd/ogre-1.7.2/OgreMain/src/OgreOverlayManager.cpp (line 621)
15:43:42: OGRE EXCEPTION(5:ItemIdentityException): OverlayElement with name Core/AverageFps not found. in OverlayManager::getOverlayElementImpl at /build/buildd/ogre-1.7.2/OgreMain/src/OgreOverlayManager.cpp (line 621)
15:43:42: OGRE EXCEPTION(5:ItemIdentityException): OverlayElement with name Core/AverageFps not found. in OverlayManager::getOverlayElementImpl at /build/buildd/ogre-1.7.2/OgreMain/src/OgreOverlayManager.cpp (line 621)
15:43:42: OGRE EXCEPTION(5:ItemIdentityException): OverlayElement with name Core/AverageFps not found. in OverlayManager::getOverlayElementImpl at /build/buildd/ogre-1.7.2/OgreMain/src/OgreOverlayManager.cpp (line 621)
15:43:42: OGRE EXCEPTION(5:ItemIdentityException): OverlayElement with name Core/AverageFps not found. in OverlayManager::getOverlayElementImpl at /build/buildd/ogre-1.7.2/OgreMain/src/OgreOverlayManager.cpp (line 621)
15:43:42: OGRE EXCEPTION(5:ItemIdentityException): OverlayElement with name Core/AverageFps not found. in OverlayManager::getOverlayElementImpl at /build/buildd/ogre-1.7.2/OgreMain/src/OgreOverlayManager.cpp (line 621)
15:43:42: OGRE EXCEPTION(5:ItemIdentityException): OverlayElement with name Core/AverageFps not found. in OverlayManager::getOverlayElementImpl at /build/buildd/ogre-1.7.2/OgreMain/src/OgreOverlayManager.cpp (line 621)
15:43:42: OGRE EXCEPTION(5:ItemIdentityException): OverlayElement with name Core/AverageFps not found. in OverlayManager::getOverlayElementImpl at /build/buildd/ogre-1.7.2/OgreMain/src/OgreOverlayManager.cpp (line 621)
15:43:42: OGRE EXCEPTION(5:ItemIdentityException): OverlayElement with name Core/AverageFps not found. in OverlayManager::getOverlayElementImpl at /build/buildd/ogre-1.7.2/OgreMain/src/OgreOverlayManager.cpp (line 621)
15:43:42: OGRE EXCEPTION(5:ItemIdentityException): OverlayElement with name Core/AverageFps not found. in OverlayManager::getOverlayElementImpl at /build/buildd/ogre-1.7.2/OgreMain/src/OgreOverlayManager.cpp (line 621)
15:43:42: OGRE EXCEPTION(5:ItemIdentityException): OverlayElement with name Core/AverageFps not found. in OverlayManager::getOverlayElementImpl at /build/buildd/ogre-1.7.2/OgreMain/src/OgreOverlayManager.cpp (line 621)
15:43:42: OGRE EXCEPTION(5:ItemIdentityException): OverlayElement with name Core/AverageFps not found. in OverlayManager::getOverlayElementImpl at /build/buildd/ogre-1.7.2/OgreMain/src/OgreOverlayManager.cpp (line 621)
15:43:42: OGRE EXCEPTION(5:ItemIdentityException): OverlayElement with name Core/AverageFps not found. in OverlayManager::getOverlayElementImpl at /build/buildd/ogre-1.7.2/OgreMain/src/OgreOverlayManager.cpp (line 621)
15:43:42: OGRE EXCEPTION(5:ItemIdentityException): OverlayElement with name Core/AverageFps not found. in OverlayManager::getOverlayElementImpl at /build/buildd/ogre-1.7.2/OgreMain/src/OgreOverlayManager.cpp (line 621)
15:43:42: OGRE EXCEPTION(5:ItemIdentityException): OverlayElement with name Core/AverageFps not found. in OverlayManager::getOverlayElementImpl at /build/buildd/ogre-1.7.2/OgreMain/src/OgreOverlayManager.cpp (line 621)
15:43:42: OGRE EXCEPTION(5:ItemIdentityException): OverlayElement with name Core/AverageFps not found. in OverlayManager::getOverlayElementImpl at /build/buildd/ogre-1.7.2/OgreMain/src/OgreOverlayManager.cpp (line 621)
15:43:42: OGRE EXCEPTION(5:ItemIdentityException): OverlayElement with name Core/AverageFps not found. in OverlayManager::getOverlayElementImpl at /build/buildd/ogre-1.7.2/OgreMain/src/OgreOverlayManager.cpp (line 621)
15:43:42: OGRE EXCEPTION(5:ItemIdentityException): OverlayElement with name Core/AverageFps not found. in OverlayManager::getOverlayElementImpl at /build/buildd/ogre-1.7.2/OgreMain/src/OgreOverlayManager.cpp (line 621)
15:43:42: OGRE EXCEPTION(5:ItemIdentityException): OverlayElement with name Core/AverageFps not found. in OverlayManager::getOverlayElementImpl at /build/buildd/ogre-1.7.2/OgreMain/src/OgreOverlayManager.cpp (line 621)
15:43:42: OGRE EXCEPTION(5:ItemIdentityException): OverlayElement with name Core/AverageFps not found. in OverlayManager::getOverlayElementImpl at /build/buildd/ogre-1.7.2/OgreMain/src/OgreOverlayManager.cpp (line 621)
15:43:42: OGRE EXCEPTION(5:ItemIdentityException): OverlayElement with name Core/AverageFps not found. in OverlayManager::getOverlayElementImpl at /build/buildd/ogre-1.7.2/OgreMain/src/OgreOverlayManager.cpp (line 621)
15:43:42: OGRE EXCEPTION(5:ItemIdentityException): OverlayElement with name Core/AverageFps not found. in OverlayManager::getOverlayElementImpl at /build/buildd/ogre-1.7.2/OgreMain/src/OgreOverlayManager.cpp (line 621)
15:43:42: OGRE EXCEPTION(5:ItemIdentityException): OverlayElement with name Core/AverageFps not found. in OverlayManager::getOverlayElementImpl at /build/buildd/ogre-1.7.2/OgreMain/src/OgreOverlayManager.cpp (line 621)
15:43:42: OGRE EXCEPTION(5:ItemIdentityException): OverlayElement with name Core/AverageFps not found. in OverlayManager::getOverlayElementImpl at /build/buildd/ogre-1.7.2/OgreMain/src/OgreOverlayManager.cpp (line 621)
15:43:42: OGRE EXCEPTION(5:ItemIdentityException): OverlayElement with name Core/AverageFps not found. in OverlayManager::getOverlayElementImpl at /build/buildd/ogre-1.7.2/OgreMain/src/OgreOverlayManager.cpp (line 621)
15:43:42: OGRE EXCEPTION(5:ItemIdentityException): OverlayElement with name Core/AverageFps not found. in OverlayManager::getOverlayElementImpl at /build/buildd/ogre-1.7.2/OgreMain/src/OgreOverlayManager.cpp (line 621)
15:43:42: OGRE EXCEPTION(5:ItemIdentityException): OverlayElement with name Core/AverageFps not found. in OverlayManager::getOverlayElementImpl at /build/buildd/ogre-1.7.2/OgreMain/src/OgreOverlayManager.cpp (line 621)
15:43:42: OGRE EXCEPTION(5:ItemIdentityException): OverlayElement with name Core/AverageFps not found. in OverlayManager::getOverlayElementImpl at /build/buildd/ogre-1.7.2/OgreMain/src/OgreOverlayManager.cpp (line 621)
15:43:42: OGRE EXCEPTION(5:ItemIdentityException): OverlayElement with name Core/AverageFps not found. in OverlayManager::getOverlayElementImpl at /build/buildd/ogre-1.7.2/OgreMain/src/OgreOverlayManager.cpp (line 621)
15:43:42: OGRE EXCEPTION(5:ItemIdentityException): OverlayElement with name Core/AverageFps not found. in OverlayManager::getOverlayElementImpl at /build/buildd/ogre-1.7.2/OgreMain/src/OgreOverlayManager.cpp (line 621)
15:43:42: OGRE EXCEPTION(5:ItemIdentityException): OverlayElement with name Core/AverageFps not found. in OverlayManager::getOverlayElementImpl at /build/buildd/ogre-1.7.2/OgreMain/src/OgreOverlayManager.cpp (line 621)
15:43:42: OGRE EXCEPTION(5:ItemIdentityException): OverlayElement with name Core/AverageFps not found. in OverlayManager::getOverlayElementImpl at /build/buildd/ogre-1.7.2/OgreMain/src/OgreOverlayManager.cpp (line 621)
15:43:42: OGRE EXCEPTION(5:ItemIdentityException): OverlayElement with name Core/AverageFps not found. in OverlayManager::getOverlayElementImpl at /build/buildd/ogre-1.7.2/OgreMain/src/OgreOverlayManager.cpp (line 621)
15:43:42: OGRE EXCEPTION(5:ItemIdentityException): OverlayElement with name Core/AverageFps not found. in OverlayManager::getOverlayElementImpl at /build/buildd/ogre-1.7.2/OgreMain/src/OgreOverlayManager.cpp (line 621)
15:43:42: OGRE EXCEPTION(5:ItemIdentityException): OverlayElement with name Core/AverageFps not found. in OverlayManager::getOverlayElementImpl at /build/buildd/ogre-1.7.2/OgreMain/src/OgreOverlayManager.cpp (line 621)
15:43:42: OGRE EXCEPTION(5:ItemIdentityException): OverlayElement with name Core/AverageFps not found. in OverlayManager::getOverlayElementImpl at /build/buildd/ogre-1.7.2/OgreMain/src/OgreOverlayManager.cpp (line 621)
15:43:42: OGRE EXCEPTION(5:ItemIdentityException): OverlayElement with name Core/AverageFps not found. in OverlayManager::getOverlayElementImpl at /build/buildd/ogre-1.7.2/OgreMain/src/OgreOverlayManager.cpp (line 621)
15:43:42: OGRE EXCEPTION(5:ItemIdentityException): OverlayElement with name Core/AverageFps not found. in OverlayManager::getOverlayElementImpl at /build/buildd/ogre-1.7.2/OgreMain/src/OgreOverlayManager.cpp (line 621)
15:43:43: OGRE EXCEPTION(5:ItemIdentityException): OverlayElement with name Core/AverageFps not found. in OverlayManager::getOverlayElementImpl at /build/buildd/ogre-1.7.2/OgreMain/src/OgreOverlayManager.cpp (line 621)
15:43:43: OGRE EXCEPTION(5:ItemIdentityException): OverlayElement with name Core/AverageFps not found. in OverlayManager::getOverlayElementImpl at /build/buildd/ogre-1.7.2/OgreMain/src/OgreOverlayManager.cpp (line 621)
15:43:43: OGRE EXCEPTION(5:ItemIdentityException): OverlayElement with name Core/AverageFps not found. in OverlayManager::getOverlayElementImpl at /build/buildd/ogre-1.7.2/OgreMain/src/OgreOverlayManager.cpp (line 621)
15:43:43: OGRE EXCEPTION(5:ItemIdentityException): OverlayElement with name Core/AverageFps not found. in OverlayManager::getOverlayElementImpl at /build/buildd/ogre-1.7.2/OgreMain/src/OgreOverlayManager.cpp (line 621)
15:43:43: OGRE EXCEPTION(5:ItemIdentityException): OverlayElement with name Core/AverageFps not found. in OverlayManager::getOverlayElementImpl at /build/buildd/ogre-1.7.2/OgreMain/src/OgreOverlayManager.cpp (line 621)
15:43:43: OGRE EXCEPTION(5:ItemIdentityException): OverlayElement with name Core/AverageFps not found. in OverlayManager::getOverlayElementImpl at /build/buildd/ogre-1.7.2/OgreMain/src/OgreOverlayManager.cpp (line 621)
15:43:43: OGRE EXCEPTION(5:ItemIdentityException): OverlayElement with name Core/AverageFps not found. in OverlayManager::getOverlayElementImpl at /build/buildd/ogre-1.7.2/OgreMain/src/OgreOverlayManager.cpp (line 621)
15:43:43: OGRE EXCEPTION(5:ItemIdentityException): OverlayElement with name Core/AverageFps not found. in OverlayManager::getOverlayElementImpl at /build/buildd/ogre-1.7.2/OgreMain/src/OgreOverlayManager.cpp (line 621)
15:43:43: OGRE EXCEPTION(5:ItemIdentityException): OverlayElement with name Core/AverageFps not found. in OverlayManager::getOverlayElementImpl at /build/buildd/ogre-1.7.2/OgreMain/src/OgreOverlayManager.cpp (line 621)
15:43:43: OGRE EXCEPTION(5:ItemIdentityException): OverlayElement with name Core/AverageFps not found. in OverlayManager::getOverlayElementImpl at /build/buildd/ogre-1.7.2/OgreMain/src/OgreOverlayManager.cpp (line 621)
15:43:43: OGRE EXCEPTION(5:ItemIdentityException): OverlayElement with name Core/AverageFps not found. in OverlayManager::getOverlayElementImpl at /build/buildd/ogre-1.7.2/OgreMain/src/OgreOverlayManager.cpp (line 621)
15:43:43: OGRE EXCEPTION(5:ItemIdentityException): OverlayElement with name Core/AverageFps not found. in OverlayManager::getOverlayElementImpl at /build/buildd/ogre-1.7.2/OgreMain/src/OgreOverlayManager.cpp (line 621)
15:43:43: OGRE EXCEPTION(5:ItemIdentityException): OverlayElement with name Core/AverageFps not found. in OverlayManager::getOverlayElementImpl at /build/buildd/ogre-1.7.2/OgreMain/src/OgreOverlayManager.cpp (line 621)
15:43:43: OGRE EXCEPTION(5:ItemIdentityException): OverlayElement with name Core/AverageFps not found. in OverlayManager::getOverlayElementImpl at /build/buildd/ogre-1.7.2/OgreMain/src/OgreOverlayManager.cpp (line 621)
15:43:43: OGRE EXCEPTION(5:ItemIdentityException): OverlayElement with name Core/AverageFps not found. in OverlayManager::getOverlayElementImpl at /build/buildd/ogre-1.7.2/OgreMain/src/OgreOverlayManager.cpp (line 621)
15:43:43: OGRE EXCEPTION(5:ItemIdentityException): OverlayElement with name Core/AverageFps not found. in OverlayManager::getOverlayElementImpl at /build/buildd/ogre-1.7.2/OgreMain/src/OgreOverlayManager.cpp (line 621)
15:43:43: OGRE EXCEPTION(5:ItemIdentityException): OverlayElement with name Core/AverageFps not found. in OverlayManager::getOverlayElementImpl at /build/buildd/ogre-1.7.2/OgreMain/src/OgreOverlayManager.cpp (line 621)
15:43:43: OGRE EXCEPTION(5:ItemIdentityException): OverlayElement with name Core/AverageFps not found. in OverlayManager::getOverlayElementImpl at /build/buildd/ogre-1.7.2/OgreMain/src/OgreOverlayManager.cpp (line 621)
15:43:43: OGRE EXCEPTION(5:ItemIdentityException): OverlayElement with name Core/AverageFps not found. in OverlayManager::getOverlayElementImpl at /build/buildd/ogre-1.7.2/OgreMain/src/OgreOverlayManager.cpp (line 621)
15:43:43: OGRE EXCEPTION(5:ItemIdentityException): OverlayElement with name Core/AverageFps not found. in OverlayManager::getOverlayElementImpl at /build/buildd/ogre-1.7.2/OgreMain/src/OgreOverlayManager.cpp (line 621)
15:43:43: OGRE EXCEPTION(5:ItemIdentityException): OverlayElement with name Core/AverageFps not found. in OverlayManager::getOverlayElementImpl at /build/buildd/ogre-1.7.2/OgreMain/src/OgreOverlayManager.cpp (line 621)
15:43:43: OGRE EXCEPTION(5:ItemIdentityException): OverlayElement with name Core/AverageFps not found. in OverlayManager::getOverlayElementImpl at /build/buildd/ogre-1.7.2/OgreMain/src/OgreOverlayManager.cpp (line 621)
15:43:43: OGRE EXCEPTION(5:ItemIdentityException): OverlayElement with name Core/AverageFps not found. in OverlayManager::getOverlayElementImpl at /build/buildd/ogre-1.7.2/OgreMain/src/OgreOverlayManager.cpp (line 621)
15:43:43: OGRE EXCEPTION(5:ItemIdentityException): OverlayElement with name Core/AverageFps not found. in OverlayManager::getOverlayElementImpl at /build/buildd/ogre-1.7.2/OgreMain/src/OgreOverlayManager.cpp (line 621)
15:43:43: OGRE EXCEPTION(5:ItemIdentityException): OverlayElement with name Core/AverageFps not found. in OverlayManager::getOverlayElementImpl at /build/buildd/ogre-1.7.2/OgreMain/src/OgreOverlayManager.cpp (line 621)
15:43:43: OGRE EXCEPTION(5:ItemIdentityException): OverlayElement with name Core/AverageFps not found. in OverlayManager::getOverlayElementImpl at /build/buildd/ogre-1.7.2/OgreMain/src/OgreOverlayManager.cpp (line 621)
15:43:43: OGRE EXCEPTION(5:ItemIdentityException): OverlayElement with name Core/AverageFps not found. in OverlayManager::getOverlayElementImpl at /build/buildd/ogre-1.7.2/OgreMain/src/OgreOverlayManager.cpp (line 621)
15:43:43: OGRE EXCEPTION(5:ItemIdentityException): OverlayElement with name Core/AverageFps not found. in OverlayManager::getOverlayElementImpl at /build/buildd/ogre-1.7.2/OgreMain/src/OgreOverlayManager.cpp (line 621)
15:43:43: OGRE EXCEPTION(5:ItemIdentityException): OverlayElement with name Core/AverageFps not found. in OverlayManager::getOverlayElementImpl at /build/buildd/ogre-1.7.2/OgreMain/src/OgreOverlayManager.cpp (line 621)
15:43:43: OGRE EXCEPTION(5:ItemIdentityException): OverlayElement with name Core/AverageFps not found. in OverlayManager::getOverlayElementImpl at /build/buildd/ogre-1.7.2/OgreMain/src/OgreOverlayManager.cpp (line 621)
15:43:43: OGRE EXCEPTION(5:ItemIdentityException): OverlayElement with name Core/AverageFps not found. in OverlayManager::getOverlayElementImpl at /build/buildd/ogre-1.7.2/OgreMain/src/OgreOverlayManager.cpp (line 621)
15:43:43: OGRE EXCEPTION(5:ItemIdentityException): OverlayElement with name Core/AverageFps not found. in OverlayManager::getOverlayElementImpl at /build/buildd/ogre-1.7.2/OgreMain/src/OgreOverlayManager.cpp (line 621)
15:43:43: OGRE EXCEPTION(5:ItemIdentityException): OverlayElement with name Core/AverageFps not found. in OverlayManager::getOverlayElementImpl at /build/buildd/ogre-1.7.2/OgreMain/src/OgreOverlayManager.cpp (line 621)
15:43:43: OGRE EXCEPTION(5:ItemIdentityException): OverlayElement with name Core/AverageFps not found. in OverlayManager::getOverlayElementImpl at /build/buildd/ogre-1.7.2/OgreMain/src/OgreOverlayManager.cpp (line 621)
15:43:43: OGRE EXCEPTION(5:ItemIdentityException): OverlayElement with name Core/AverageFps not found. in OverlayManager::getOverlayElementImpl at /build/buildd/ogre-1.7.2/OgreMain/src/OgreOverlayManager.cpp (line 621)
15:43:43: OGRE EXCEPTION(5:ItemIdentityException): OverlayElement with name Core/AverageFps not found. in OverlayManager::getOverlayElementImpl at /build/buildd/ogre-1.7.2/OgreMain/src/OgreOverlayManager.cpp (line 621)
15:43:43: OGRE EXCEPTION(5:ItemIdentityException): OverlayElement with name Core/AverageFps not found. in OverlayManager::getOverlayElementImpl at /build/buildd/ogre-1.7.2/OgreMain/src/OgreOverlayManager.cpp (line 621)
15:43:44: OGRE EXCEPTION(5:ItemIdentityException): OverlayElement with name Core/AverageFps not found. in OverlayManager::getOverlayElementImpl at /build/buildd/ogre-1.7.2/OgreMain/src/OgreOverlayManager.cpp (line 621)
15:43:44: OGRE EXCEPTION(5:ItemIdentityException): OverlayElement with name Core/AverageFps not found. in OverlayManager::getOverlayElementImpl at /build/buildd/ogre-1.7.2/OgreMain/src/OgreOverlayManager.cpp (line 621)
15:43:44: OGRE EXCEPTION(5:ItemIdentityException): OverlayElement with name Core/AverageFps not found. in OverlayManager::getOverlayElementImpl at /build/buildd/ogre-1.7.2/OgreMain/src/OgreOverlayManager.cpp (line 621)
15:43:44: OGRE EXCEPTION(5:ItemIdentityException): OverlayElement with name Core/AverageFps not found. in OverlayManager::getOverlayElementImpl at /build/buildd/ogre-1.7.2/OgreMain/src/OgreOverlayManager.cpp (line 621)
15:43:44: OGRE EXCEPTION(5:ItemIdentityException): OverlayElement with name Core/AverageFps not found. in OverlayManager::getOverlayElementImpl at /build/buildd/ogre-1.7.2/OgreMain/src/OgreOverlayManager.cpp (line 621)
15:43:44: OGRE EXCEPTION(5:ItemIdentityException): OverlayElement with name Core/AverageFps not found. in OverlayManager::getOverlayElementImpl at /build/buildd/ogre-1.7.2/OgreMain/src/OgreOverlayManager.cpp (line 621)
15:43:44: OGRE EXCEPTION(5:ItemIdentityException): OverlayElement with name Core/AverageFps not found. in OverlayManager::getOverlayElementImpl at /build/buildd/ogre-1.7.2/OgreMain/src/OgreOverlayManager.cpp (line 621)
15:43:44: OGRE EXCEPTION(5:ItemIdentityException): OverlayElement with name Core/AverageFps not found. in OverlayManager::getOverlayElementImpl at /build/buildd/ogre-1.7.2/OgreMain/src/OgreOverlayManager.cpp (line 621)
15:43:44: OGRE EXCEPTION(5:ItemIdentityException): OverlayElement with name Core/AverageFps not found. in OverlayManager::getOverlayElementImpl at /build/buildd/ogre-1.7.2/OgreMain/src/OgreOverlayManager.cpp (line 621)
15:43:44: OGRE EXCEPTION(5:ItemIdentityException): OverlayElement with name Core/AverageFps not found. in OverlayManager::getOverlayElementImpl at /build/buildd/ogre-1.7.2/OgreMain/src/OgreOverlayManager.cpp (line 621)
15:43:44: OGRE EXCEPTION(5:ItemIdentityException): OverlayElement with name Core/AverageFps not found. in OverlayManager::getOverlayElementImpl at /build/buildd/ogre-1.7.2/OgreMain/src/OgreOverlayManager.cpp (line 621)
15:43:44: OGRE EXCEPTION(5:ItemIdentityException): OverlayElement with name Core/AverageFps not found. in OverlayManager::getOverlayElementImpl at /build/buildd/ogre-1.7.2/OgreMain/src/OgreOverlayManager.cpp (line 621)
15:43:44: OGRE EXCEPTION(5:ItemIdentityException): OverlayElement with name Core/AverageFps not found. in OverlayManager::getOverlayElementImpl at /build/buildd/ogre-1.7.2/OgreMain/src/OgreOverlayManager.cpp (line 621)
15:43:44: OGRE EXCEPTION(5:ItemIdentityException): OverlayElement with name Core/AverageFps not found. in OverlayManager::getOverlayElementImpl at /build/buildd/ogre-1.7.2/OgreMain/src/OgreOverlayManager.cpp (line 621)
15:43:44: OGRE EXCEPTION(5:ItemIdentityException): OverlayElement with name Core/AverageFps not found. in OverlayManager::getOverlayElementImpl at /build/buildd/ogre-1.7.2/OgreMain/src/OgreOverlayManager.cpp (line 621)
15:43:44: OGRE EXCEPTION(5:ItemIdentityException): OverlayElement with name Core/AverageFps not found. in OverlayManager::getOverlayElementImpl at /build/buildd/ogre-1.7.2/OgreMain/src/OgreOverlayManager.cpp (line 621)
15:43:44: OGRE EXCEPTION(5:ItemIdentityException): OverlayElement with name Core/AverageFps not found. in OverlayManager::getOverlayElementImpl at /build/buildd/ogre-1.7.2/OgreMain/src/OgreOverlayManager.cpp (line 621)
15:43:44: OGRE EXCEPTION(5:ItemIdentityException): OverlayElement with name Core/AverageFps not found. in OverlayManager::getOverlayElementImpl at /build/buildd/ogre-1.7.2/OgreMain/src/OgreOverlayManager.cpp (line 621)
15:43:44: OGRE EXCEPTION(5:ItemIdentityException): OverlayElement with name Core/AverageFps not found. in OverlayManager::getOverlayElementImpl at /build/buildd/ogre-1.7.2/OgreMain/src/OgreOverlayManager.cpp (line 621)
15:43:44: OGRE EXCEPTION(5:ItemIdentityException): OverlayElement with name Core/AverageFps not found. in OverlayManager::getOverlayElementImpl at /build/buildd/ogre-1.7.2/OgreMain/src/OgreOverlayManager.cpp (line 621)
15:43:44: OGRE EXCEPTION(5:ItemIdentityException): OverlayElement with name Core/AverageFps not found. in OverlayManager::getOverlayElementImpl at /build/buildd/ogre-1.7.2/OgreMain/src/OgreOverlayManager.cpp (line 621)
15:43:44: OGRE EXCEPTION(5:ItemIdentityException): OverlayElement with name Core/AverageFps not found. in OverlayManager::getOverlayElementImpl at /build/buildd/ogre-1.7.2/OgreMain/src/OgreOverlayManager.cpp (line 621)
15:43:44: OGRE EXCEPTION(5:ItemIdentityException): OverlayElement with name Core/AverageFps not found. in OverlayManager::getOverlayElementImpl at /build/buildd/ogre-1.7.2/OgreMain/src/OgreOverlayManager.cpp (line 621)
15:43:44: OGRE EXCEPTION(5:ItemIdentityException): OverlayElement with name Core/AverageFps not found. in OverlayManager::getOverlayElementImpl at /build/buildd/ogre-1.7.2/OgreMain/src/OgreOverlayManager.cpp (line 621)
15:43:44: OGRE EXCEPTION(5:ItemIdentityException): OverlayElement with name Core/AverageFps not found. in OverlayManager::getOverlayElementImpl at /build/buildd/ogre-1.7.2/OgreMain/src/OgreOverlayManager.cpp (line 621)
15:43:44: OGRE EXCEPTION(5:ItemIdentityException): OverlayElement with name Core/AverageFps not found. in OverlayManager::getOverlayElementImpl at /build/buildd/ogre-1.7.2/OgreMain/src/OgreOverlayManager.cpp (line 621)
15:43:44: OGRE EXCEPTION(5:ItemIdentityException): OverlayElement with name Core/AverageFps not found. in OverlayManager::getOverlayElementImpl at /build/buildd/ogre-1.7.2/OgreMain/src/OgreOverlayManager.cpp (line 621)
15:43:44: OGRE EXCEPTION(5:ItemIdentityException): OverlayElement with name Core/AverageFps not found. in OverlayManager::getOverlayElementImpl at /build/buildd/ogre-1.7.2/OgreMain/src/OgreOverlayManager.cpp (line 621)
15:43:44: OGRE EXCEPTION(5:ItemIdentityException): OverlayElement with name Core/AverageFps not found. in OverlayManager::getOverlayElementImpl at /build/buildd/ogre-1.7.2/OgreMain/src/OgreOverlayManager.cpp (line 621)
15:43:44: OGRE EXCEPTION(5:ItemIdentityException): OverlayElement with name Core/AverageFps not found. in OverlayManager::getOverlayElementImpl at /build/buildd/ogre-1.7.2/OgreMain/src/OgreOverlayManager.cpp (line 621)
15:43:44: OGRE EXCEPTION(5:ItemIdentityException): OverlayElement with name Core/AverageFps not found. in OverlayManager::getOverlayElementImpl at /build/buildd/ogre-1.7.2/OgreMain/src/OgreOverlayManager.cpp (line 621)
15:43:44: OGRE EXCEPTION(5:ItemIdentityException): OverlayElement with name Core/AverageFps not found. in OverlayManager::getOverlayElementImpl at /build/buildd/ogre-1.7.2/OgreMain/src/OgreOverlayManager.cpp (line 621)
15:43:44: OGRE EXCEPTION(5:ItemIdentityException): OverlayElement with name Core/AverageFps not found. in OverlayManager::getOverlayElementImpl at /build/buildd/ogre-1.7.2/OgreMain/src/OgreOverlayManager.cpp (line 621)
15:43:44: OGRE EXCEPTION(5:ItemIdentityException): OverlayElement with name Core/AverageFps not found. in OverlayManager::getOverlayElementImpl at /build/buildd/ogre-1.7.2/OgreMain/src/OgreOverlayManager.cpp (line 621)
15:43:44: OGRE EXCEPTION(5:ItemIdentityException): OverlayElement with name Core/AverageFps not found. in OverlayManager::getOverlayElementImpl at /build/buildd/ogre-1.7.2/OgreMain/src/OgreOverlayManager.cpp (line 621)
15:43:44: OGRE EXCEPTION(5:ItemIdentityException): OverlayElement with name Core/AverageFps not found. in OverlayManager::getOverlayElementImpl at /build/buildd/ogre-1.7.2/OgreMain/src/OgreOverlayManager.cpp (line 621)
15:43:44: OGRE EXCEPTION(5:ItemIdentityException): OverlayElement with name Core/AverageFps not found. in OverlayManager::getOverlayElementImpl at /build/buildd/ogre-1.7.2/OgreMain/src/OgreOverlayManager.cpp (line 621)
15:43:44: OGRE EXCEPTION(5:ItemIdentityException): OverlayElement with name Core/AverageFps not found. in OverlayManager::getOverlayElementImpl at /build/buildd/ogre-1.7.2/OgreMain/src/OgreOverlayManager.cpp (line 621)
15:43:45: OGRE EXCEPTION(5:ItemIdentityException): OverlayElement with name Core/AverageFps not found. in OverlayManager::getOverlayElementImpl at /build/buildd/ogre-1.7.2/OgreMain/src/OgreOverlayManager.cpp (line 621)
15:43:45: OGRE EXCEPTION(5:ItemIdentityException): OverlayElement with name Core/AverageFps not found. in OverlayManager::getOverlayElementImpl at /build/buildd/ogre-1.7.2/OgreMain/src/OgreOverlayManager.cpp (line 621)
15:43:45: OGRE EXCEPTION(5:ItemIdentityException): OverlayElement with name Core/AverageFps not found. in OverlayManager::getOverlayElementImpl at /build/buildd/ogre-1.7.2/OgreMain/src/OgreOverlayManager.cpp (line 621)
15:43:45: OGRE EXCEPTION(5:ItemIdentityException): OverlayElement with name Core/AverageFps not found. in OverlayManager::getOverlayElementImpl at /build/buildd/ogre-1.7.2/OgreMain/src/OgreOverlayManager.cpp (line 621)
15:43:45: OGRE EXCEPTION(5:ItemIdentityException): OverlayElement with name Core/AverageFps not found. in OverlayManager::getOverlayElementImpl at /build/buildd/ogre-1.7.2/OgreMain/src/OgreOverlayManager.cpp (line 621)
15:43:45: OGRE EXCEPTION(5:ItemIdentityException): OverlayElement with name Core/AverageFps not found. in OverlayManager::getOverlayElementImpl at /build/buildd/ogre-1.7.2/OgreMain/src/OgreOverlayManager.cpp (line 621)
15:43:45: OGRE EXCEPTION(5:ItemIdentityException): OverlayElement with name Core/AverageFps not found. in OverlayManager::getOverlayElementImpl at /build/buildd/ogre-1.7.2/OgreMain/src/OgreOverlayManager.cpp (line 621)
15:43:45: OGRE EXCEPTION(5:ItemIdentityException): OverlayElement with name Core/AverageFps not found. in OverlayManager::getOverlayElementImpl at /build/buildd/ogre-1.7.2/OgreMain/src/OgreOverlayManager.cpp (line 621)
15:43:45: OGRE EXCEPTION(5:ItemIdentityException): OverlayElement with name Core/AverageFps not found. in OverlayManager::getOverlayElementImpl at /build/buildd/ogre-1.7.2/OgreMain/src/OgreOverlayManager.cpp (line 621)
15:43:45: OGRE EXCEPTION(5:ItemIdentityException): OverlayElement with name Core/AverageFps not found. in OverlayManager::getOverlayElementImpl at /build/buildd/ogre-1.7.2/OgreMain/src/OgreOverlayManager.cpp (line 621)
15:43:45: OGRE EXCEPTION(5:ItemIdentityException): OverlayElement with name Core/AverageFps not found. in OverlayManager::getOverlayElementImpl at /build/buildd/ogre-1.7.2/OgreMain/src/OgreOverlayManager.cpp (line 621)
15:43:45: OGRE EXCEPTION(5:ItemIdentityException): OverlayElement with name Core/AverageFps not found. in OverlayManager::getOverlayElementImpl at /build/buildd/ogre-1.7.2/OgreMain/src/OgreOverlayManager.cpp (line 621)
15:43:45: OGRE EXCEPTION(5:ItemIdentityException): OverlayElement with name Core/AverageFps not found. in OverlayManager::getOverlayElementImpl at /build/buildd/ogre-1.7.2/OgreMain/src/OgreOverlayManager.cpp (line 621)
15:43:45: OGRE EXCEPTION(5:ItemIdentityException): OverlayElement with name Core/AverageFps not found. in OverlayManager::getOverlayElementImpl at /build/buildd/ogre-1.7.2/OgreMain/src/OgreOverlayManager.cpp (line 621)
15:43:45: OGRE EXCEPTION(5:ItemIdentityException): OverlayElement with name Core/AverageFps not found. in OverlayManager::getOverlayElementImpl at /build/buildd/ogre-1.7.2/OgreMain/src/OgreOverlayManager.cpp (line 621)
15:43:45: OGRE EXCEPTION(5:ItemIdentityException): OverlayElement with name Core/AverageFps not found. in OverlayManager::getOverlayElementImpl at /build/buildd/ogre-1.7.2/OgreMain/src/OgreOverlayManager.cpp (line 621)
15:43:45: OGRE EXCEPTION(5:ItemIdentityException): OverlayElement with name Core/AverageFps not found. in OverlayManager::getOverlayElementImpl at /build/buildd/ogre-1.7.2/OgreMain/src/OgreOverlayManager.cpp (line 621)
15:43:45: OGRE EXCEPTION(5:ItemIdentityException): OverlayElement with name Core/AverageFps not found. in OverlayManager::getOverlayElementImpl at /build/buildd/ogre-1.7.2/OgreMain/src/OgreOverlayManager.cpp (line 621)
15:43:45: OGRE EXCEPTION(5:ItemIdentityException): OverlayElement with name Core/AverageFps not found. in OverlayManager::getOverlayElementImpl at /build/buildd/ogre-1.7.2/OgreMain/src/OgreOverlayManager.cpp (line 621)
15:43:45: OGRE EXCEPTION(5:ItemIdentityException): OverlayElement with name Core/AverageFps not found. in OverlayManager::getOverlayElementImpl at /build/buildd/ogre-1.7.2/OgreMain/src/OgreOverlayManager.cpp (line 621)
15:43:45: OGRE EXCEPTION(5:ItemIdentityException): OverlayElement with name Core/AverageFps not found. in OverlayManager::getOverlayElementImpl at /build/buildd/ogre-1.7.2/OgreMain/src/OgreOverlayManager.cpp (line 621)
15:43:45: OGRE EXCEPTION(5:ItemIdentityException): OverlayElement with name Core/AverageFps not found. in OverlayManager::getOverlayElementImpl at /build/buildd/ogre-1.7.2/OgreMain/src/OgreOverlayManager.cpp (line 621)
15:43:45: OGRE EXCEPTION(5:ItemIdentityException): OverlayElement with name Core/AverageFps not found. in OverlayManager::getOverlayElementImpl at /build/buildd/ogre-1.7.2/OgreMain/src/OgreOverlayManager.cpp (line 621)
15:43:45: OGRE EXCEPTION(5:ItemIdentityException): OverlayElement with name Core/AverageFps not found. in OverlayManager::getOverlayElementImpl at /build/buildd/ogre-1.7.2/OgreMain/src/OgreOverlayManager.cpp (line 621)
15:43:45: OGRE EXCEPTION(5:ItemIdentityException): OverlayElement with name Core/AverageFps not found. in OverlayManager::getOverlayElementImpl at /build/buildd/ogre-1.7.2/OgreMain/src/OgreOverlayManager.cpp (line 621)
15:43:45: OGRE EXCEPTION(5:ItemIdentityException): OverlayElement with name Core/AverageFps not found. in OverlayManager::getOverlayElementImpl at /build/buildd/ogre-1.7.2/OgreMain/src/OgreOverlayManager.cpp (line 621)
15:43:45: OGRE EXCEPTION(5:ItemIdentityException): OverlayElement with name Core/AverageFps not found. in OverlayManager::getOverlayElementImpl at /build/buildd/ogre-1.7.2/OgreMain/src/OgreOverlayManager.cpp (line 621)
15:43:45: OGRE EXCEPTION(5:ItemIdentityException): OverlayElement with name Core/AverageFps not found. in OverlayManager::getOverlayElementImpl at /build/buildd/ogre-1.7.2/OgreMain/src/OgreOverlayManager.cpp (line 621)
15:43:45: OGRE EXCEPTION(5:ItemIdentityException): OverlayElement with name Core/AverageFps not found. in OverlayManager::getOverlayElementImpl at /build/buildd/ogre-1.7.2/OgreMain/src/OgreOverlayManager.cpp (line 621)
15:43:45: OGRE EXCEPTION(5:ItemIdentityException): OverlayElement with name Core/AverageFps not found. in OverlayManager::getOverlayElementImpl at /build/buildd/ogre-1.7.2/OgreMain/src/OgreOverlayManager.cpp (line 621)
15:43:45: OGRE EXCEPTION(5:ItemIdentityException): OverlayElement with name Core/AverageFps not found. in OverlayManager::getOverlayElementImpl at /build/buildd/ogre-1.7.2/OgreMain/src/OgreOverlayManager.cpp (line 621)
15:43:45: OGRE EXCEPTION(5:ItemIdentityException): OverlayElement with name Core/AverageFps not found. in OverlayManager::getOverlayElementImpl at /build/buildd/ogre-1.7.2/OgreMain/src/OgreOverlayManager.cpp (line 621)
15:43:45: OGRE EXCEPTION(5:ItemIdentityException): OverlayElement with name Core/AverageFps not found. in OverlayManager::getOverlayElementImpl at /build/buildd/ogre-1.7.2/OgreMain/src/OgreOverlayManager.cpp (line 621)
15:43:45: OGRE EXCEPTION(5:ItemIdentityException): OverlayElement with name Core/AverageFps not found. in OverlayManager::getOverlayElementImpl at /build/buildd/ogre-1.7.2/OgreMain/src/OgreOverlayManager.cpp (line 621)
15:43:45: OGRE EXCEPTION(5:ItemIdentityException): OverlayElement with name Core/AverageFps not found. in OverlayManager::getOverlayElementImpl at /build/buildd/ogre-1.7.2/OgreMain/src/OgreOverlayManager.cpp (line 621)
15:43:45: OGRE EXCEPTION(5:ItemIdentityException): OverlayElement with name Core/AverageFps not found. in OverlayManager::getOverlayElementImpl at /build/buildd/ogre-1.7.2/OgreMain/src/OgreOverlayManager.cpp (line 621)
15:43:45: OGRE EXCEPTION(5:ItemIdentityException): OverlayElement with name Core/AverageFps not found. in OverlayManager::getOverlayElementImpl at /build/buildd/ogre-1.7.2/OgreMain/src/OgreOverlayManager.cpp (line 621)
15:43:46: OGRE EXCEPTION(5:ItemIdentityException): OverlayElement with name Core/AverageFps not found. in OverlayManager::getOverlayElementImpl at /build/buildd/ogre-1.7.2/OgreMain/src/OgreOverlayManager.cpp (line 621)
15:43:46: OGRE EXCEPTION(5:ItemIdentityException): OverlayElement with name Core/AverageFps not found. in OverlayManager::getOverlayElementImpl at /build/buildd/ogre-1.7.2/OgreMain/src/OgreOverlayManager.cpp (line 621)
15:43:46: OGRE EXCEPTION(5:ItemIdentityException): OverlayElement with name Core/AverageFps not found. in OverlayManager::getOverlayElementImpl at /build/buildd/ogre-1.7.2/OgreMain/src/OgreOverlayManager.cpp (line 621)
15:43:46: OGRE EXCEPTION(5:ItemIdentityException): OverlayElement with name Core/AverageFps not found. in OverlayManager::getOverlayElementImpl at /build/buildd/ogre-1.7.2/OgreMain/src/OgreOverlayManager.cpp (line 621)
15:43:46: OGRE EXCEPTION(5:ItemIdentityException): OverlayElement with name Core/AverageFps not found. in OverlayManager::getOverlayElementImpl at /build/buildd/ogre-1.7.2/OgreMain/src/OgreOverlayManager.cpp (line 621)
15:43:46: OGRE EXCEPTION(5:ItemIdentityException): OverlayElement with name Core/AverageFps not found. in OverlayManager::getOverlayElementImpl at /build/buildd/ogre-1.7.2/OgreMain/src/OgreOverlayManager.cpp (line 621)
15:43:46: OGRE EXCEPTION(5:ItemIdentityException): OverlayElement with name Core/AverageFps not found. in OverlayManager::getOverlayElementImpl at /build/buildd/ogre-1.7.2/OgreMain/src/OgreOverlayManager.cpp (line 621)
15:43:46: OGRE EXCEPTION(5:ItemIdentityException): OverlayElement with name Core/AverageFps not found. in OverlayManager::getOverlayElementImpl at /build/buildd/ogre-1.7.2/OgreMain/src/OgreOverlayManager.cpp (line 621)
15:43:46: OGRE EXCEPTION(5:ItemIdentityException): OverlayElement with name Core/AverageFps not found. in OverlayManager::getOverlayElementImpl at /build/buildd/ogre-1.7.2/OgreMain/src/OgreOverlayManager.cpp (line 621)
15:43:46: OGRE EXCEPTION(5:ItemIdentityException): OverlayElement with name Core/AverageFps not found. in OverlayManager::getOverlayElementImpl at /build/buildd/ogre-1.7.2/OgreMain/src/OgreOverlayManager.cpp (line 621)
15:43:46: OGRE EXCEPTION(5:ItemIdentityException): OverlayElement with name Core/AverageFps not found. in OverlayManager::getOverlayElementImpl at /build/buildd/ogre-1.7.2/OgreMain/src/OgreOverlayManager.cpp (line 621)
15:43:46: OGRE EXCEPTION(5:ItemIdentityException): OverlayElement with name Core/AverageFps not found. in OverlayManager::getOverlayElementImpl at /build/buildd/ogre-1.7.2/OgreMain/src/OgreOverlayManager.cpp (line 621)
15:43:46: OGRE EXCEPTION(5:ItemIdentityException): OverlayElement with name Core/AverageFps not found. in OverlayManager::getOverlayElementImpl at /build/buildd/ogre-1.7.2/OgreMain/src/OgreOverlayManager.cpp (line 621)
15:43:46: OGRE EXCEPTION(5:ItemIdentityException): OverlayElement with name Core/AverageFps not found. in OverlayManager::getOverlayElementImpl at /build/buildd/ogre-1.7.2/OgreMain/src/OgreOverlayManager.cpp (line 621)
15:43:46: OGRE EXCEPTION(5:ItemIdentityException): OverlayElement with name Core/AverageFps not found. in OverlayManager::getOverlayElementImpl at /build/buildd/ogre-1.7.2/OgreMain/src/OgreOverlayManager.cpp (line 621)
15:43:46: OGRE EXCEPTION(5:ItemIdentityException): OverlayElement with name Core/AverageFps not found. in OverlayManager::getOverlayElementImpl at /build/buildd/ogre-1.7.2/OgreMain/src/OgreOverlayManager.cpp (line 621)
15:43:46: OGRE EXCEPTION(5:ItemIdentityException): OverlayElement with name Core/AverageFps not found. in OverlayManager::getOverlayElementImpl at /build/buildd/ogre-1.7.2/OgreMain/src/OgreOverlayManager.cpp (line 621)
15:43:46: OGRE EXCEPTION(5:ItemIdentityException): OverlayElement with name Core/AverageFps not found. in OverlayManager::getOverlayElementImpl at /build/buildd/ogre-1.7.2/OgreMain/src/OgreOverlayManager.cpp (line 621)
15:43:46: OGRE EXCEPTION(5:ItemIdentityException): OverlayElement with name Core/AverageFps not found. in OverlayManager::getOverlayElementImpl at /build/buildd/ogre-1.7.2/OgreMain/src/OgreOverlayManager.cpp (line 621)
15:43:46: OGRE EXCEPTION(5:ItemIdentityException): OverlayElement with name Core/AverageFps not found. in OverlayManager::getOverlayElementImpl at /build/buildd/ogre-1.7.2/OgreMain/src/OgreOverlayManager.cpp (line 621)
15:43:46: OGRE EXCEPTION(5:ItemIdentityException): OverlayElement with name Core/AverageFps not found. in OverlayManager::getOverlayElementImpl at /build/buildd/ogre-1.7.2/OgreMain/src/OgreOverlayManager.cpp (line 621)
15:43:46: OGRE EXCEPTION(5:ItemIdentityException): OverlayElement with name Core/AverageFps not found. in OverlayManager::getOverlayElementImpl at /build/buildd/ogre-1.7.2/OgreMain/src/OgreOverlayManager.cpp (line 621)
15:43:46: OGRE EXCEPTION(5:ItemIdentityException): OverlayElement with name Core/AverageFps not found. in OverlayManager::getOverlayElementImpl at /build/buildd/ogre-1.7.2/OgreMain/src/OgreOverlayManager.cpp (line 621)
15:43:46: OGRE EXCEPTION(5:ItemIdentityException): OverlayElement with name Core/AverageFps not found. in OverlayManager::getOverlayElementImpl at /build/buildd/ogre-1.7.2/OgreMain/src/OgreOverlayManager.cpp (line 621)
15:43:46: OGRE EXCEPTION(5:ItemIdentityException): OverlayElement with name Core/AverageFps not found. in OverlayManager::getOverlayElementImpl at /build/buildd/ogre-1.7.2/OgreMain/src/OgreOverlayManager.cpp (line 621)
15:43:46: OGRE EXCEPTION(5:ItemIdentityException): OverlayElement with name Core/AverageFps not found. in OverlayManager::getOverlayElementImpl at /build/buildd/ogre-1.7.2/OgreMain/src/OgreOverlayManager.cpp (line 621)
15:43:46: OGRE EXCEPTION(5:ItemIdentityException): OverlayElement with name Core/AverageFps not found. in OverlayManager::getOverlayElementImpl at /build/buildd/ogre-1.7.2/OgreMain/src/OgreOverlayManager.cpp (line 621)
15:43:46: OGRE EXCEPTION(5:ItemIdentityException): OverlayElement with name Core/AverageFps not found. in OverlayManager::getOverlayElementImpl at /build/buildd/ogre-1.7.2/OgreMain/src/OgreOverlayManager.cpp (line 621)
15:43:46: OGRE EXCEPTION(5:ItemIdentityException): OverlayElement with name Core/AverageFps not found. in OverlayManager::getOverlayElementImpl at /build/buildd/ogre-1.7.2/OgreMain/src/OgreOverlayManager.cpp (line 621)
15:43:46: OGRE EXCEPTION(5:ItemIdentityException): OverlayElement with name Core/AverageFps not found. in OverlayManager::getOverlayElementImpl at /build/buildd/ogre-1.7.2/OgreMain/src/OgreOverlayManager.cpp (line 621)
15:43:46: OGRE EXCEPTION(5:ItemIdentityException): OverlayElement with name Core/AverageFps not found. in OverlayManager::getOverlayElementImpl at /build/buildd/ogre-1.7.2/OgreMain/src/OgreOverlayManager.cpp (line 621)
15:43:46: OGRE EXCEPTION(5:ItemIdentityException): OverlayElement with name Core/AverageFps not found. in OverlayManager::getOverlayElementImpl at /build/buildd/ogre-1.7.2/OgreMain/src/OgreOverlayManager.cpp (line 621)
15:43:46: OGRE EXCEPTION(5:ItemIdentityException): OverlayElement with name Core/AverageFps not found. in OverlayManager::getOverlayElementImpl at /build/buildd/ogre-1.7.2/OgreMain/src/OgreOverlayManager.cpp (line 621)
15:43:46: OGRE EXCEPTION(5:ItemIdentityException): OverlayElement with name Core/AverageFps not found. in OverlayManager::getOverlayElementImpl at /build/buildd/ogre-1.7.2/OgreMain/src/OgreOverlayManager.cpp (line 621)
15:43:46: OGRE EXCEPTION(5:ItemIdentityException): OverlayElement with name Core/AverageFps not found. in OverlayManager::getOverlayElementImpl at /build/buildd/ogre-1.7.2/OgreMain/src/OgreOverlayManager.cpp (line 621)
15:43:46: OGRE EXCEPTION(5:ItemIdentityException): OverlayElement with name Core/AverageFps not found. in OverlayManager::getOverlayElementImpl at /build/buildd/ogre-1.7.2/OgreMain/src/OgreOverlayManager.cpp (line 621)
15:43:47: OGRE EXCEPTION(5:ItemIdentityException): OverlayElement with name Core/AverageFps not found. in OverlayManager::getOverlayElementImpl at /build/buildd/ogre-1.7.2/OgreMain/src/OgreOverlayManager.cpp (line 621)
15:43:47: OGRE EXCEPTION(5:ItemIdentityException): OverlayElement with name Core/AverageFps not found. in OverlayManager::getOverlayElementImpl at /build/buildd/ogre-1.7.2/OgreMain/src/OgreOverlayManager.cpp (line 621)
15:43:47: OGRE EXCEPTION(5:ItemIdentityException): OverlayElement with name Core/AverageFps not found. in OverlayManager::getOverlayElementImpl at /build/buildd/ogre-1.7.2/OgreMain/src/OgreOverlayManager.cpp (line 621)
15:43:47: OGRE EXCEPTION(5:ItemIdentityException): OverlayElement with name Core/AverageFps not found. in OverlayManager::getOverlayElementImpl at /build/buildd/ogre-1.7.2/OgreMain/src/OgreOverlayManager.cpp (line 621)
15:43:47: OGRE EXCEPTION(5:ItemIdentityException): OverlayElement with name Core/AverageFps not found. in OverlayManager::getOverlayElementImpl at /build/buildd/ogre-1.7.2/OgreMain/src/OgreOverlayManager.cpp (line 621)
15:43:47: OGRE EXCEPTION(5:ItemIdentityException): OverlayElement with name Core/AverageFps not found. in OverlayManager::getOverlayElementImpl at /build/buildd/ogre-1.7.2/OgreMain/src/OgreOverlayManager.cpp (line 621)
15:43:47: OGRE EXCEPTION(5:ItemIdentityException): OverlayElement with name Core/AverageFps not found. in OverlayManager::getOverlayElementImpl at /build/buildd/ogre-1.7.2/OgreMain/src/OgreOverlayManager.cpp (line 621)
15:43:47: OGRE EXCEPTION(5:ItemIdentityException): OverlayElement with name Core/AverageFps not found. in OverlayManager::getOverlayElementImpl at /build/buildd/ogre-1.7.2/OgreMain/src/OgreOverlayManager.cpp (line 621)
15:43:47: OGRE EXCEPTION(5:ItemIdentityException): OverlayElement with name Core/AverageFps not found. in OverlayManager::getOverlayElementImpl at /build/buildd/ogre-1.7.2/OgreMain/src/OgreOverlayManager.cpp (line 621)
15:43:47: OGRE EXCEPTION(5:ItemIdentityException): OverlayElement with name Core/AverageFps not found. in OverlayManager::getOverlayElementImpl at /build/buildd/ogre-1.7.2/OgreMain/src/OgreOverlayManager.cpp (line 621)
15:43:47: OGRE EXCEPTION(5:ItemIdentityException): OverlayElement with name Core/AverageFps not found. in OverlayManager::getOverlayElementImpl at /build/buildd/ogre-1.7.2/OgreMain/src/OgreOverlayManager.cpp (line 621)
15:43:47: OGRE EXCEPTION(5:ItemIdentityException): OverlayElement with name Core/AverageFps not found. in OverlayManager::getOverlayElementImpl at /build/buildd/ogre-1.7.2/OgreMain/src/OgreOverlayManager.cpp (line 621)
15:43:47: OGRE EXCEPTION(5:ItemIdentityException): OverlayElement with name Core/AverageFps not found. in OverlayManager::getOverlayElementImpl at /build/buildd/ogre-1.7.2/OgreMain/src/OgreOverlayManager.cpp (line 621)
15:43:47: OGRE EXCEPTION(5:ItemIdentityException): OverlayElement with name Core/AverageFps not found. in OverlayManager::getOverlayElementImpl at /build/buildd/ogre-1.7.2/OgreMain/src/OgreOverlayManager.cpp (line 621)
15:43:47: OGRE EXCEPTION(5:ItemIdentityException): OverlayElement with name Core/AverageFps not found. in OverlayManager::getOverlayElementImpl at /build/buildd/ogre-1.7.2/OgreMain/src/OgreOverlayManager.cpp (line 621)
15:43:47: OGRE EXCEPTION(5:ItemIdentityException): OverlayElement with name Core/AverageFps not found. in OverlayManager::getOverlayElementImpl at /build/buildd/ogre-1.7.2/OgreMain/src/OgreOverlayManager.cpp (line 621)
15:43:47: OGRE EXCEPTION(5:ItemIdentityException): OverlayElement with name Core/AverageFps not found. in OverlayManager::getOverlayElementImpl at /build/buildd/ogre-1.7.2/OgreMain/src/OgreOverlayManager.cpp (line 621)
15:43:47: OGRE EXCEPTION(5:ItemIdentityException): OverlayElement with name Core/AverageFps not found. in OverlayManager::getOverlayElementImpl at /build/buildd/ogre-1.7.2/OgreMain/src/OgreOverlayManager.cpp (line 621)
15:43:47: OGRE EXCEPTION(5:ItemIdentityException): OverlayElement with name Core/AverageFps not found. in OverlayManager::getOverlayElementImpl at /build/buildd/ogre-1.7.2/OgreMain/src/OgreOverlayManager.cpp (line 621)
15:43:47: OGRE EXCEPTION(5:ItemIdentityException): OverlayElement with name Core/AverageFps not found. in OverlayManager::getOverlayElementImpl at /build/buildd/ogre-1.7.2/OgreMain/src/OgreOverlayManager.cpp (line 621)
15:43:47: OGRE EXCEPTION(5:ItemIdentityException): OverlayElement with name Core/AverageFps not found. in OverlayManager::getOverlayElementImpl at /build/buildd/ogre-1.7.2/OgreMain/src/OgreOverlayManager.cpp (line 621)
15:43:47: OGRE EXCEPTION(5:ItemIdentityException): OverlayElement with name Core/AverageFps not found. in OverlayManager::getOverlayElementImpl at /build/buildd/ogre-1.7.2/OgreMain/src/OgreOverlayManager.cpp (line 621)
15:43:47: OGRE EXCEPTION(5:ItemIdentityException): OverlayElement with name Core/AverageFps not found. in OverlayManager::getOverlayElementImpl at /build/buildd/ogre-1.7.2/OgreMain/src/OgreOverlayManager.cpp (line 621)
15:43:47: OGRE EXCEPTION(5:ItemIdentityException): OverlayElement with name Core/AverageFps not found. in OverlayManager::getOverlayElementImpl at /build/buildd/ogre-1.7.2/OgreMain/src/OgreOverlayManager.cpp (line 621)
15:43:47: OGRE EXCEPTION(5:ItemIdentityException): OverlayElement with name Core/AverageFps not found. in OverlayManager::getOverlayElementImpl at /build/buildd/ogre-1.7.2/OgreMain/src/OgreOverlayManager.cpp (line 621)
15:43:47: OGRE EXCEPTION(5:ItemIdentityException): OverlayElement with name Core/AverageFps not found. in OverlayManager::getOverlayElementImpl at /build/buildd/ogre-1.7.2/OgreMain/src/OgreOverlayManager.cpp (line 621)
15:43:47: OGRE EXCEPTION(5:ItemIdentityException): OverlayElement with name Core/AverageFps not found. in OverlayManager::getOverlayElementImpl at /build/buildd/ogre-1.7.2/OgreMain/src/OgreOverlayManager.cpp (line 621)
15:43:47: OGRE EXCEPTION(5:ItemIdentityException): OverlayElement with name Core/AverageFps not found. in OverlayManager::getOverlayElementImpl at /build/buildd/ogre-1.7.2/OgreMain/src/OgreOverlayManager.cpp (line 621)
15:43:47: OGRE EXCEPTION(5:ItemIdentityException): OverlayElement with name Core/AverageFps not found. in OverlayManager::getOverlayElementImpl at /build/buildd/ogre-1.7.2/OgreMain/src/OgreOverlayManager.cpp (line 621)
15:43:47: OGRE EXCEPTION(5:ItemIdentityException): OverlayElement with name Core/AverageFps not found. in OverlayManager::getOverlayElementImpl at /build/buildd/ogre-1.7.2/OgreMain/src/OgreOverlayManager.cpp (line 621)
15:43:47: OGRE EXCEPTION(5:ItemIdentityException): OverlayElement with name Core/AverageFps not found. in OverlayManager::getOverlayElementImpl at /build/buildd/ogre-1.7.2/OgreMain/src/OgreOverlayManager.cpp (line 621)
15:43:47: OGRE EXCEPTION(5:ItemIdentityException): OverlayElement with name Core/AverageFps not found. in OverlayManager::getOverlayElementImpl at /build/buildd/ogre-1.7.2/OgreMain/src/OgreOverlayManager.cpp (line 621)
15:43:47: OGRE EXCEPTION(5:ItemIdentityException): OverlayElement with name Core/AverageFps not found. in OverlayManager::getOverlayElementImpl at /build/buildd/ogre-1.7.2/OgreMain/src/OgreOverlayManager.cpp (line 621)
15:43:47: OGRE EXCEPTION(5:ItemIdentityException): OverlayElement with name Core/AverageFps not found. in OverlayManager::getOverlayElementImpl at /build/buildd/ogre-1.7.2/OgreMain/src/OgreOverlayManager.cpp (line 621)
15:43:47: OGRE EXCEPTION(5:ItemIdentityException): OverlayElement with name Core/AverageFps not found. in OverlayManager::getOverlayElementImpl at /build/buildd/ogre-1.7.2/OgreMain/src/OgreOverlayManager.cpp (line 621)
15:43:47: OGRE EXCEPTION(5:ItemIdentityException): OverlayElement with name Core/AverageFps not found. in OverlayManager::getOverlayElementImpl at /build/buildd/ogre-1.7.2/OgreMain/src/OgreOverlayManager.cpp (line 621)
15:43:47: OGRE EXCEPTION(5:ItemIdentityException): OverlayElement with name Core/AverageFps not found. in OverlayManager::getOverlayElementImpl at /build/buildd/ogre-1.7.2/OgreMain/src/OgreOverlayManager.cpp (line 621)
15:43:48: OGRE EXCEPTION(5:ItemIdentityException): OverlayElement with name Core/AverageFps not found. in OverlayManager::getOverlayElementImpl at /build/buildd/ogre-1.7.2/OgreMain/src/OgreOverlayManager.cpp (line 621)
15:43:48: OGRE EXCEPTION(5:ItemIdentityException): OverlayElement with name Core/AverageFps not found. in OverlayManager::getOverlayElementImpl at /build/buildd/ogre-1.7.2/OgreMain/src/OgreOverlayManager.cpp (line 621)
15:43:48: OGRE EXCEPTION(5:ItemIdentityException): OverlayElement with name Core/AverageFps not found. in OverlayManager::getOverlayElementImpl at /build/buildd/ogre-1.7.2/OgreMain/src/OgreOverlayManager.cpp (line 621)
15:43:48: OGRE EXCEPTION(5:ItemIdentityException): OverlayElement with name Core/AverageFps not found. in OverlayManager::getOverlayElementImpl at /build/buildd/ogre-1.7.2/OgreMain/src/OgreOverlayManager.cpp (line 621)
15:43:48: OGRE EXCEPTION(5:ItemIdentityException): OverlayElement with name Core/AverageFps not found. in OverlayManager::getOverlayElementImpl at /build/buildd/ogre-1.7.2/OgreMain/src/OgreOverlayManager.cpp (line 621)
15:43:48: OGRE EXCEPTION(5:ItemIdentityException): OverlayElement with name Core/AverageFps not found. in OverlayManager::getOverlayElementImpl at /build/buildd/ogre-1.7.2/OgreMain/src/OgreOverlayManager.cpp (line 621)
15:43:48: OGRE EXCEPTION(5:ItemIdentityException): OverlayElement with name Core/AverageFps not found. in OverlayManager::getOverlayElementImpl at /build/buildd/ogre-1.7.2/OgreMain/src/OgreOverlayManager.cpp (line 621)
15:43:48: OGRE EXCEPTION(5:ItemIdentityException): OverlayElement with name Core/AverageFps not found. in OverlayManager::getOverlayElementImpl at /build/buildd/ogre-1.7.2/OgreMain/src/OgreOverlayManager.cpp (line 621)
15:43:48: OGRE EXCEPTION(5:ItemIdentityException): OverlayElement with name Core/AverageFps not found. in OverlayManager::getOverlayElementImpl at /build/buildd/ogre-1.7.2/OgreMain/src/OgreOverlayManager.cpp (line 621)
15:43:48: OGRE EXCEPTION(5:ItemIdentityException): OverlayElement with name Core/AverageFps not found. in OverlayManager::getOverlayElementImpl at /build/buildd/ogre-1.7.2/OgreMain/src/OgreOverlayManager.cpp (line 621)
15:43:48: OGRE EXCEPTION(5:ItemIdentityException): OverlayElement with name Core/AverageFps not found. in OverlayManager::getOverlayElementImpl at /build/buildd/ogre-1.7.2/OgreMain/src/OgreOverlayManager.cpp (line 621)
15:43:48: OGRE EXCEPTION(5:ItemIdentityException): OverlayElement with name Core/AverageFps not found. in OverlayManager::getOverlayElementImpl at /build/buildd/ogre-1.7.2/OgreMain/src/OgreOverlayManager.cpp (line 621)
15:43:48: OGRE EXCEPTION(5:ItemIdentityException): OverlayElement with name Core/AverageFps not found. in OverlayManager::getOverlayElementImpl at /build/buildd/ogre-1.7.2/OgreMain/src/OgreOverlayManager.cpp (line 621)
15:43:48: OGRE EXCEPTION(5:ItemIdentityException): OverlayElement with name Core/AverageFps not found. in OverlayManager::getOverlayElementImpl at /build/buildd/ogre-1.7.2/OgreMain/src/OgreOverlayManager.cpp (line 621)
15:43:48: OGRE EXCEPTION(5:ItemIdentityException): OverlayElement with name Core/AverageFps not found. in OverlayManager::getOverlayElementImpl at /build/buildd/ogre-1.7.2/OgreMain/src/OgreOverlayManager.cpp (line 621)
15:43:48: OGRE EXCEPTION(5:ItemIdentityException): OverlayElement with name Core/AverageFps not found. in OverlayManager::getOverlayElementImpl at /build/buildd/ogre-1.7.2/OgreMain/src/OgreOverlayManager.cpp (line 621)
15:43:48: OGRE EXCEPTION(5:ItemIdentityException): OverlayElement with name Core/AverageFps not found. in OverlayManager::getOverlayElementImpl at /build/buildd/ogre-1.7.2/OgreMain/src/OgreOverlayManager.cpp (line 621)
15:43:48: OGRE EXCEPTION(5:ItemIdentityException): OverlayElement with name Core/AverageFps not found. in OverlayManager::getOverlayElementImpl at /build/buildd/ogre-1.7.2/OgreMain/src/OgreOverlayManager.cpp (line 621)
15:43:48: OGRE EXCEPTION(5:ItemIdentityException): OverlayElement with name Core/AverageFps not found. in OverlayManager::getOverlayElementImpl at /build/buildd/ogre-1.7.2/OgreMain/src/OgreOverlayManager.cpp (line 621)
15:43:48: OGRE EXCEPTION(5:ItemIdentityException): OverlayElement with name Core/AverageFps not found. in OverlayManager::getOverlayElementImpl at /build/buildd/ogre-1.7.2/OgreMain/src/OgreOverlayManager.cpp (line 621)
15:43:48: OGRE EXCEPTION(5:ItemIdentityException): OverlayElement with name Core/AverageFps not found. in OverlayManager::getOverlayElementImpl at /build/buildd/ogre-1.7.2/OgreMain/src/OgreOverlayManager.cpp (line 621)
15:43:48: OGRE EXCEPTION(5:ItemIdentityException): OverlayElement with name Core/AverageFps not found. in OverlayManager::getOverlayElementImpl at /build/buildd/ogre-1.7.2/OgreMain/src/OgreOverlayManager.cpp (line 621)
15:43:48: OGRE EXCEPTION(5:ItemIdentityException): OverlayElement with name Core/AverageFps not found. in OverlayManager::getOverlayElementImpl at /build/buildd/ogre-1.7.2/OgreMain/src/OgreOverlayManager.cpp (line 621)
15:43:48: OGRE EXCEPTION(5:ItemIdentityException): OverlayElement with name Core/AverageFps not found. in OverlayManager::getOverlayElementImpl at /build/buildd/ogre-1.7.2/OgreMain/src/OgreOverlayManager.cpp (line 621)
15:43:48: OGRE EXCEPTION(5:ItemIdentityException): OverlayElement with name Core/AverageFps not found. in OverlayManager::getOverlayElementImpl at /build/buildd/ogre-1.7.2/OgreMain/src/OgreOverlayManager.cpp (line 621)
15:43:48: OGRE EXCEPTION(5:ItemIdentityException): OverlayElement with name Core/AverageFps not found. in OverlayManager::getOverlayElementImpl at /build/buildd/ogre-1.7.2/OgreMain/src/OgreOverlayManager.cpp (line 621)
15:43:48: OGRE EXCEPTION(5:ItemIdentityException): OverlayElement with name Core/AverageFps not found. in OverlayManager::getOverlayElementImpl at /build/buildd/ogre-1.7.2/OgreMain/src/OgreOverlayManager.cpp (line 621)
15:43:48: OGRE EXCEPTION(5:ItemIdentityException): OverlayElement with name Core/AverageFps not found. in OverlayManager::getOverlayElementImpl at /build/buildd/ogre-1.7.2/OgreMain/src/OgreOverlayManager.cpp (line 621)
15:43:48: OGRE EXCEPTION(5:ItemIdentityException): OverlayElement with name Core/AverageFps not found. in OverlayManager::getOverlayElementImpl at /build/buildd/ogre-1.7.2/OgreMain/src/OgreOverlayManager.cpp (line 621)
15:43:48: OGRE EXCEPTION(5:ItemIdentityException): OverlayElement with name Core/AverageFps not found. in OverlayManager::getOverlayElementImpl at /build/buildd/ogre-1.7.2/OgreMain/src/OgreOverlayManager.cpp (line 621)
15:43:48: OGRE EXCEPTION(5:ItemIdentityException): OverlayElement with name Core/AverageFps not found. in OverlayManager::getOverlayElementImpl at /build/buildd/ogre-1.7.2/OgreMain/src/OgreOverlayManager.cpp (line 621)
15:43:48: OGRE EXCEPTION(5:ItemIdentityException): OverlayElement with name Core/AverageFps not found. in OverlayManager::getOverlayElementImpl at /build/buildd/ogre-1.7.2/OgreMain/src/OgreOverlayManager.cpp (line 621)
15:43:48: OGRE EXCEPTION(5:ItemIdentityException): OverlayElement with name Core/AverageFps not found. in OverlayManager::getOverlayElementImpl at /build/buildd/ogre-1.7.2/OgreMain/src/OgreOverlayManager.cpp (line 621)
15:43:48: OGRE EXCEPTION(5:ItemIdentityException): OverlayElement with name Core/AverageFps not found. in OverlayManager::getOverlayElementImpl at /build/buildd/ogre-1.7.2/OgreMain/src/OgreOverlayManager.cpp (line 621)
15:43:48: OGRE EXCEPTION(5:ItemIdentityException): OverlayElement with name Core/AverageFps not found. in OverlayManager::getOverlayElementImpl at /build/buildd/ogre-1.7.2/OgreMain/src/OgreOverlayManager.cpp (line 621)
15:43:48: OGRE EXCEPTION(5:ItemIdentityException): OverlayElement with name Core/AverageFps not found. in OverlayManager::getOverlayElementImpl at /build/buildd/ogre-1.7.2/OgreMain/src/OgreOverlayManager.cpp (line 621)
15:43:48: OGRE EXCEPTION(5:ItemIdentityException): OverlayElement with name Core/AverageFps not found. in OverlayManager::getOverlayElementImpl at /build/buildd/ogre-1.7.2/OgreMain/src/OgreOverlayManager.cpp (line 621)
15:43:48: OGRE EXCEPTION(5:ItemIdentityException): OverlayElement with name Core/AverageFps not found. in OverlayManager::getOverlayElementImpl at /build/buildd/ogre-1.7.2/OgreMain/src/OgreOverlayManager.cpp (line 621)
15:43:48: OGRE EXCEPTION(5:ItemIdentityException): OverlayElement with name Core/AverageFps not found. in OverlayManager::getOverlayElementImpl at /build/buildd/ogre-1.7.2/OgreMain/src/OgreOverlayManager.cpp (line 621)
15:43:49: OGRE EXCEPTION(5:ItemIdentityException): OverlayElement with name Core/AverageFps not found. in OverlayManager::getOverlayElementImpl at /build/buildd/ogre-1.7.2/OgreMain/src/OgreOverlayManager.cpp (line 621)
15:43:49: OGRE EXCEPTION(5:ItemIdentityException): OverlayElement with name Core/AverageFps not found. in OverlayManager::getOverlayElementImpl at /build/buildd/ogre-1.7.2/OgreMain/src/OgreOverlayManager.cpp (line 621)
15:43:49: OGRE EXCEPTION(5:ItemIdentityException): OverlayElement with name Core/AverageFps not found. in OverlayManager::getOverlayElementImpl at /build/buildd/ogre-1.7.2/OgreMain/src/OgreOverlayManager.cpp (line 621)
15:43:49: OGRE EXCEPTION(5:ItemIdentityException): OverlayElement with name Core/AverageFps not found. in OverlayManager::getOverlayElementImpl at /build/buildd/ogre-1.7.2/OgreMain/src/OgreOverlayManager.cpp (line 621)
15:43:49: OGRE EXCEPTION(5:ItemIdentityException): OverlayElement with name Core/AverageFps not found. in OverlayManager::getOverlayElementImpl at /build/buildd/ogre-1.7.2/OgreMain/src/OgreOverlayManager.cpp (line 621)
15:43:49: OGRE EXCEPTION(5:ItemIdentityException): OverlayElement with name Core/AverageFps not found. in OverlayManager::getOverlayElementImpl at /build/buildd/ogre-1.7.2/OgreMain/src/OgreOverlayManager.cpp (line 621)
15:43:49: OGRE EXCEPTION(5:ItemIdentityException): OverlayElement with name Core/AverageFps not found. in OverlayManager::getOverlayElementImpl at /build/buildd/ogre-1.7.2/OgreMain/src/OgreOverlayManager.cpp (line 621)
15:43:49: OGRE EXCEPTION(5:ItemIdentityException): OverlayElement with name Core/AverageFps not found. in OverlayManager::getOverlayElementImpl at /build/buildd/ogre-1.7.2/OgreMain/src/OgreOverlayManager.cpp (line 621)
15:43:49: OGRE EXCEPTION(5:ItemIdentityException): OverlayElement with name Core/AverageFps not found. in OverlayManager::getOverlayElementImpl at /build/buildd/ogre-1.7.2/OgreMain/src/OgreOverlayManager.cpp (line 621)
15:43:49: OGRE EXCEPTION(5:ItemIdentityException): OverlayElement with name Core/AverageFps not found. in OverlayManager::getOverlayElementImpl at /build/buildd/ogre-1.7.2/OgreMain/src/OgreOverlayManager.cpp (line 621)
15:43:49: OGRE EXCEPTION(5:ItemIdentityException): OverlayElement with name Core/AverageFps not found. in OverlayManager::getOverlayElementImpl at /build/buildd/ogre-1.7.2/OgreMain/src/OgreOverlayManager.cpp (line 621)
15:43:49: OGRE EXCEPTION(5:ItemIdentityException): OverlayElement with name Core/AverageFps not found. in OverlayManager::getOverlayElementImpl at /build/buildd/ogre-1.7.2/OgreMain/src/OgreOverlayManager.cpp (line 621)
15:43:49: OGRE EXCEPTION(5:ItemIdentityException): OverlayElement with name Core/AverageFps not found. in OverlayManager::getOverlayElementImpl at /build/buildd/ogre-1.7.2/OgreMain/src/OgreOverlayManager.cpp (line 621)
15:43:49: OGRE EXCEPTION(5:ItemIdentityException): OverlayElement with name Core/AverageFps not found. in OverlayManager::getOverlayElementImpl at /build/buildd/ogre-1.7.2/OgreMain/src/OgreOverlayManager.cpp (line 621)
15:43:49: OGRE EXCEPTION(5:ItemIdentityException): OverlayElement with name Core/AverageFps not found. in OverlayManager::getOverlayElementImpl at /build/buildd/ogre-1.7.2/OgreMain/src/OgreOverlayManager.cpp (line 621)
15:43:49: OGRE EXCEPTION(5:ItemIdentityException): OverlayElement with name Core/AverageFps not found. in OverlayManager::getOverlayElementImpl at /build/buildd/ogre-1.7.2/OgreMain/src/OgreOverlayManager.cpp (line 621)
15:43:49: OGRE EXCEPTION(5:ItemIdentityException): OverlayElement with name Core/AverageFps not found. in OverlayManager::getOverlayElementImpl at /build/buildd/ogre-1.7.2/OgreMain/src/OgreOverlayManager.cpp (line 621)
15:43:49: OGRE EXCEPTION(5:ItemIdentityException): OverlayElement with name Core/AverageFps not found. in OverlayManager::getOverlayElementImpl at /build/buildd/ogre-1.7.2/OgreMain/src/OgreOverlayManager.cpp (line 621)
15:43:49: OGRE EXCEPTION(5:ItemIdentityException): OverlayElement with name Core/AverageFps not found. in OverlayManager::getOverlayElementImpl at /build/buildd/ogre-1.7.2/OgreMain/src/OgreOverlayManager.cpp (line 621)
15:43:49: OGRE EXCEPTION(5:ItemIdentityException): OverlayElement with name Core/AverageFps not found. in OverlayManager::getOverlayElementImpl at /build/buildd/ogre-1.7.2/OgreMain/src/OgreOverlayManager.cpp (line 621)
15:43:49: OGRE EXCEPTION(5:ItemIdentityException): OverlayElement with name Core/AverageFps not found. in OverlayManager::getOverlayElementImpl at /build/buildd/ogre-1.7.2/OgreMain/src/OgreOverlayManager.cpp (line 621)
15:43:49: OGRE EXCEPTION(5:ItemIdentityException): OverlayElement with name Core/AverageFps not found. in OverlayManager::getOverlayElementImpl at /build/buildd/ogre-1.7.2/OgreMain/src/OgreOverlayManager.cpp (line 621)
15:43:49: OGRE EXCEPTION(5:ItemIdentityException): OverlayElement with name Core/AverageFps not found. in OverlayManager::getOverlayElementImpl at /build/buildd/ogre-1.7.2/OgreMain/src/OgreOverlayManager.cpp (line 621)
15:43:49: OGRE EXCEPTION(5:ItemIdentityException): OverlayElement with name Core/AverageFps not found. in OverlayManager::getOverlayElementImpl at /build/buildd/ogre-1.7.2/OgreMain/src/OgreOverlayManager.cpp (line 621)
15:43:49: OGRE EXCEPTION(5:ItemIdentityException): OverlayElement with name Core/AverageFps not found. in OverlayManager::getOverlayElementImpl at /build/buildd/ogre-1.7.2/OgreMain/src/OgreOverlayManager.cpp (line 621)
15:43:49: OGRE EXCEPTION(5:ItemIdentityException): OverlayElement with name Core/AverageFps not found. in OverlayManager::getOverlayElementImpl at /build/buildd/ogre-1.7.2/OgreMain/src/OgreOverlayManager.cpp (line 621)
15:43:49: OGRE EXCEPTION(5:ItemIdentityException): OverlayElement with name Core/AverageFps not found. in OverlayManager::getOverlayElementImpl at /build/buildd/ogre-1.7.2/OgreMain/src/OgreOverlayManager.cpp (line 621)
15:43:49: OGRE EXCEPTION(5:ItemIdentityException): OverlayElement with name Core/AverageFps not found. in OverlayManager::getOverlayElementImpl at /build/buildd/ogre-1.7.2/OgreMain/src/OgreOverlayManager.cpp (line 621)
15:43:49: OGRE EXCEPTION(5:ItemIdentityException): OverlayElement with name Core/AverageFps not found. in OverlayManager::getOverlayElementImpl at /build/buildd/ogre-1.7.2/OgreMain/src/OgreOverlayManager.cpp (line 621)
15:43:49: OGRE EXCEPTION(5:ItemIdentityException): OverlayElement with name Core/AverageFps not found. in OverlayManager::getOverlayElementImpl at /build/buildd/ogre-1.7.2/OgreMain/src/OgreOverlayManager.cpp (line 621)
15:43:50: OGRE EXCEPTION(5:ItemIdentityException): OverlayElement with name Core/AverageFps not found. in OverlayManager::getOverlayElementImpl at /build/buildd/ogre-1.7.2/OgreMain/src/OgreOverlayManager.cpp (line 621)
15:43:50: OGRE EXCEPTION(5:ItemIdentityException): OverlayElement with name Core/AverageFps not found. in OverlayManager::getOverlayElementImpl at /build/buildd/ogre-1.7.2/OgreMain/src/OgreOverlayManager.cpp (line 621)
15:43:50: OGRE EXCEPTION(5:ItemIdentityException): OverlayElement with name Core/AverageFps not found. in OverlayManager::getOverlayElementImpl at /build/buildd/ogre-1.7.2/OgreMain/src/OgreOverlayManager.cpp (line 621)
15:43:50: OGRE EXCEPTION(5:ItemIdentityException): OverlayElement with name Core/AverageFps not found. in OverlayManager::getOverlayElementImpl at /build/buildd/ogre-1.7.2/OgreMain/src/OgreOverlayManager.cpp (line 621)
15:43:50: OGRE EXCEPTION(5:ItemIdentityException): OverlayElement with name Core/AverageFps not found. in OverlayManager::getOverlayElementImpl at /build/buildd/ogre-1.7.2/OgreMain/src/OgreOverlayManager.cpp (line 621)
15:43:50: OGRE EXCEPTION(5:ItemIdentityException): OverlayElement with name Core/AverageFps not found. in OverlayManager::getOverlayElementImpl at /build/buildd/ogre-1.7.2/OgreMain/src/OgreOverlayManager.cpp (line 621)
15:43:50: OGRE EXCEPTION(5:ItemIdentityException): OverlayElement with name Core/AverageFps not found. in OverlayManager::getOverlayElementImpl at /build/buildd/ogre-1.7.2/OgreMain/src/OgreOverlayManager.cpp (line 621)
15:43:50: OGRE EXCEPTION(5:ItemIdentityException): OverlayElement with name Core/AverageFps not found. in OverlayManager::getOverlayElementImpl at /build/buildd/ogre-1.7.2/OgreMain/src/OgreOverlayManager.cpp (line 621)
15:43:50: OGRE EXCEPTION(5:ItemIdentityException): OverlayElement with name Core/AverageFps not found. in OverlayManager::getOverlayElementImpl at /build/buildd/ogre-1.7.2/OgreMain/src/OgreOverlayManager.cpp (line 621)
15:43:50: OGRE EXCEPTION(5:ItemIdentityException): OverlayElement with name Core/AverageFps not found. in OverlayManager::getOverlayElementImpl at /build/buildd/ogre-1.7.2/OgreMain/src/OgreOverlayManager.cpp (line 621)
15:43:50: OGRE EXCEPTION(5:ItemIdentityException): OverlayElement with name Core/AverageFps not found. in OverlayManager::getOverlayElementImpl at /build/buildd/ogre-1.7.2/OgreMain/src/OgreOverlayManager.cpp (line 621)
15:43:50: OGRE EXCEPTION(5:ItemIdentityException): OverlayElement with name Core/AverageFps not found. in OverlayManager::getOverlayElementImpl at /build/buildd/ogre-1.7.2/OgreMain/src/OgreOverlayManager.cpp (line 621)
15:43:50: OGRE EXCEPTION(5:ItemIdentityException): OverlayElement with name Core/AverageFps not found. in OverlayManager::getOverlayElementImpl at /build/buildd/ogre-1.7.2/OgreMain/src/OgreOverlayManager.cpp (line 621)
15:43:50: OGRE EXCEPTION(5:ItemIdentityException): OverlayElement with name Core/AverageFps not found. in OverlayManager::getOverlayElementImpl at /build/buildd/ogre-1.7.2/OgreMain/src/OgreOverlayManager.cpp (line 621)
15:43:50: OGRE EXCEPTION(5:ItemIdentityException): OverlayElement with name Core/AverageFps not found. in OverlayManager::getOverlayElementImpl at /build/buildd/ogre-1.7.2/OgreMain/src/OgreOverlayManager.cpp (line 621)
15:43:50: OGRE EXCEPTION(5:ItemIdentityException): OverlayElement with name Core/AverageFps not found. in OverlayManager::getOverlayElementImpl at /build/buildd/ogre-1.7.2/OgreMain/src/OgreOverlayManager.cpp (line 621)
15:43:50: OGRE EXCEPTION(5:ItemIdentityException): OverlayElement with name Core/AverageFps not found. in OverlayManager::getOverlayElementImpl at /build/buildd/ogre-1.7.2/OgreMain/src/OgreOverlayManager.cpp (line 621)
15:43:50: OGRE EXCEPTION(5:ItemIdentityException): OverlayElement with name Core/AverageFps not found. in OverlayManager::getOverlayElementImpl at /build/buildd/ogre-1.7.2/OgreMain/src/OgreOverlayManager.cpp (line 621)
15:43:50: OGRE EXCEPTION(5:ItemIdentityException): OverlayElement with name Core/AverageFps not found. in OverlayManager::getOverlayElementImpl at /build/buildd/ogre-1.7.2/OgreMain/src/OgreOverlayManager.cpp (line 621)
15:43:50: OGRE EXCEPTION(5:ItemIdentityException): OverlayElement with name Core/AverageFps not found. in OverlayManager::getOverlayElementImpl at /build/buildd/ogre-1.7.2/OgreMain/src/OgreOverlayManager.cpp (line 621)
15:43:50: OGRE EXCEPTION(5:ItemIdentityException): OverlayElement with name Core/AverageFps not found. in OverlayManager::getOverlayElementImpl at /build/buildd/ogre-1.7.2/OgreMain/src/OgreOverlayManager.cpp (line 621)
15:43:50: OGRE EXCEPTION(5:ItemIdentityException): OverlayElement with name Core/AverageFps not found. in OverlayManager::getOverlayElementImpl at /build/buildd/ogre-1.7.2/OgreMain/src/OgreOverlayManager.cpp (line 621)
15:43:50: OGRE EXCEPTION(5:ItemIdentityException): OverlayElement with name Core/AverageFps not found. in OverlayManager::getOverlayElementImpl at /build/buildd/ogre-1.7.2/OgreMain/src/OgreOverlayManager.cpp (line 621)
15:43:50: OGRE EXCEPTION(5:ItemIdentityException): OverlayElement with name Core/AverageFps not found. in OverlayManager::getOverlayElementImpl at /build/buildd/ogre-1.7.2/OgreMain/src/OgreOverlayManager.cpp (line 621)
15:43:50: OGRE EXCEPTION(5:ItemIdentityException): OverlayElement with name Core/AverageFps not found. in OverlayManager::getOverlayElementImpl at /build/buildd/ogre-1.7.2/OgreMain/src/OgreOverlayManager.cpp (line 621)
15:43:50: OGRE EXCEPTION(5:ItemIdentityException): OverlayElement with name Core/AverageFps not found. in OverlayManager::getOverlayElementImpl at /build/buildd/ogre-1.7.2/OgreMain/src/OgreOverlayManager.cpp (line 621)
15:43:50: OGRE EXCEPTION(5:ItemIdentityException): OverlayElement with name Core/AverageFps not found. in OverlayManager::getOverlayElementImpl at /build/buildd/ogre-1.7.2/OgreMain/src/OgreOverlayManager.cpp (line 621)
15:43:50: OGRE EXCEPTION(5:ItemIdentityException): OverlayElement with name Core/AverageFps not found. in OverlayManager::getOverlayElementImpl at /build/buildd/ogre-1.7.2/OgreMain/src/OgreOverlayManager.cpp (line 621)
15:43:50: OGRE EXCEPTION(5:ItemIdentityException): OverlayElement with name Core/AverageFps not found. in OverlayManager::getOverlayElementImpl at /build/buildd/ogre-1.7.2/OgreMain/src/OgreOverlayManager.cpp (line 621)
15:43:50: OGRE EXCEPTION(5:ItemIdentityException): OverlayElement with name Core/AverageFps not found. in OverlayManager::getOverlayElementImpl at /build/buildd/ogre-1.7.2/OgreMain/src/OgreOverlayManager.cpp (line 621)
15:43:51: OGRE EXCEPTION(5:ItemIdentityException): OverlayElement with name Core/AverageFps not found. in OverlayManager::getOverlayElementImpl at /build/buildd/ogre-1.7.2/OgreMain/src/OgreOverlayManager.cpp (line 621)
15:43:51: OGRE EXCEPTION(5:ItemIdentityException): OverlayElement with name Core/AverageFps not found. in OverlayManager::getOverlayElementImpl at /build/buildd/ogre-1.7.2/OgreMain/src/OgreOverlayManager.cpp (line 621)
15:43:51: OGRE EXCEPTION(5:ItemIdentityException): OverlayElement with name Core/AverageFps not found. in OverlayManager::getOverlayElementImpl at /build/buildd/ogre-1.7.2/OgreMain/src/OgreOverlayManager.cpp (line 621)
15:43:51: OGRE EXCEPTION(5:ItemIdentityException): OverlayElement with name Core/AverageFps not found. in OverlayManager::getOverlayElementImpl at /build/buildd/ogre-1.7.2/OgreMain/src/OgreOverlayManager.cpp (line 621)
15:43:51: OGRE EXCEPTION(5:ItemIdentityException): OverlayElement with name Core/AverageFps not found. in OverlayManager::getOverlayElementImpl at /build/buildd/ogre-1.7.2/OgreMain/src/OgreOverlayManager.cpp (line 621)
15:43:51: OGRE EXCEPTION(5:ItemIdentityException): OverlayElement with name Core/AverageFps not found. in OverlayManager::getOverlayElementImpl at /build/buildd/ogre-1.7.2/OgreMain/src/OgreOverlayManager.cpp (line 621)
15:43:51: OGRE EXCEPTION(5:ItemIdentityException): OverlayElement with name Core/AverageFps not found. in OverlayManager::getOverlayElementImpl at /build/buildd/ogre-1.7.2/OgreMain/src/OgreOverlayManager.cpp (line 621)
15:43:51: OGRE EXCEPTION(5:ItemIdentityException): OverlayElement with name Core/AverageFps not found. in OverlayManager::getOverlayElementImpl at /build/buildd/ogre-1.7.2/OgreMain/src/OgreOverlayManager.cpp (line 621)
15:43:51: OGRE EXCEPTION(5:ItemIdentityException): OverlayElement with name Core/AverageFps not found. in OverlayManager::getOverlayElementImpl at /build/buildd/ogre-1.7.2/OgreMain/src/OgreOverlayManager.cpp (line 621)
15:43:51: OGRE EXCEPTION(5:ItemIdentityException): OverlayElement with name Core/AverageFps not found. in OverlayManager::getOverlayElementImpl at /build/buildd/ogre-1.7.2/OgreMain/src/OgreOverlayManager.cpp (line 621)
15:43:51: OGRE EXCEPTION(5:ItemIdentityException): OverlayElement with name Core/AverageFps not found. in OverlayManager::getOverlayElementImpl at /build/buildd/ogre-1.7.2/OgreMain/src/OgreOverlayManager.cpp (line 621)
15:43:51: OGRE EXCEPTION(5:ItemIdentityException): OverlayElement with name Core/AverageFps not found. in OverlayManager::getOverlayElementImpl at /build/buildd/ogre-1.7.2/OgreMain/src/OgreOverlayManager.cpp (line 621)
15:43:51: OGRE EXCEPTION(5:ItemIdentityException): OverlayElement with name Core/AverageFps not found. in OverlayManager::getOverlayElementImpl at /build/buildd/ogre-1.7.2/OgreMain/src/OgreOverlayManager.cpp (line 621)
15:43:51: OGRE EXCEPTION(5:ItemIdentityException): OverlayElement with name Core/AverageFps not found. in OverlayManager::getOverlayElementImpl at /build/buildd/ogre-1.7.2/OgreMain/src/OgreOverlayManager.cpp (line 621)
15:43:51: OGRE EXCEPTION(5:ItemIdentityException): OverlayElement with name Core/AverageFps not found. in OverlayManager::getOverlayElementImpl at /build/buildd/ogre-1.7.2/OgreMain/src/OgreOverlayManager.cpp (line 621)
15:43:51: OGRE EXCEPTION(5:ItemIdentityException): OverlayElement with name Core/AverageFps not found. in OverlayManager::getOverlayElementImpl at /build/buildd/ogre-1.7.2/OgreMain/src/OgreOverlayManager.cpp (line 621)
15:43:51: OGRE EXCEPTION(5:ItemIdentityException): OverlayElement with name Core/AverageFps not found. in OverlayManager::getOverlayElementImpl at /build/buildd/ogre-1.7.2/OgreMain/src/OgreOverlayManager.cpp (line 621)
15:43:51: OGRE EXCEPTION(5:ItemIdentityException): OverlayElement with name Core/AverageFps not found. in OverlayManager::getOverlayElementImpl at /build/buildd/ogre-1.7.2/OgreMain/src/OgreOverlayManager.cpp (line 621)
15:43:51: OGRE EXCEPTION(5:ItemIdentityException): OverlayElement with name Core/AverageFps not found. in OverlayManager::getOverlayElementImpl at /build/buildd/ogre-1.7.2/OgreMain/src/OgreOverlayManager.cpp (line 621)
15:43:51: OGRE EXCEPTION(5:ItemIdentityException): OverlayElement with name Core/AverageFps not found. in OverlayManager::getOverlayElementImpl at /build/buildd/ogre-1.7.2/OgreMain/src/OgreOverlayManager.cpp (line 621)
15:43:51: OGRE EXCEPTION(5:ItemIdentityException): OverlayElement with name Core/AverageFps not found. in OverlayManager::getOverlayElementImpl at /build/buildd/ogre-1.7.2/OgreMain/src/OgreOverlayManager.cpp (line 621)
15:43:51: OGRE EXCEPTION(5:ItemIdentityException): OverlayElement with name Core/AverageFps not found. in OverlayManager::getOverlayElementImpl at /build/buildd/ogre-1.7.2/OgreMain/src/OgreOverlayManager.cpp (line 621)
15:43:51: OGRE EXCEPTION(5:ItemIdentityException): OverlayElement with name Core/AverageFps not found. in OverlayManager::getOverlayElementImpl at /build/buildd/ogre-1.7.2/OgreMain/src/OgreOverlayManager.cpp (line 621)
15:43:51: OGRE EXCEPTION(5:ItemIdentityException): OverlayElement with name Core/AverageFps not found. in OverlayManager::getOverlayElementImpl at /build/buildd/ogre-1.7.2/OgreMain/src/OgreOverlayManager.cpp (line 621)
15:43:51: OGRE EXCEPTION(5:ItemIdentityException): OverlayElement with name Core/AverageFps not found. in OverlayManager::getOverlayElementImpl at /build/buildd/ogre-1.7.2/OgreMain/src/OgreOverlayManager.cpp (line 621)
15:43:51: OGRE EXCEPTION(5:ItemIdentityException): OverlayElement with name Core/AverageFps not found. in OverlayManager::getOverlayElementImpl at /build/buildd/ogre-1.7.2/OgreMain/src/OgreOverlayManager.cpp (line 621)
15:43:51: OGRE EXCEPTION(5:ItemIdentityException): OverlayElement with name Core/AverageFps not found. in OverlayManager::getOverlayElementImpl at /build/buildd/ogre-1.7.2/OgreMain/src/OgreOverlayManager.cpp (line 621)
15:43:51: OGRE EXCEPTION(5:ItemIdentityException): OverlayElement with name Core/AverageFps not found. in OverlayManager::getOverlayElementImpl at /build/buildd/ogre-1.7.2/OgreMain/src/OgreOverlayManager.cpp (line 621)
15:43:51: OGRE EXCEPTION(5:ItemIdentityException): OverlayElement with name Core/AverageFps not found. in OverlayManager::getOverlayElementImpl at /build/buildd/ogre-1.7.2/OgreMain/src/OgreOverlayManager.cpp (line 621)
15:43:51: OGRE EXCEPTION(5:ItemIdentityException): OverlayElement with name Core/AverageFps not found. in OverlayManager::getOverlayElementImpl at /build/buildd/ogre-1.7.2/OgreMain/src/OgreOverlayManager.cpp (line 621)
15:43:51: OGRE EXCEPTION(5:ItemIdentityException): OverlayElement with name Core/AverageFps not found. in OverlayManager::getOverlayElementImpl at /build/buildd/ogre-1.7.2/OgreMain/src/OgreOverlayManager.cpp (line 621)
15:43:51: OGRE EXCEPTION(5:ItemIdentityException): OverlayElement with name Core/AverageFps not found. in OverlayManager::getOverlayElementImpl at /build/buildd/ogre-1.7.2/OgreMain/src/OgreOverlayManager.cpp (line 621)
15:43:51: OGRE EXCEPTION(5:ItemIdentityException): OverlayElement with name Core/AverageFps not found. in OverlayManager::getOverlayElementImpl at /build/buildd/ogre-1.7.2/OgreMain/src/OgreOverlayManager.cpp (line 621)
15:43:52: OGRE EXCEPTION(5:ItemIdentityException): OverlayElement with name Core/AverageFps not found. in OverlayManager::getOverlayElementImpl at /build/buildd/ogre-1.7.2/OgreMain/src/OgreOverlayManager.cpp (line 621)
15:43:52: OGRE EXCEPTION(5:ItemIdentityException): OverlayElement with name Core/AverageFps not found. in OverlayManager::getOverlayElementImpl at /build/buildd/ogre-1.7.2/OgreMain/src/OgreOverlayManager.cpp (line 621)
15:43:52: OGRE EXCEPTION(5:ItemIdentityException): OverlayElement with name Core/AverageFps not found. in OverlayManager::getOverlayElementImpl at /build/buildd/ogre-1.7.2/OgreMain/src/OgreOverlayManager.cpp (line 621)
15:43:52: OGRE EXCEPTION(5:ItemIdentityException): OverlayElement with name Core/AverageFps not found. in OverlayManager::getOverlayElementImpl at /build/buildd/ogre-1.7.2/OgreMain/src/OgreOverlayManager.cpp (line 621)
15:43:52: OGRE EXCEPTION(5:ItemIdentityException): OverlayElement with name Core/AverageFps not found. in OverlayManager::getOverlayElementImpl at /build/buildd/ogre-1.7.2/OgreMain/src/OgreOverlayManager.cpp (line 621)
15:43:52: OGRE EXCEPTION(5:ItemIdentityException): OverlayElement with name Core/AverageFps not found. in OverlayManager::getOverlayElementImpl at /build/buildd/ogre-1.7.2/OgreMain/src/OgreOverlayManager.cpp (line 621)
15:43:52: OGRE EXCEPTION(5:ItemIdentityException): OverlayElement with name Core/AverageFps not found. in OverlayManager::getOverlayElementImpl at /build/buildd/ogre-1.7.2/OgreMain/src/OgreOverlayManager.cpp (line 621)
15:43:52: OGRE EXCEPTION(5:ItemIdentityException): OverlayElement with name Core/AverageFps not found. in OverlayManager::getOverlayElementImpl at /build/buildd/ogre-1.7.2/OgreMain/src/OgreOverlayManager.cpp (line 621)
15:43:52: OGRE EXCEPTION(5:ItemIdentityException): OverlayElement with name Core/AverageFps not found. in OverlayManager::getOverlayElementImpl at /build/buildd/ogre-1.7.2/OgreMain/src/OgreOverlayManager.cpp (line 621)
15:43:52: OGRE EXCEPTION(5:ItemIdentityException): OverlayElement with name Core/AverageFps not found. in OverlayManager::getOverlayElementImpl at /build/buildd/ogre-1.7.2/OgreMain/src/OgreOverlayManager.cpp (line 621)
15:43:52: OGRE EXCEPTION(5:ItemIdentityException): OverlayElement with name Core/AverageFps not found. in OverlayManager::getOverlayElementImpl at /build/buildd/ogre-1.7.2/OgreMain/src/OgreOverlayManager.cpp (line 621)
15:43:52: OGRE EXCEPTION(5:ItemIdentityException): OverlayElement with name Core/AverageFps not found. in OverlayManager::getOverlayElementImpl at /build/buildd/ogre-1.7.2/OgreMain/src/OgreOverlayManager.cpp (line 621)
15:43:52: OGRE EXCEPTION(5:ItemIdentityException): OverlayElement with name Core/AverageFps not found. in OverlayManager::getOverlayElementImpl at /build/buildd/ogre-1.7.2/OgreMain/src/OgreOverlayManager.cpp (line 621)
15:43:52: OGRE EXCEPTION(5:ItemIdentityException): OverlayElement with name Core/AverageFps not found. in OverlayManager::getOverlayElementImpl at /build/buildd/ogre-1.7.2/OgreMain/src/OgreOverlayManager.cpp (line 621)
15:43:52: OGRE EXCEPTION(5:ItemIdentityException): OverlayElement with name Core/AverageFps not found. in OverlayManager::getOverlayElementImpl at /build/buildd/ogre-1.7.2/OgreMain/src/OgreOverlayManager.cpp (line 621)
15:43:52: OGRE EXCEPTION(5:ItemIdentityException): OverlayElement with name Core/AverageFps not found. in OverlayManager::getOverlayElementImpl at /build/buildd/ogre-1.7.2/OgreMain/src/OgreOverlayManager.cpp (line 621)
15:43:52: OGRE EXCEPTION(5:ItemIdentityException): OverlayElement with name Core/AverageFps not found. in OverlayManager::getOverlayElementImpl at /build/buildd/ogre-1.7.2/OgreMain/src/OgreOverlayManager.cpp (line 621)
15:43:52: OGRE EXCEPTION(5:ItemIdentityException): OverlayElement with name Core/AverageFps not found. in OverlayManager::getOverlayElementImpl at /build/buildd/ogre-1.7.2/OgreMain/src/OgreOverlayManager.cpp (line 621)
15:43:52: OGRE EXCEPTION(5:ItemIdentityException): OverlayElement with name Core/AverageFps not found. in OverlayManager::getOverlayElementImpl at /build/buildd/ogre-1.7.2/OgreMain/src/OgreOverlayManager.cpp (line 621)
15:43:52: OGRE EXCEPTION(5:ItemIdentityException): OverlayElement with name Core/AverageFps not found. in OverlayManager::getOverlayElementImpl at /build/buildd/ogre-1.7.2/OgreMain/src/OgreOverlayManager.cpp (line 621)
15:43:52: OGRE EXCEPTION(5:ItemIdentityException): OverlayElement with name Core/AverageFps not found. in OverlayManager::getOverlayElementImpl at /build/buildd/ogre-1.7.2/OgreMain/src/OgreOverlayManager.cpp (line 621)
15:43:52: OGRE EXCEPTION(5:ItemIdentityException): OverlayElement with name Core/AverageFps not found. in OverlayManager::getOverlayElementImpl at /build/buildd/ogre-1.7.2/OgreMain/src/OgreOverlayManager.cpp (line 621)
15:43:52: OGRE EXCEPTION(5:ItemIdentityException): OverlayElement with name Core/AverageFps not found. in OverlayManager::getOverlayElementImpl at /build/buildd/ogre-1.7.2/OgreMain/src/OgreOverlayManager.cpp (line 621)
15:43:52: OGRE EXCEPTION(5:ItemIdentityException): OverlayElement with name Core/AverageFps not found. in OverlayManager::getOverlayElementImpl at /build/buildd/ogre-1.7.2/OgreMain/src/OgreOverlayManager.cpp (line 621)
15:43:52: OGRE EXCEPTION(5:ItemIdentityException): OverlayElement with name Core/AverageFps not found. in OverlayManager::getOverlayElementImpl at /build/buildd/ogre-1.7.2/OgreMain/src/OgreOverlayManager.cpp (line 621)
15:43:52: OGRE EXCEPTION(5:ItemIdentityException): OverlayElement with name Core/AverageFps not found. in OverlayManager::getOverlayElementImpl at /build/buildd/ogre-1.7.2/OgreMain/src/OgreOverlayManager.cpp (line 621)
15:43:52: OGRE EXCEPTION(5:ItemIdentityException): OverlayElement with name Core/AverageFps not found. in OverlayManager::getOverlayElementImpl at /build/buildd/ogre-1.7.2/OgreMain/src/OgreOverlayManager.cpp (line 621)
15:43:52: OGRE EXCEPTION(5:ItemIdentityException): OverlayElement with name Core/AverageFps not found. in OverlayManager::getOverlayElementImpl at /build/buildd/ogre-1.7.2/OgreMain/src/OgreOverlayManager.cpp (line 621)
15:43:52: OGRE EXCEPTION(5:ItemIdentityException): OverlayElement with name Core/AverageFps not found. in OverlayManager::getOverlayElementImpl at /build/buildd/ogre-1.7.2/OgreMain/src/OgreOverlayManager.cpp (line 621)
15:43:52: OGRE EXCEPTION(5:ItemIdentityException): OverlayElement with name Core/AverageFps not found. in OverlayManager::getOverlayElementImpl at /build/buildd/ogre-1.7.2/OgreMain/src/OgreOverlayManager.cpp (line 621)
15:43:52: OGRE EXCEPTION(5:ItemIdentityException): OverlayElement with name Core/AverageFps not found. in OverlayManager::getOverlayElementImpl at /build/buildd/ogre-1.7.2/OgreMain/src/OgreOverlayManager.cpp (line 621)
15:43:52: OGRE EXCEPTION(5:ItemIdentityException): OverlayElement with name Core/AverageFps not found. in OverlayManager::getOverlayElementImpl at /build/buildd/ogre-1.7.2/OgreMain/src/OgreOverlayManager.cpp (line 621)
15:43:52: OGRE EXCEPTION(5:ItemIdentityException): OverlayElement with name Core/AverageFps not found. in OverlayManager::getOverlayElementImpl at /build/buildd/ogre-1.7.2/OgreMain/src/OgreOverlayManager.cpp (line 621)
15:43:52: OGRE EXCEPTION(5:ItemIdentityException): OverlayElement with name Core/AverageFps not found. in OverlayManager::getOverlayElementImpl at /build/buildd/ogre-1.7.2/OgreMain/src/OgreOverlayManager.cpp (line 621)
15:43:52: OGRE EXCEPTION(5:ItemIdentityException): OverlayElement with name Core/AverageFps not found. in OverlayManager::getOverlayElementImpl at /build/buildd/ogre-1.7.2/OgreMain/src/OgreOverlayManager.cpp (line 621)
15:43:52: OGRE EXCEPTION(5:ItemIdentityException): OverlayElement with name Core/AverageFps not found. in OverlayManager::getOverlayElementImpl at /build/buildd/ogre-1.7.2/OgreMain/src/OgreOverlayManager.cpp (line 621)
15:43:53: OGRE EXCEPTION(5:ItemIdentityException): OverlayElement with name Core/AverageFps not found. in OverlayManager::getOverlayElementImpl at /build/buildd/ogre-1.7.2/OgreMain/src/OgreOverlayManager.cpp (line 621)
15:43:53: OGRE EXCEPTION(5:ItemIdentityException): OverlayElement with name Core/AverageFps not found. in OverlayManager::getOverlayElementImpl at /build/buildd/ogre-1.7.2/OgreMain/src/OgreOverlayManager.cpp (line 621)
15:43:53: OGRE EXCEPTION(5:ItemIdentityException): OverlayElement with name Core/AverageFps not found. in OverlayManager::getOverlayElementImpl at /build/buildd/ogre-1.7.2/OgreMain/src/OgreOverlayManager.cpp (line 621)
15:43:53: OGRE EXCEPTION(5:ItemIdentityException): OverlayElement with name Core/AverageFps not found. in OverlayManager::getOverlayElementImpl at /build/buildd/ogre-1.7.2/OgreMain/src/OgreOverlayManager.cpp (line 621)
15:43:53: OGRE EXCEPTION(5:ItemIdentityException): OverlayElement with name Core/AverageFps not found. in OverlayManager::getOverlayElementImpl at /build/buildd/ogre-1.7.2/OgreMain/src/OgreOverlayManager.cpp (line 621)
15:43:53: OGRE EXCEPTION(5:ItemIdentityException): OverlayElement with name Core/AverageFps not found. in OverlayManager::getOverlayElementImpl at /build/buildd/ogre-1.7.2/OgreMain/src/OgreOverlayManager.cpp (line 621)
15:43:53: OGRE EXCEPTION(5:ItemIdentityException): OverlayElement with name Core/AverageFps not found. in OverlayManager::getOverlayElementImpl at /build/buildd/ogre-1.7.2/OgreMain/src/OgreOverlayManager.cpp (line 621)
15:43:53: OGRE EXCEPTION(5:ItemIdentityException): OverlayElement with name Core/AverageFps not found. in OverlayManager::getOverlayElementImpl at /build/buildd/ogre-1.7.2/OgreMain/src/OgreOverlayManager.cpp (line 621)
15:43:53: OGRE EXCEPTION(5:ItemIdentityException): OverlayElement with name Core/AverageFps not found. in OverlayManager::getOverlayElementImpl at /build/buildd/ogre-1.7.2/OgreMain/src/OgreOverlayManager.cpp (line 621)
15:43:53: OGRE EXCEPTION(5:ItemIdentityException): OverlayElement with name Core/AverageFps not found. in OverlayManager::getOverlayElementImpl at /build/buildd/ogre-1.7.2/OgreMain/src/OgreOverlayManager.cpp (line 621)
15:43:53: OGRE EXCEPTION(5:ItemIdentityException): OverlayElement with name Core/AverageFps not found. in OverlayManager::getOverlayElementImpl at /build/buildd/ogre-1.7.2/OgreMain/src/OgreOverlayManager.cpp (line 621)
15:43:53: OGRE EXCEPTION(5:ItemIdentityException): OverlayElement with name Core/AverageFps not found. in OverlayManager::getOverlayElementImpl at /build/buildd/ogre-1.7.2/OgreMain/src/OgreOverlayManager.cpp (line 621)
15:43:53: OGRE EXCEPTION(5:ItemIdentityException): OverlayElement with name Core/AverageFps not found. in OverlayManager::getOverlayElementImpl at /build/buildd/ogre-1.7.2/OgreMain/src/OgreOverlayManager.cpp (line 621)
15:43:53: OGRE EXCEPTION(5:ItemIdentityException): OverlayElement with name Core/AverageFps not found. in OverlayManager::getOverlayElementImpl at /build/buildd/ogre-1.7.2/OgreMain/src/OgreOverlayManager.cpp (line 621)
15:43:53: OGRE EXCEPTION(5:ItemIdentityException): OverlayElement with name Core/AverageFps not found. in OverlayManager::getOverlayElementImpl at /build/buildd/ogre-1.7.2/OgreMain/src/OgreOverlayManager.cpp (line 621)
15:43:53: OGRE EXCEPTION(5:ItemIdentityException): OverlayElement with name Core/AverageFps not found. in OverlayManager::getOverlayElementImpl at /build/buildd/ogre-1.7.2/OgreMain/src/OgreOverlayManager.cpp (line 621)
15:43:53: OGRE EXCEPTION(5:ItemIdentityException): OverlayElement with name Core/AverageFps not found. in OverlayManager::getOverlayElementImpl at /build/buildd/ogre-1.7.2/OgreMain/src/OgreOverlayManager.cpp (line 621)
15:43:53: OGRE EXCEPTION(5:ItemIdentityException): OverlayElement with name Core/AverageFps not found. in OverlayManager::getOverlayElementImpl at /build/buildd/ogre-1.7.2/OgreMain/src/OgreOverlayManager.cpp (line 621)
15:43:53: OGRE EXCEPTION(5:ItemIdentityException): OverlayElement with name Core/AverageFps not found. in OverlayManager::getOverlayElementImpl at /build/buildd/ogre-1.7.2/OgreMain/src/OgreOverlayManager.cpp (line 621)
15:43:53: OGRE EXCEPTION(5:ItemIdentityException): OverlayElement with name Core/AverageFps not found. in OverlayManager::getOverlayElementImpl at /build/buildd/ogre-1.7.2/OgreMain/src/OgreOverlayManager.cpp (line 621)
15:43:53: OGRE EXCEPTION(5:ItemIdentityException): OverlayElement with name Core/AverageFps not found. in OverlayManager::getOverlayElementImpl at /build/buildd/ogre-1.7.2/OgreMain/src/OgreOverlayManager.cpp (line 621)
15:43:53: OGRE EXCEPTION(5:ItemIdentityException): OverlayElement with name Core/AverageFps not found. in OverlayManager::getOverlayElementImpl at /build/buildd/ogre-1.7.2/OgreMain/src/OgreOverlayManager.cpp (line 621)
15:43:53: OGRE EXCEPTION(5:ItemIdentityException): OverlayElement with name Core/AverageFps not found. in OverlayManager::getOverlayElementImpl at /build/buildd/ogre-1.7.2/OgreMain/src/OgreOverlayManager.cpp (line 621)
15:43:53: OGRE EXCEPTION(5:ItemIdentityException): OverlayElement with name Core/AverageFps not found. in OverlayManager::getOverlayElementImpl at /build/buildd/ogre-1.7.2/OgreMain/src/OgreOverlayManager.cpp (line 621)
15:43:53: OGRE EXCEPTION(5:ItemIdentityException): OverlayElement with name Core/AverageFps not found. in OverlayManager::getOverlayElementImpl at /build/buildd/ogre-1.7.2/OgreMain/src/OgreOverlayManager.cpp (line 621)
15:43:53: OGRE EXCEPTION(5:ItemIdentityException): OverlayElement with name Core/AverageFps not found. in OverlayManager::getOverlayElementImpl at /build/buildd/ogre-1.7.2/OgreMain/src/OgreOverlayManager.cpp (line 621)
15:43:53: OGRE EXCEPTION(5:ItemIdentityException): OverlayElement with name Core/AverageFps not found. in OverlayManager::getOverlayElementImpl at /build/buildd/ogre-1.7.2/OgreMain/src/OgreOverlayManager.cpp (line 621)
15:43:53: OGRE EXCEPTION(5:ItemIdentityException): OverlayElement with name Core/AverageFps not found. in OverlayManager::getOverlayElementImpl at /build/buildd/ogre-1.7.2/OgreMain/src/OgreOverlayManager.cpp (line 621)
15:43:53: OGRE EXCEPTION(5:ItemIdentityException): OverlayElement with name Core/AverageFps not found. in OverlayManager::getOverlayElementImpl at /build/buildd/ogre-1.7.2/OgreMain/src/OgreOverlayManager.cpp (line 621)
15:43:53: OGRE EXCEPTION(5:ItemIdentityException): OverlayElement with name Core/AverageFps not found. in OverlayManager::getOverlayElementImpl at /build/buildd/ogre-1.7.2/OgreMain/src/OgreOverlayManager.cpp (line 621)
15:43:53: OGRE EXCEPTION(5:ItemIdentityException): OverlayElement with name Core/AverageFps not found. in OverlayManager::getOverlayElementImpl at /build/buildd/ogre-1.7.2/OgreMain/src/OgreOverlayManager.cpp (line 621)
15:43:53: OGRE EXCEPTION(5:ItemIdentityException): OverlayElement with name Core/AverageFps not found. in OverlayManager::getOverlayElementImpl at /build/buildd/ogre-1.7.2/OgreMain/src/OgreOverlayManager.cpp (line 621)
15:43:53: OGRE EXCEPTION(5:ItemIdentityException): OverlayElement with name Core/AverageFps not found. in OverlayManager::getOverlayElementImpl at /build/buildd/ogre-1.7.2/OgreMain/src/OgreOverlayManager.cpp (line 621)
15:43:53: OGRE EXCEPTION(5:ItemIdentityException): OverlayElement with name Core/AverageFps not found. in OverlayManager::getOverlayElementImpl at /build/buildd/ogre-1.7.2/OgreMain/src/OgreOverlayManager.cpp (line 621)
15:43:53: OGRE EXCEPTION(5:ItemIdentityException): OverlayElement with name Core/AverageFps not found. in OverlayManager::getOverlayElementImpl at /build/buildd/ogre-1.7.2/OgreMain/src/OgreOverlayManager.cpp (line 621)
15:43:54: OGRE EXCEPTION(5:ItemIdentityException): OverlayElement with name Core/AverageFps not found. in OverlayManager::getOverlayElementImpl at /build/buildd/ogre-1.7.2/OgreMain/src/OgreOverlayManager.cpp (line 621)
15:43:54: OGRE EXCEPTION(5:ItemIdentityException): OverlayElement with name Core/AverageFps not found. in OverlayManager::getOverlayElementImpl at /build/buildd/ogre-1.7.2/OgreMain/src/OgreOverlayManager.cpp (line 621)
15:43:54: OGRE EXCEPTION(5:ItemIdentityException): OverlayElement with name Core/AverageFps not found. in OverlayManager::getOverlayElementImpl at /build/buildd/ogre-1.7.2/OgreMain/src/OgreOverlayManager.cpp (line 621)
15:43:54: OGRE EXCEPTION(5:ItemIdentityException): OverlayElement with name Core/AverageFps not found. in OverlayManager::getOverlayElementImpl at /build/buildd/ogre-1.7.2/OgreMain/src/OgreOverlayManager.cpp (line 621)
15:43:54: OGRE EXCEPTION(5:ItemIdentityException): OverlayElement with name Core/AverageFps not found. in OverlayManager::getOverlayElementImpl at /build/buildd/ogre-1.7.2/OgreMain/src/OgreOverlayManager.cpp (line 621)
15:43:54: OGRE EXCEPTION(5:ItemIdentityException): OverlayElement with name Core/AverageFps not found. in OverlayManager::getOverlayElementImpl at /build/buildd/ogre-1.7.2/OgreMain/src/OgreOverlayManager.cpp (line 621)
15:43:54: OGRE EXCEPTION(5:ItemIdentityException): OverlayElement with name Core/AverageFps not found. in OverlayManager::getOverlayElementImpl at /build/buildd/ogre-1.7.2/OgreMain/src/OgreOverlayManager.cpp (line 621)
15:43:54: OGRE EXCEPTION(5:ItemIdentityException): OverlayElement with name Core/AverageFps not found. in OverlayManager::getOverlayElementImpl at /build/buildd/ogre-1.7.2/OgreMain/src/OgreOverlayManager.cpp (line 621)
15:43:54: OGRE EXCEPTION(5:ItemIdentityException): OverlayElement with name Core/AverageFps not found. in OverlayManager::getOverlayElementImpl at /build/buildd/ogre-1.7.2/OgreMain/src/OgreOverlayManager.cpp (line 621)
15:43:54: OGRE EXCEPTION(5:ItemIdentityException): OverlayElement with name Core/AverageFps not found. in OverlayManager::getOverlayElementImpl at /build/buildd/ogre-1.7.2/OgreMain/src/OgreOverlayManager.cpp (line 621)
15:43:54: OGRE EXCEPTION(5:ItemIdentityException): OverlayElement with name Core/AverageFps not found. in OverlayManager::getOverlayElementImpl at /build/buildd/ogre-1.7.2/OgreMain/src/OgreOverlayManager.cpp (line 621)
15:43:54: OGRE EXCEPTION(5:ItemIdentityException): OverlayElement with name Core/AverageFps not found. in OverlayManager::getOverlayElementImpl at /build/buildd/ogre-1.7.2/OgreMain/src/OgreOverlayManager.cpp (line 621)
15:43:54: OGRE EXCEPTION(5:ItemIdentityException): OverlayElement with name Core/AverageFps not found. in OverlayManager::getOverlayElementImpl at /build/buildd/ogre-1.7.2/OgreMain/src/OgreOverlayManager.cpp (line 621)
15:43:54: OGRE EXCEPTION(5:ItemIdentityException): OverlayElement with name Core/AverageFps not found. in OverlayManager::getOverlayElementImpl at /build/buildd/ogre-1.7.2/OgreMain/src/OgreOverlayManager.cpp (line 621)
15:43:54: OGRE EXCEPTION(5:ItemIdentityException): OverlayElement with name Core/AverageFps not found. in OverlayManager::getOverlayElementImpl at /build/buildd/ogre-1.7.2/OgreMain/src/OgreOverlayManager.cpp (line 621)
15:43:54: OGRE EXCEPTION(5:ItemIdentityException): OverlayElement with name Core/AverageFps not found. in OverlayManager::getOverlayElementImpl at /build/buildd/ogre-1.7.2/OgreMain/src/OgreOverlayManager.cpp (line 621)
15:43:54: OGRE EXCEPTION(5:ItemIdentityException): OverlayElement with name Core/AverageFps not found. in OverlayManager::getOverlayElementImpl at /build/buildd/ogre-1.7.2/OgreMain/src/OgreOverlayManager.cpp (line 621)
15:43:54: OGRE EXCEPTION(5:ItemIdentityException): OverlayElement with name Core/AverageFps not found. in OverlayManager::getOverlayElementImpl at /build/buildd/ogre-1.7.2/OgreMain/src/OgreOverlayManager.cpp (line 621)
15:43:54: OGRE EXCEPTION(5:ItemIdentityException): OverlayElement with name Core/AverageFps not found. in OverlayManager::getOverlayElementImpl at /build/buildd/ogre-1.7.2/OgreMain/src/OgreOverlayManager.cpp (line 621)
15:43:54: OGRE EXCEPTION(5:ItemIdentityException): OverlayElement with name Core/AverageFps not found. in OverlayManager::getOverlayElementImpl at /build/buildd/ogre-1.7.2/OgreMain/src/OgreOverlayManager.cpp (line 621)
15:43:54: OGRE EXCEPTION(5:ItemIdentityException): OverlayElement with name Core/AverageFps not found. in OverlayManager::getOverlayElementImpl at /build/buildd/ogre-1.7.2/OgreMain/src/OgreOverlayManager.cpp (line 621)
15:43:54: OGRE EXCEPTION(5:ItemIdentityException): OverlayElement with name Core/AverageFps not found. in OverlayManager::getOverlayElementImpl at /build/buildd/ogre-1.7.2/OgreMain/src/OgreOverlayManager.cpp (line 621)
15:43:54: OGRE EXCEPTION(5:ItemIdentityException): OverlayElement with name Core/AverageFps not found. in OverlayManager::getOverlayElementImpl at /build/buildd/ogre-1.7.2/OgreMain/src/OgreOverlayManager.cpp (line 621)
15:43:54: OGRE EXCEPTION(5:ItemIdentityException): OverlayElement with name Core/AverageFps not found. in OverlayManager::getOverlayElementImpl at /build/buildd/ogre-1.7.2/OgreMain/src/OgreOverlayManager.cpp (line 621)
15:43:54: OGRE EXCEPTION(5:ItemIdentityException): OverlayElement with name Core/AverageFps not found. in OverlayManager::getOverlayElementImpl at /build/buildd/ogre-1.7.2/OgreMain/src/OgreOverlayManager.cpp (line 621)
15:43:54: OGRE EXCEPTION(5:ItemIdentityException): OverlayElement with name Core/AverageFps not found. in OverlayManager::getOverlayElementImpl at /build/buildd/ogre-1.7.2/OgreMain/src/OgreOverlayManager.cpp (line 621)
15:43:54: OGRE EXCEPTION(5:ItemIdentityException): OverlayElement with name Core/AverageFps not found. in OverlayManager::getOverlayElementImpl at /build/buildd/ogre-1.7.2/OgreMain/src/OgreOverlayManager.cpp (line 621)
15:43:54: OGRE EXCEPTION(5:ItemIdentityException): OverlayElement with name Core/AverageFps not found. in OverlayManager::getOverlayElementImpl at /build/buildd/ogre-1.7.2/OgreMain/src/OgreOverlayManager.cpp (line 621)
15:43:54: OGRE EXCEPTION(5:ItemIdentityException): OverlayElement with name Core/AverageFps not found. in OverlayManager::getOverlayElementImpl at /build/buildd/ogre-1.7.2/OgreMain/src/OgreOverlayManager.cpp (line 621)
15:43:54: OGRE EXCEPTION(5:ItemIdentityException): OverlayElement with name Core/AverageFps not found. in OverlayManager::getOverlayElementImpl at /build/buildd/ogre-1.7.2/OgreMain/src/OgreOverlayManager.cpp (line 621)
15:43:54: OGRE EXCEPTION(5:ItemIdentityException): OverlayElement with name Core/AverageFps not found. in OverlayManager::getOverlayElementImpl at /build/buildd/ogre-1.7.2/OgreMain/src/OgreOverlayManager.cpp (line 621)
15:43:54: OGRE EXCEPTION(5:ItemIdentityException): OverlayElement with name Core/AverageFps not found. in OverlayManager::getOverlayElementImpl at /build/buildd/ogre-1.7.2/OgreMain/src/OgreOverlayManager.cpp (line 621)
15:43:54: OGRE EXCEPTION(5:ItemIdentityException): OverlayElement with name Core/AverageFps not found. in OverlayManager::getOverlayElementImpl at /build/buildd/ogre-1.7.2/OgreMain/src/OgreOverlayManager.cpp (line 621)
15:43:54: OGRE EXCEPTION(5:ItemIdentityException): OverlayElement with name Core/AverageFps not found. in OverlayManager::getOverlayElementImpl at /build/buildd/ogre-1.7.2/OgreMain/src/OgreOverlayManager.cpp (line 621)
15:43:54: OGRE EXCEPTION(5:ItemIdentityException): OverlayElement with name Core/AverageFps not found. in OverlayManager::getOverlayElementImpl at /build/buildd/ogre-1.7.2/OgreMain/src/OgreOverlayManager.cpp (line 621)
15:43:54: OGRE EXCEPTION(5:ItemIdentityException): OverlayElement with name Core/AverageFps not found. in OverlayManager::getOverlayElementImpl at /build/buildd/ogre-1.7.2/OgreMain/src/OgreOverlayManager.cpp (line 621)
15:43:55: OGRE EXCEPTION(5:ItemIdentityException): OverlayElement with name Core/AverageFps not found. in OverlayManager::getOverlayElementImpl at /build/buildd/ogre-1.7.2/OgreMain/src/OgreOverlayManager.cpp (line 621)
15:43:55: OGRE EXCEPTION(5:ItemIdentityException): OverlayElement with name Core/AverageFps not found. in OverlayManager::getOverlayElementImpl at /build/buildd/ogre-1.7.2/OgreMain/src/OgreOverlayManager.cpp (line 621)
15:43:55: OGRE EXCEPTION(5:ItemIdentityException): OverlayElement with name Core/AverageFps not found. in OverlayManager::getOverlayElementImpl at /build/buildd/ogre-1.7.2/OgreMain/src/OgreOverlayManager.cpp (line 621)
15:43:55: OGRE EXCEPTION(5:ItemIdentityException): OverlayElement with name Core/AverageFps not found. in OverlayManager::getOverlayElementImpl at /build/buildd/ogre-1.7.2/OgreMain/src/OgreOverlayManager.cpp (line 621)
15:43:55: OGRE EXCEPTION(5:ItemIdentityException): OverlayElement with name Core/AverageFps not found. in OverlayManager::getOverlayElementImpl at /build/buildd/ogre-1.7.2/OgreMain/src/OgreOverlayManager.cpp (line 621)
15:43:55: OGRE EXCEPTION(5:ItemIdentityException): OverlayElement with name Core/AverageFps not found. in OverlayManager::getOverlayElementImpl at /build/buildd/ogre-1.7.2/OgreMain/src/OgreOverlayManager.cpp (line 621)
15:43:55: OGRE EXCEPTION(5:ItemIdentityException): OverlayElement with name Core/AverageFps not found. in OverlayManager::getOverlayElementImpl at /build/buildd/ogre-1.7.2/OgreMain/src/OgreOverlayManager.cpp (line 621)
15:43:55: OGRE EXCEPTION(5:ItemIdentityException): OverlayElement with name Core/AverageFps not found. in OverlayManager::getOverlayElementImpl at /build/buildd/ogre-1.7.2/OgreMain/src/OgreOverlayManager.cpp (line 621)
15:43:55: OGRE EXCEPTION(5:ItemIdentityException): OverlayElement with name Core/AverageFps not found. in OverlayManager::getOverlayElementImpl at /build/buildd/ogre-1.7.2/OgreMain/src/OgreOverlayManager.cpp (line 621)
15:43:55: OGRE EXCEPTION(5:ItemIdentityException): OverlayElement with name Core/AverageFps not found. in OverlayManager::getOverlayElementImpl at /build/buildd/ogre-1.7.2/OgreMain/src/OgreOverlayManager.cpp (line 621)
15:43:55: OGRE EXCEPTION(5:ItemIdentityException): OverlayElement with name Core/AverageFps not found. in OverlayManager::getOverlayElementImpl at /build/buildd/ogre-1.7.2/OgreMain/src/OgreOverlayManager.cpp (line 621)
15:43:55: OGRE EXCEPTION(5:ItemIdentityException): OverlayElement with name Core/AverageFps not found. in OverlayManager::getOverlayElementImpl at /build/buildd/ogre-1.7.2/OgreMain/src/OgreOverlayManager.cpp (line 621)
15:43:55: OGRE EXCEPTION(5:ItemIdentityException): OverlayElement with name Core/AverageFps not found. in OverlayManager::getOverlayElementImpl at /build/buildd/ogre-1.7.2/OgreMain/src/OgreOverlayManager.cpp (line 621)
15:43:55: OGRE EXCEPTION(5:ItemIdentityException): OverlayElement with name Core/AverageFps not found. in OverlayManager::getOverlayElementImpl at /build/buildd/ogre-1.7.2/OgreMain/src/OgreOverlayManager.cpp (line 621)
15:43:55: OGRE EXCEPTION(5:ItemIdentityException): OverlayElement with name Core/AverageFps not found. in OverlayManager::getOverlayElementImpl at /build/buildd/ogre-1.7.2/OgreMain/src/OgreOverlayManager.cpp (line 621)
15:43:55: OGRE EXCEPTION(5:ItemIdentityException): OverlayElement with name Core/AverageFps not found. in OverlayManager::getOverlayElementImpl at /build/buildd/ogre-1.7.2/OgreMain/src/OgreOverlayManager.cpp (line 621)
15:43:55: OGRE EXCEPTION(5:ItemIdentityException): OverlayElement with name Core/AverageFps not found. in OverlayManager::getOverlayElementImpl at /build/buildd/ogre-1.7.2/OgreMain/src/OgreOverlayManager.cpp (line 621)
15:43:55: OGRE EXCEPTION(5:ItemIdentityException): OverlayElement with name Core/AverageFps not found. in OverlayManager::getOverlayElementImpl at /build/buildd/ogre-1.7.2/OgreMain/src/OgreOverlayManager.cpp (line 621)
15:43:55: OGRE EXCEPTION(5:ItemIdentityException): OverlayElement with name Core/AverageFps not found. in OverlayManager::getOverlayElementImpl at /build/buildd/ogre-1.7.2/OgreMain/src/OgreOverlayManager.cpp (line 621)
15:43:55: OGRE EXCEPTION(5:ItemIdentityException): OverlayElement with name Core/AverageFps not found. in OverlayManager::getOverlayElementImpl at /build/buildd/ogre-1.7.2/OgreMain/src/OgreOverlayManager.cpp (line 621)
15:43:55: OGRE EXCEPTION(5:ItemIdentityException): OverlayElement with name Core/AverageFps not found. in OverlayManager::getOverlayElementImpl at /build/buildd/ogre-1.7.2/OgreMain/src/OgreOverlayManager.cpp (line 621)
15:43:55: OGRE EXCEPTION(5:ItemIdentityException): OverlayElement with name Core/AverageFps not found. in OverlayManager::getOverlayElementImpl at /build/buildd/ogre-1.7.2/OgreMain/src/OgreOverlayManager.cpp (line 621)
15:43:55: OGRE EXCEPTION(5:ItemIdentityException): OverlayElement with name Core/AverageFps not found. in OverlayManager::getOverlayElementImpl at /build/buildd/ogre-1.7.2/OgreMain/src/OgreOverlayManager.cpp (line 621)
15:43:55: OGRE EXCEPTION(5:ItemIdentityException): OverlayElement with name Core/AverageFps not found. in OverlayManager::getOverlayElementImpl at /build/buildd/ogre-1.7.2/OgreMain/src/OgreOverlayManager.cpp (line 621)
15:43:55: OGRE EXCEPTION(5:ItemIdentityException): OverlayElement with name Core/AverageFps not found. in OverlayManager::getOverlayElementImpl at /build/buildd/ogre-1.7.2/OgreMain/src/OgreOverlayManager.cpp (line 621)
15:43:55: OGRE EXCEPTION(5:ItemIdentityException): OverlayElement with name Core/AverageFps not found. in OverlayManager::getOverlayElementImpl at /build/buildd/ogre-1.7.2/OgreMain/src/OgreOverlayManager.cpp (line 621)
15:43:55: OGRE EXCEPTION(5:ItemIdentityException): OverlayElement with name Core/AverageFps not found. in OverlayManager::getOverlayElementImpl at /build/buildd/ogre-1.7.2/OgreMain/src/OgreOverlayManager.cpp (line 621)
15:43:55: OGRE EXCEPTION(5:ItemIdentityException): OverlayElement with name Core/AverageFps not found. in OverlayManager::getOverlayElementImpl at /build/buildd/ogre-1.7.2/OgreMain/src/OgreOverlayManager.cpp (line 621)
15:43:55: OGRE EXCEPTION(5:ItemIdentityException): OverlayElement with name Core/AverageFps not found. in OverlayManager::getOverlayElementImpl at /build/buildd/ogre-1.7.2/OgreMain/src/OgreOverlayManager.cpp (line 621)
15:43:55: OGRE EXCEPTION(5:ItemIdentityException): OverlayElement with name Core/AverageFps not found. in OverlayManager::getOverlayElementImpl at /build/buildd/ogre-1.7.2/OgreMain/src/OgreOverlayManager.cpp (line 621)
15:43:55: OGRE EXCEPTION(5:ItemIdentityException): OverlayElement with name Core/AverageFps not found. in OverlayManager::getOverlayElementImpl at /build/buildd/ogre-1.7.2/OgreMain/src/OgreOverlayManager.cpp (line 621)
15:43:55: OGRE EXCEPTION(5:ItemIdentityException): OverlayElement with name Core/AverageFps not found. in OverlayManager::getOverlayElementImpl at /build/buildd/ogre-1.7.2/OgreMain/src/OgreOverlayManager.cpp (line 621)
15:43:55: OGRE EXCEPTION(5:ItemIdentityException): OverlayElement with name Core/AverageFps not found. in OverlayManager::getOverlayElementImpl at /build/buildd/ogre-1.7.2/OgreMain/src/OgreOverlayManager.cpp (line 621)
15:43:55: OGRE EXCEPTION(5:ItemIdentityException): OverlayElement with name Core/AverageFps not found. in OverlayManager::getOverlayElementImpl at /build/buildd/ogre-1.7.2/OgreMain/src/OgreOverlayManager.cpp (line 621)
15:43:55: OGRE EXCEPTION(5:ItemIdentityException): OverlayElement with name Core/AverageFps not found. in OverlayManager::getOverlayElementImpl at /build/buildd/ogre-1.7.2/OgreMain/src/OgreOverlayManager.cpp (line 621)
15:43:55: OGRE EXCEPTION(5:ItemIdentityException): OverlayElement with name Core/AverageFps not found. in OverlayManager::getOverlayElementImpl at /build/buildd/ogre-1.7.2/OgreMain/src/OgreOverlayManager.cpp (line 621)
15:43:55: OGRE EXCEPTION(5:ItemIdentityException): OverlayElement with name Core/AverageFps not found. in OverlayManager::getOverlayElementImpl at /build/buildd/ogre-1.7.2/OgreMain/src/OgreOverlayManager.cpp (line 621)
15:43:56: OGRE EXCEPTION(5:ItemIdentityException): OverlayElement with name Core/AverageFps not found. in OverlayManager::getOverlayElementImpl at /build/buildd/ogre-1.7.2/OgreMain/src/OgreOverlayManager.cpp (line 621)
15:43:56: OGRE EXCEPTION(5:ItemIdentityException): OverlayElement with name Core/AverageFps not found. in OverlayManager::getOverlayElementImpl at /build/buildd/ogre-1.7.2/OgreMain/src/OgreOverlayManager.cpp (line 621)
15:43:56: OGRE EXCEPTION(5:ItemIdentityException): OverlayElement with name Core/AverageFps not found. in OverlayManager::getOverlayElementImpl at /build/buildd/ogre-1.7.2/OgreMain/src/OgreOverlayManager.cpp (line 621)
15:43:56: OGRE EXCEPTION(5:ItemIdentityException): OverlayElement with name Core/AverageFps not found. in OverlayManager::getOverlayElementImpl at /build/buildd/ogre-1.7.2/OgreMain/src/OgreOverlayManager.cpp (line 621)
15:43:56: OGRE EXCEPTION(5:ItemIdentityException): OverlayElement with name Core/AverageFps not found. in OverlayManager::getOverlayElementImpl at /build/buildd/ogre-1.7.2/OgreMain/src/OgreOverlayManager.cpp (line 621)
15:43:56: OGRE EXCEPTION(5:ItemIdentityException): OverlayElement with name Core/AverageFps not found. in OverlayManager::getOverlayElementImpl at /build/buildd/ogre-1.7.2/OgreMain/src/OgreOverlayManager.cpp (line 621)
15:43:56: OGRE EXCEPTION(5:ItemIdentityException): OverlayElement with name Core/AverageFps not found. in OverlayManager::getOverlayElementImpl at /build/buildd/ogre-1.7.2/OgreMain/src/OgreOverlayManager.cpp (line 621)
15:43:56: OGRE EXCEPTION(5:ItemIdentityException): OverlayElement with name Core/AverageFps not found. in OverlayManager::getOverlayElementImpl at /build/buildd/ogre-1.7.2/OgreMain/src/OgreOverlayManager.cpp (line 621)
15:43:56: OGRE EXCEPTION(5:ItemIdentityException): OverlayElement with name Core/AverageFps not found. in OverlayManager::getOverlayElementImpl at /build/buildd/ogre-1.7.2/OgreMain/src/OgreOverlayManager.cpp (line 621)
15:43:56: OGRE EXCEPTION(5:ItemIdentityException): OverlayElement with name Core/AverageFps not found. in OverlayManager::getOverlayElementImpl at /build/buildd/ogre-1.7.2/OgreMain/src/OgreOverlayManager.cpp (line 621)
15:43:56: OGRE EXCEPTION(5:ItemIdentityException): OverlayElement with name Core/AverageFps not found. in OverlayManager::getOverlayElementImpl at /build/buildd/ogre-1.7.2/OgreMain/src/OgreOverlayManager.cpp (line 621)
15:43:56: OGRE EXCEPTION(5:ItemIdentityException): OverlayElement with name Core/AverageFps not found. in OverlayManager::getOverlayElementImpl at /build/buildd/ogre-1.7.2/OgreMain/src/OgreOverlayManager.cpp (line 621)
15:43:56: OGRE EXCEPTION(5:ItemIdentityException): OverlayElement with name Core/AverageFps not found. in OverlayManager::getOverlayElementImpl at /build/buildd/ogre-1.7.2/OgreMain/src/OgreOverlayManager.cpp (line 621)
15:43:56: OGRE EXCEPTION(5:ItemIdentityException): OverlayElement with name Core/AverageFps not found. in OverlayManager::getOverlayElementImpl at /build/buildd/ogre-1.7.2/OgreMain/src/OgreOverlayManager.cpp (line 621)
15:43:56: OGRE EXCEPTION(5:ItemIdentityException): OverlayElement with name Core/AverageFps not found. in OverlayManager::getOverlayElementImpl at /build/buildd/ogre-1.7.2/OgreMain/src/OgreOverlayManager.cpp (line 621)
15:43:56: OGRE EXCEPTION(5:ItemIdentityException): OverlayElement with name Core/AverageFps not found. in OverlayManager::getOverlayElementImpl at /build/buildd/ogre-1.7.2/OgreMain/src/OgreOverlayManager.cpp (line 621)
15:43:56: OGRE EXCEPTION(5:ItemIdentityException): OverlayElement with name Core/AverageFps not found. in OverlayManager::getOverlayElementImpl at /build/buildd/ogre-1.7.2/OgreMain/src/OgreOverlayManager.cpp (line 621)
15:43:56: OGRE EXCEPTION(5:ItemIdentityException): OverlayElement with name Core/AverageFps not found. in OverlayManager::getOverlayElementImpl at /build/buildd/ogre-1.7.2/OgreMain/src/OgreOverlayManager.cpp (line 621)
15:43:56: OGRE EXCEPTION(5:ItemIdentityException): OverlayElement with name Core/AverageFps not found. in OverlayManager::getOverlayElementImpl at /build/buildd/ogre-1.7.2/OgreMain/src/OgreOverlayManager.cpp (line 621)
15:43:56: OGRE EXCEPTION(5:ItemIdentityException): OverlayElement with name Core/AverageFps not found. in OverlayManager::getOverlayElementImpl at /build/buildd/ogre-1.7.2/OgreMain/src/OgreOverlayManager.cpp (line 621)
15:43:56: OGRE EXCEPTION(5:ItemIdentityException): OverlayElement with name Core/AverageFps not found. in OverlayManager::getOverlayElementImpl at /build/buildd/ogre-1.7.2/OgreMain/src/OgreOverlayManager.cpp (line 621)
15:43:56: OGRE EXCEPTION(5:ItemIdentityException): OverlayElement with name Core/AverageFps not found. in OverlayManager::getOverlayElementImpl at /build/buildd/ogre-1.7.2/OgreMain/src/OgreOverlayManager.cpp (line 621)
15:43:56: OGRE EXCEPTION(5:ItemIdentityException): OverlayElement with name Core/AverageFps not found. in OverlayManager::getOverlayElementImpl at /build/buildd/ogre-1.7.2/OgreMain/src/OgreOverlayManager.cpp (line 621)
15:43:56: OGRE EXCEPTION(5:ItemIdentityException): OverlayElement with name Core/AverageFps not found. in OverlayManager::getOverlayElementImpl at /build/buildd/ogre-1.7.2/OgreMain/src/OgreOverlayManager.cpp (line 621)
15:43:56: OGRE EXCEPTION(5:ItemIdentityException): OverlayElement with name Core/AverageFps not found. in OverlayManager::getOverlayElementImpl at /build/buildd/ogre-1.7.2/OgreMain/src/OgreOverlayManager.cpp (line 621)
15:43:56: OGRE EXCEPTION(5:ItemIdentityException): OverlayElement with name Core/AverageFps not found. in OverlayManager::getOverlayElementImpl at /build/buildd/ogre-1.7.2/OgreMain/src/OgreOverlayManager.cpp (line 621)
15:43:56: OGRE EXCEPTION(5:ItemIdentityException): OverlayElement with name Core/AverageFps not found. in OverlayManager::getOverlayElementImpl at /build/buildd/ogre-1.7.2/OgreMain/src/OgreOverlayManager.cpp (line 621)
15:43:56: OGRE EXCEPTION(5:ItemIdentityException): OverlayElement with name Core/AverageFps not found. in OverlayManager::getOverlayElementImpl at /build/buildd/ogre-1.7.2/OgreMain/src/OgreOverlayManager.cpp (line 621)
15:43:56: OGRE EXCEPTION(5:ItemIdentityException): OverlayElement with name Core/AverageFps not found. in OverlayManager::getOverlayElementImpl at /build/buildd/ogre-1.7.2/OgreMain/src/OgreOverlayManager.cpp (line 621)
15:43:56: OGRE EXCEPTION(5:ItemIdentityException): OverlayElement with name Core/AverageFps not found. in OverlayManager::getOverlayElementImpl at /build/buildd/ogre-1.7.2/OgreMain/src/OgreOverlayManager.cpp (line 621)
15:43:56: OGRE EXCEPTION(5:ItemIdentityException): OverlayElement with name Core/AverageFps not found. in OverlayManager::getOverlayElementImpl at /build/buildd/ogre-1.7.2/OgreMain/src/OgreOverlayManager.cpp (line 621)
15:43:56: OGRE EXCEPTION(5:ItemIdentityException): OverlayElement with name Core/AverageFps not found. in OverlayManager::getOverlayElementImpl at /build/buildd/ogre-1.7.2/OgreMain/src/OgreOverlayManager.cpp (line 621)
15:43:56: OGRE EXCEPTION(5:ItemIdentityException): OverlayElement with name Core/AverageFps not found. in OverlayManager::getOverlayElementImpl at /build/buildd/ogre-1.7.2/OgreMain/src/OgreOverlayManager.cpp (line 621)
15:43:56: OGRE EXCEPTION(5:ItemIdentityException): OverlayElement with name Core/AverageFps not found. in OverlayManager::getOverlayElementImpl at /build/buildd/ogre-1.7.2/OgreMain/src/OgreOverlayManager.cpp (line 621)
15:43:56: OGRE EXCEPTION(5:ItemIdentityException): OverlayElement with name Core/AverageFps not found. in OverlayManager::getOverlayElementImpl at /build/buildd/ogre-1.7.2/OgreMain/src/OgreOverlayManager.cpp (line 621)
15:43:56: OGRE EXCEPTION(5:ItemIdentityException): OverlayElement with name Core/AverageFps not found. in OverlayManager::getOverlayElementImpl at /build/buildd/ogre-1.7.2/OgreMain/src/OgreOverlayManager.cpp (line 621)
15:43:57: OGRE EXCEPTION(5:ItemIdentityException): OverlayElement with name Core/AverageFps not found. in OverlayManager::getOverlayElementImpl at /build/buildd/ogre-1.7.2/OgreMain/src/OgreOverlayManager.cpp (line 621)
15:43:57: OGRE EXCEPTION(5:ItemIdentityException): OverlayElement with name Core/AverageFps not found. in OverlayManager::getOverlayElementImpl at /build/buildd/ogre-1.7.2/OgreMain/src/OgreOverlayManager.cpp (line 621)
15:43:57: OGRE EXCEPTION(5:ItemIdentityException): OverlayElement with name Core/AverageFps not found. in OverlayManager::getOverlayElementImpl at /build/buildd/ogre-1.7.2/OgreMain/src/OgreOverlayManager.cpp (line 621)
15:43:57: OGRE EXCEPTION(5:ItemIdentityException): OverlayElement with name Core/AverageFps not found. in OverlayManager::getOverlayElementImpl at /build/buildd/ogre-1.7.2/OgreMain/src/OgreOverlayManager.cpp (line 621)
15:43:57: OGRE EXCEPTION(5:ItemIdentityException): OverlayElement with name Core/AverageFps not found. in OverlayManager::getOverlayElementImpl at /build/buildd/ogre-1.7.2/OgreMain/src/OgreOverlayManager.cpp (line 621)
15:43:57: OGRE EXCEPTION(5:ItemIdentityException): OverlayElement with name Core/AverageFps not found. in OverlayManager::getOverlayElementImpl at /build/buildd/ogre-1.7.2/OgreMain/src/OgreOverlayManager.cpp (line 621)
15:43:57: OGRE EXCEPTION(5:ItemIdentityException): OverlayElement with name Core/AverageFps not found. in OverlayManager::getOverlayElementImpl at /build/buildd/ogre-1.7.2/OgreMain/src/OgreOverlayManager.cpp (line 621)
15:43:57: OGRE EXCEPTION(5:ItemIdentityException): OverlayElement with name Core/AverageFps not found. in OverlayManager::getOverlayElementImpl at /build/buildd/ogre-1.7.2/OgreMain/src/OgreOverlayManager.cpp (line 621)
15:43:57: OGRE EXCEPTION(5:ItemIdentityException): OverlayElement with name Core/AverageFps not found. in OverlayManager::getOverlayElementImpl at /build/buildd/ogre-1.7.2/OgreMain/src/OgreOverlayManager.cpp (line 621)
15:43:57: OGRE EXCEPTION(5:ItemIdentityException): OverlayElement with name Core/AverageFps not found. in OverlayManager::getOverlayElementImpl at /build/buildd/ogre-1.7.2/OgreMain/src/OgreOverlayManager.cpp (line 621)
15:43:57: OGRE EXCEPTION(5:ItemIdentityException): OverlayElement with name Core/AverageFps not found. in OverlayManager::getOverlayElementImpl at /build/buildd/ogre-1.7.2/OgreMain/src/OgreOverlayManager.cpp (line 621)
15:43:57: OGRE EXCEPTION(5:ItemIdentityException): OverlayElement with name Core/AverageFps not found. in OverlayManager::getOverlayElementImpl at /build/buildd/ogre-1.7.2/OgreMain/src/OgreOverlayManager.cpp (line 621)
15:43:57: OGRE EXCEPTION(5:ItemIdentityException): OverlayElement with name Core/AverageFps not found. in OverlayManager::getOverlayElementImpl at /build/buildd/ogre-1.7.2/OgreMain/src/OgreOverlayManager.cpp (line 621)
15:43:57: OGRE EXCEPTION(5:ItemIdentityException): OverlayElement with name Core/AverageFps not found. in OverlayManager::getOverlayElementImpl at /build/buildd/ogre-1.7.2/OgreMain/src/OgreOverlayManager.cpp (line 621)
15:43:57: OGRE EXCEPTION(5:ItemIdentityException): OverlayElement with name Core/AverageFps not found. in OverlayManager::getOverlayElementImpl at /build/buildd/ogre-1.7.2/OgreMain/src/OgreOverlayManager.cpp (line 621)
15:43:57: OGRE EXCEPTION(5:ItemIdentityException): OverlayElement with name Core/AverageFps not found. in OverlayManager::getOverlayElementImpl at /build/buildd/ogre-1.7.2/OgreMain/src/OgreOverlayManager.cpp (line 621)
15:43:57: OGRE EXCEPTION(5:ItemIdentityException): OverlayElement with name Core/AverageFps not found. in OverlayManager::getOverlayElementImpl at /build/buildd/ogre-1.7.2/OgreMain/src/OgreOverlayManager.cpp (line 621)
15:43:57: OGRE EXCEPTION(5:ItemIdentityException): OverlayElement with name Core/AverageFps not found. in OverlayManager::getOverlayElementImpl at /build/buildd/ogre-1.7.2/OgreMain/src/OgreOverlayManager.cpp (line 621)
15:43:57: OGRE EXCEPTION(5:ItemIdentityException): OverlayElement with name Core/AverageFps not found. in OverlayManager::getOverlayElementImpl at /build/buildd/ogre-1.7.2/OgreMain/src/OgreOverlayManager.cpp (line 621)
15:43:57: OGRE EXCEPTION(5:ItemIdentityException): OverlayElement with name Core/AverageFps not found. in OverlayManager::getOverlayElementImpl at /build/buildd/ogre-1.7.2/OgreMain/src/OgreOverlayManager.cpp (line 621)
15:43:57: OGRE EXCEPTION(5:ItemIdentityException): OverlayElement with name Core/AverageFps not found. in OverlayManager::getOverlayElementImpl at /build/buildd/ogre-1.7.2/OgreMain/src/OgreOverlayManager.cpp (line 621)
15:43:57: OGRE EXCEPTION(5:ItemIdentityException): OverlayElement with name Core/AverageFps not found. in OverlayManager::getOverlayElementImpl at /build/buildd/ogre-1.7.2/OgreMain/src/OgreOverlayManager.cpp (line 621)
15:43:57: OGRE EXCEPTION(5:ItemIdentityException): OverlayElement with name Core/AverageFps not found. in OverlayManager::getOverlayElementImpl at /build/buildd/ogre-1.7.2/OgreMain/src/OgreOverlayManager.cpp (line 621)
15:43:57: OGRE EXCEPTION(5:ItemIdentityException): OverlayElement with name Core/AverageFps not found. in OverlayManager::getOverlayElementImpl at /build/buildd/ogre-1.7.2/OgreMain/src/OgreOverlayManager.cpp (line 621)
15:43:57: OGRE EXCEPTION(5:ItemIdentityException): OverlayElement with name Core/AverageFps not found. in OverlayManager::getOverlayElementImpl at /build/buildd/ogre-1.7.2/OgreMain/src/OgreOverlayManager.cpp (line 621)
15:43:57: OGRE EXCEPTION(5:ItemIdentityException): OverlayElement with name Core/AverageFps not found. in OverlayManager::getOverlayElementImpl at /build/buildd/ogre-1.7.2/OgreMain/src/OgreOverlayManager.cpp (line 621)
15:43:57: OGRE EXCEPTION(5:ItemIdentityException): OverlayElement with name Core/AverageFps not found. in OverlayManager::getOverlayElementImpl at /build/buildd/ogre-1.7.2/OgreMain/src/OgreOverlayManager.cpp (line 621)
15:43:57: OGRE EXCEPTION(5:ItemIdentityException): OverlayElement with name Core/AverageFps not found. in OverlayManager::getOverlayElementImpl at /build/buildd/ogre-1.7.2/OgreMain/src/OgreOverlayManager.cpp (line 621)
15:43:57: OGRE EXCEPTION(5:ItemIdentityException): OverlayElement with name Core/AverageFps not found. in OverlayManager::getOverlayElementImpl at /build/buildd/ogre-1.7.2/OgreMain/src/OgreOverlayManager.cpp (line 621)
15:43:57: OGRE EXCEPTION(5:ItemIdentityException): OverlayElement with name Core/AverageFps not found. in OverlayManager::getOverlayElementImpl at /build/buildd/ogre-1.7.2/OgreMain/src/OgreOverlayManager.cpp (line 621)
15:43:57: OGRE EXCEPTION(5:ItemIdentityException): OverlayElement with name Core/AverageFps not found. in OverlayManager::getOverlayElementImpl at /build/buildd/ogre-1.7.2/OgreMain/src/OgreOverlayManager.cpp (line 621)
15:43:57: OGRE EXCEPTION(5:ItemIdentityException): OverlayElement with name Core/AverageFps not found. in OverlayManager::getOverlayElementImpl at /build/buildd/ogre-1.7.2/OgreMain/src/OgreOverlayManager.cpp (line 621)
15:43:57: OGRE EXCEPTION(5:ItemIdentityException): OverlayElement with name Core/AverageFps not found. in OverlayManager::getOverlayElementImpl at /build/buildd/ogre-1.7.2/OgreMain/src/OgreOverlayManager.cpp (line 621)
15:43:57: OGRE EXCEPTION(5:ItemIdentityException): OverlayElement with name Core/AverageFps not found. in OverlayManager::getOverlayElementImpl at /build/buildd/ogre-1.7.2/OgreMain/src/OgreOverlayManager.cpp (line 621)
15:43:57: OGRE EXCEPTION(5:ItemIdentityException): OverlayElement with name Core/AverageFps not found. in OverlayManager::getOverlayElementImpl at /build/buildd/ogre-1.7.2/OgreMain/src/OgreOverlayManager.cpp (line 621)
15:43:58: OGRE EXCEPTION(5:ItemIdentityException): OverlayElement with name Core/AverageFps not found. in OverlayManager::getOverlayElementImpl at /build/buildd/ogre-1.7.2/OgreMain/src/OgreOverlayManager.cpp (line 621)
15:43:58: OGRE EXCEPTION(5:ItemIdentityException): OverlayElement with name Core/AverageFps not found. in OverlayManager::getOverlayElementImpl at /build/buildd/ogre-1.7.2/OgreMain/src/OgreOverlayManager.cpp (line 621)
15:43:58: OGRE EXCEPTION(5:ItemIdentityException): OverlayElement with name Core/AverageFps not found. in OverlayManager::getOverlayElementImpl at /build/buildd/ogre-1.7.2/OgreMain/src/OgreOverlayManager.cpp (line 621)
15:43:58: OGRE EXCEPTION(5:ItemIdentityException): OverlayElement with name Core/AverageFps not found. in OverlayManager::getOverlayElementImpl at /build/buildd/ogre-1.7.2/OgreMain/src/OgreOverlayManager.cpp (line 621)
15:43:58: OGRE EXCEPTION(5:ItemIdentityException): OverlayElement with name Core/AverageFps not found. in OverlayManager::getOverlayElementImpl at /build/buildd/ogre-1.7.2/OgreMain/src/OgreOverlayManager.cpp (line 621)
15:43:58: OGRE EXCEPTION(5:ItemIdentityException): OverlayElement with name Core/AverageFps not found. in OverlayManager::getOverlayElementImpl at /build/buildd/ogre-1.7.2/OgreMain/src/OgreOverlayManager.cpp (line 621)
15:43:58: OGRE EXCEPTION(5:ItemIdentityException): OverlayElement with name Core/AverageFps not found. in OverlayManager::getOverlayElementImpl at /build/buildd/ogre-1.7.2/OgreMain/src/OgreOverlayManager.cpp (line 621)
15:43:58: OGRE EXCEPTION(5:ItemIdentityException): OverlayElement with name Core/AverageFps not found. in OverlayManager::getOverlayElementImpl at /build/buildd/ogre-1.7.2/OgreMain/src/OgreOverlayManager.cpp (line 621)
15:43:58: OGRE EXCEPTION(5:ItemIdentityException): OverlayElement with name Core/AverageFps not found. in OverlayManager::getOverlayElementImpl at /build/buildd/ogre-1.7.2/OgreMain/src/OgreOverlayManager.cpp (line 621)
15:43:58: OGRE EXCEPTION(5:ItemIdentityException): OverlayElement with name Core/AverageFps not found. in OverlayManager::getOverlayElementImpl at /build/buildd/ogre-1.7.2/OgreMain/src/OgreOverlayManager.cpp (line 621)
15:43:58: OGRE EXCEPTION(5:ItemIdentityException): OverlayElement with name Core/AverageFps not found. in OverlayManager::getOverlayElementImpl at /build/buildd/ogre-1.7.2/OgreMain/src/OgreOverlayManager.cpp (line 621)
15:43:58: OGRE EXCEPTION(5:ItemIdentityException): OverlayElement with name Core/AverageFps not found. in OverlayManager::getOverlayElementImpl at /build/buildd/ogre-1.7.2/OgreMain/src/OgreOverlayManager.cpp (line 621)
15:43:58: OGRE EXCEPTION(5:ItemIdentityException): OverlayElement with name Core/AverageFps not found. in OverlayManager::getOverlayElementImpl at /build/buildd/ogre-1.7.2/OgreMain/src/OgreOverlayManager.cpp (line 621)
15:43:58: OGRE EXCEPTION(5:ItemIdentityException): OverlayElement with name Core/AverageFps not found. in OverlayManager::getOverlayElementImpl at /build/buildd/ogre-1.7.2/OgreMain/src/OgreOverlayManager.cpp (line 621)
15:43:58: OGRE EXCEPTION(5:ItemIdentityException): OverlayElement with name Core/AverageFps not found. in OverlayManager::getOverlayElementImpl at /build/buildd/ogre-1.7.2/OgreMain/src/OgreOverlayManager.cpp (line 621)
15:43:58: OGRE EXCEPTION(5:ItemIdentityException): OverlayElement with name Core/AverageFps not found. in OverlayManager::getOverlayElementImpl at /build/buildd/ogre-1.7.2/OgreMain/src/OgreOverlayManager.cpp (line 621)
15:43:58: OGRE EXCEPTION(5:ItemIdentityException): OverlayElement with name Core/AverageFps not found. in OverlayManager::getOverlayElementImpl at /build/buildd/ogre-1.7.2/OgreMain/src/OgreOverlayManager.cpp (line 621)
15:43:58: OGRE EXCEPTION(5:ItemIdentityException): OverlayElement with name Core/AverageFps not found. in OverlayManager::getOverlayElementImpl at /build/buildd/ogre-1.7.2/OgreMain/src/OgreOverlayManager.cpp (line 621)
15:43:58: OGRE EXCEPTION(5:ItemIdentityException): OverlayElement with name Core/AverageFps not found. in OverlayManager::getOverlayElementImpl at /build/buildd/ogre-1.7.2/OgreMain/src/OgreOverlayManager.cpp (line 621)
15:43:58: OGRE EXCEPTION(5:ItemIdentityException): OverlayElement with name Core/AverageFps not found. in OverlayManager::getOverlayElementImpl at /build/buildd/ogre-1.7.2/OgreMain/src/OgreOverlayManager.cpp (line 621)
15:43:58: OGRE EXCEPTION(5:ItemIdentityException): OverlayElement with name Core/AverageFps not found. in OverlayManager::getOverlayElementImpl at /build/buildd/ogre-1.7.2/OgreMain/src/OgreOverlayManager.cpp (line 621)
15:43:58: OGRE EXCEPTION(5:ItemIdentityException): OverlayElement with name Core/AverageFps not found. in OverlayManager::getOverlayElementImpl at /build/buildd/ogre-1.7.2/OgreMain/src/OgreOverlayManager.cpp (line 621)
15:43:58: OGRE EXCEPTION(5:ItemIdentityException): OverlayElement with name Core/AverageFps not found. in OverlayManager::getOverlayElementImpl at /build/buildd/ogre-1.7.2/OgreMain/src/OgreOverlayManager.cpp (line 621)
15:43:58: OGRE EXCEPTION(5:ItemIdentityException): OverlayElement with name Core/AverageFps not found. in OverlayManager::getOverlayElementImpl at /build/buildd/ogre-1.7.2/OgreMain/src/OgreOverlayManager.cpp (line 621)
15:43:58: OGRE EXCEPTION(5:ItemIdentityException): OverlayElement with name Core/AverageFps not found. in OverlayManager::getOverlayElementImpl at /build/buildd/ogre-1.7.2/OgreMain/src/OgreOverlayManager.cpp (line 621)
15:43:58: OGRE EXCEPTION(5:ItemIdentityException): OverlayElement with name Core/AverageFps not found. in OverlayManager::getOverlayElementImpl at /build/buildd/ogre-1.7.2/OgreMain/src/OgreOverlayManager.cpp (line 621)
15:43:58: OGRE EXCEPTION(5:ItemIdentityException): OverlayElement with name Core/AverageFps not found. in OverlayManager::getOverlayElementImpl at /build/buildd/ogre-1.7.2/OgreMain/src/OgreOverlayManager.cpp (line 621)
15:43:58: OGRE EXCEPTION(5:ItemIdentityException): OverlayElement with name Core/AverageFps not found. in OverlayManager::getOverlayElementImpl at /build/buildd/ogre-1.7.2/OgreMain/src/OgreOverlayManager.cpp (line 621)
15:43:58: OGRE EXCEPTION(5:ItemIdentityException): OverlayElement with name Core/AverageFps not found. in OverlayManager::getOverlayElementImpl at /build/buildd/ogre-1.7.2/OgreMain/src/OgreOverlayManager.cpp (line 621)
15:43:58: OGRE EXCEPTION(5:ItemIdentityException): OverlayElement with name Core/AverageFps not found. in OverlayManager::getOverlayElementImpl at /build/buildd/ogre-1.7.2/OgreMain/src/OgreOverlayManager.cpp (line 621)
15:43:58: OGRE EXCEPTION(5:ItemIdentityException): OverlayElement with name Core/AverageFps not found. in OverlayManager::getOverlayElementImpl at /build/buildd/ogre-1.7.2/OgreMain/src/OgreOverlayManager.cpp (line 621)
15:43:58: OGRE EXCEPTION(5:ItemIdentityException): OverlayElement with name Core/AverageFps not found. in OverlayManager::getOverlayElementImpl at /build/buildd/ogre-1.7.2/OgreMain/src/OgreOverlayManager.cpp (line 621)
15:43:58: OGRE EXCEPTION(5:ItemIdentityException): OverlayElement with name Core/AverageFps not found. in OverlayManager::getOverlayElementImpl at /build/buildd/ogre-1.7.2/OgreMain/src/OgreOverlayManager.cpp (line 621)
15:43:58: OGRE EXCEPTION(5:ItemIdentityException): OverlayElement with name Core/AverageFps not found. in OverlayManager::getOverlayElementImpl at /build/buildd/ogre-1.7.2/OgreMain/src/OgreOverlayManager.cpp (line 621)
15:43:58: OGRE EXCEPTION(5:ItemIdentityException): OverlayElement with name Core/AverageFps not found. in OverlayManager::getOverlayElementImpl at /build/buildd/ogre-1.7.2/OgreMain/src/OgreOverlayManager.cpp (line 621)
15:43:58: OGRE EXCEPTION(5:ItemIdentityException): OverlayElement with name Core/AverageFps not found. in OverlayManager::getOverlayElementImpl at /build/buildd/ogre-1.7.2/OgreMain/src/OgreOverlayManager.cpp (line 621)
15:43:58: OGRE EXCEPTION(5:ItemIdentityException): OverlayElement with name Core/AverageFps not found. in OverlayManager::getOverlayElementImpl at /build/buildd/ogre-1.7.2/OgreMain/src/OgreOverlayManager.cpp (line 621)
15:43:59: OGRE EXCEPTION(5:ItemIdentityException): OverlayElement with name Core/AverageFps not found. in OverlayManager::getOverlayElementImpl at /build/buildd/ogre-1.7.2/OgreMain/src/OgreOverlayManager.cpp (line 621)
15:43:59: OGRE EXCEPTION(5:ItemIdentityException): OverlayElement with name Core/AverageFps not found. in OverlayManager::getOverlayElementImpl at /build/buildd/ogre-1.7.2/OgreMain/src/OgreOverlayManager.cpp (line 621)
15:43:59: OGRE EXCEPTION(5:ItemIdentityException): OverlayElement with name Core/AverageFps not found. in OverlayManager::getOverlayElementImpl at /build/buildd/ogre-1.7.2/OgreMain/src/OgreOverlayManager.cpp (line 621)
15:43:59: OGRE EXCEPTION(5:ItemIdentityException): OverlayElement with name Core/AverageFps not found. in OverlayManager::getOverlayElementImpl at /build/buildd/ogre-1.7.2/OgreMain/src/OgreOverlayManager.cpp (line 621)
15:43:59: OGRE EXCEPTION(5:ItemIdentityException): OverlayElement with name Core/AverageFps not found. in OverlayManager::getOverlayElementImpl at /build/buildd/ogre-1.7.2/OgreMain/src/OgreOverlayManager.cpp (line 621)
15:43:59: OGRE EXCEPTION(5:ItemIdentityException): OverlayElement with name Core/AverageFps not found. in OverlayManager::getOverlayElementImpl at /build/buildd/ogre-1.7.2/OgreMain/src/OgreOverlayManager.cpp (line 621)
15:43:59: OGRE EXCEPTION(5:ItemIdentityException): OverlayElement with name Core/AverageFps not found. in OverlayManager::getOverlayElementImpl at /build/buildd/ogre-1.7.2/OgreMain/src/OgreOverlayManager.cpp (line 621)
15:43:59: OGRE EXCEPTION(5:ItemIdentityException): OverlayElement with name Core/AverageFps not found. in OverlayManager::getOverlayElementImpl at /build/buildd/ogre-1.7.2/OgreMain/src/OgreOverlayManager.cpp (line 621)
15:43:59: OGRE EXCEPTION(5:ItemIdentityException): OverlayElement with name Core/AverageFps not found. in OverlayManager::getOverlayElementImpl at /build/buildd/ogre-1.7.2/OgreMain/src/OgreOverlayManager.cpp (line 621)
15:43:59: OGRE EXCEPTION(5:ItemIdentityException): OverlayElement with name Core/AverageFps not found. in OverlayManager::getOverlayElementImpl at /build/buildd/ogre-1.7.2/OgreMain/src/OgreOverlayManager.cpp (line 621)
15:43:59: OGRE EXCEPTION(5:ItemIdentityException): OverlayElement with name Core/AverageFps not found. in OverlayManager::getOverlayElementImpl at /build/buildd/ogre-1.7.2/OgreMain/src/OgreOverlayManager.cpp (line 621)
15:43:59: OGRE EXCEPTION(5:ItemIdentityException): OverlayElement with name Core/AverageFps not found. in OverlayManager::getOverlayElementImpl at /build/buildd/ogre-1.7.2/OgreMain/src/OgreOverlayManager.cpp (line 621)
15:43:59: OGRE EXCEPTION(5:ItemIdentityException): OverlayElement with name Core/AverageFps not found. in OverlayManager::getOverlayElementImpl at /build/buildd/ogre-1.7.2/OgreMain/src/OgreOverlayManager.cpp (line 621)
15:43:59: OGRE EXCEPTION(5:ItemIdentityException): OverlayElement with name Core/AverageFps not found. in OverlayManager::getOverlayElementImpl at /build/buildd/ogre-1.7.2/OgreMain/src/OgreOverlayManager.cpp (line 621)
15:43:59: OGRE EXCEPTION(5:ItemIdentityException): OverlayElement with name Core/AverageFps not found. in OverlayManager::getOverlayElementImpl at /build/buildd/ogre-1.7.2/OgreMain/src/OgreOverlayManager.cpp (line 621)
15:43:59: OGRE EXCEPTION(5:ItemIdentityException): OverlayElement with name Core/AverageFps not found. in OverlayManager::getOverlayElementImpl at /build/buildd/ogre-1.7.2/OgreMain/src/OgreOverlayManager.cpp (line 621)
15:43:59: OGRE EXCEPTION(5:ItemIdentityException): OverlayElement with name Core/AverageFps not found. in OverlayManager::getOverlayElementImpl at /build/buildd/ogre-1.7.2/OgreMain/src/OgreOverlayManager.cpp (line 621)
15:43:59: OGRE EXCEPTION(5:ItemIdentityException): OverlayElement with name Core/AverageFps not found. in OverlayManager::getOverlayElementImpl at /build/buildd/ogre-1.7.2/OgreMain/src/OgreOverlayManager.cpp (line 621)
15:43:59: OGRE EXCEPTION(5:ItemIdentityException): OverlayElement with name Core/AverageFps not found. in OverlayManager::getOverlayElementImpl at /build/buildd/ogre-1.7.2/OgreMain/src/OgreOverlayManager.cpp (line 621)
15:43:59: OGRE EXCEPTION(5:ItemIdentityException): OverlayElement with name Core/AverageFps not found. in OverlayManager::getOverlayElementImpl at /build/buildd/ogre-1.7.2/OgreMain/src/OgreOverlayManager.cpp (line 621)
15:43:59: OGRE EXCEPTION(5:ItemIdentityException): OverlayElement with name Core/AverageFps not found. in OverlayManager::getOverlayElementImpl at /build/buildd/ogre-1.7.2/OgreMain/src/OgreOverlayManager.cpp (line 621)
15:43:59: OGRE EXCEPTION(5:ItemIdentityException): OverlayElement with name Core/AverageFps not found. in OverlayManager::getOverlayElementImpl at /build/buildd/ogre-1.7.2/OgreMain/src/OgreOverlayManager.cpp (line 621)
15:43:59: OGRE EXCEPTION(5:ItemIdentityException): OverlayElement with name Core/AverageFps not found. in OverlayManager::getOverlayElementImpl at /build/buildd/ogre-1.7.2/OgreMain/src/OgreOverlayManager.cpp (line 621)
15:43:59: OGRE EXCEPTION(5:ItemIdentityException): OverlayElement with name Core/AverageFps not found. in OverlayManager::getOverlayElementImpl at /build/buildd/ogre-1.7.2/OgreMain/src/OgreOverlayManager.cpp (line 621)
15:43:59: OGRE EXCEPTION(5:ItemIdentityException): OverlayElement with name Core/AverageFps not found. in OverlayManager::getOverlayElementImpl at /build/buildd/ogre-1.7.2/OgreMain/src/OgreOverlayManager.cpp (line 621)
15:43:59: OGRE EXCEPTION(5:ItemIdentityException): OverlayElement with name Core/AverageFps not found. in OverlayManager::getOverlayElementImpl at /build/buildd/ogre-1.7.2/OgreMain/src/OgreOverlayManager.cpp (line 621)
15:43:59: OGRE EXCEPTION(5:ItemIdentityException): OverlayElement with name Core/AverageFps not found. in OverlayManager::getOverlayElementImpl at /build/buildd/ogre-1.7.2/OgreMain/src/OgreOverlayManager.cpp (line 621)
15:43:59: DefaultWorkQueue('Root') shutting down on thread 0xd0c7d0.
15:43:59: DefaultWorkQueue('Root')::WorkerFunc - thread 0xddbd90 stopped.
15:43:59: DefaultWorkQueue('Root')::WorkerFunc - thread 0x1138430 stopped.
15:43:59: DefaultWorkQueue('Root')::WorkerFunc - thread 0x1138b40 stopped.
15:43:59: DefaultWorkQueue('Root')::WorkerFunc - thread 0x11388d0 stopped.
15:43:59: Unregistering ResourceManager for type BspLevel
15:43:59: *-*-* OGRE Shutdown
15:43:59: Unregistering ResourceManager for type Compositor
15:43:59: Unregistering ResourceManager for type Font
15:43:59: Unregistering ResourceManager for type Skeleton
15:43:59: Unregistering ResourceManager for type Mesh
15:43:59: Unregistering ResourceManager for type HighLevelGpuProgram
15:43:59: Uninstalling plugin: Cg Program Manager
15:43:59: Plugin successfully uninstalled
15:43:59: Unloading library /usr/lib/OGRE/Plugin_CgProgramManager
15:43:59: Uninstalling plugin: BSP Scene Manager
15:43:59: Plugin successfully uninstalled
15:43:59: Unloading library /usr/lib/OGRE/Plugin_BSPSceneManager
15:43:59: Uninstalling plugin: ParticleFX
15:43:59: Plugin successfully uninstalled
15:43:59: Unloading library /usr/lib/OGRE/Plugin_ParticleFX
15:43:59: Uninstalling plugin: Octree & Terrain Scene Manager
15:43:59: Plugin successfully uninstalled
15:43:59: Unloading library /usr/lib/OGRE/Plugin_OctreeSceneManager
15:43:59: Uninstalling plugin: GL RenderSystem
